<?xml version="1.0" encoding="UTF-8"?>
<!-- Generated by org.testng.reporters.JUnitXMLReporter -->
<testsuite ignored="0" hostname="LAPTOP-O6UDEKEP" failures="1" tests="28" name="Default test" time="644.435" errors="0" timestamp="2022-07-15T08:38:21 ICT">
  <testcase classname="com.telemarket.test.EditDataTest" name="editDataTersambungBerhasilDownload" time="21.289"/>
  <testcase classname="com.telemarket.test.EditDataTest" name="editDataTersambungFollowUp" time="21.044"/>
  <testcase classname="com.telemarket.test.EditDataTest" name="testNewActivity_status_saveFollowUp" time="20.012"/>
  <testcase classname="com.telemarket.test.EditDataTest" name="testNewActivity_status_saveFollowUp" time="22.814"/>
  <testcase classname="com.telemarket.test.EditDataTest" name="testNewActivity_status_saveFollowUp" time="21.667"/>
  <testcase classname="com.telemarket.test.EditDataTest" name="testNewActivity_status_saveFollowUp" time="19.949"/>
  <testcase classname="com.telemarket.test.EditDataTest" name="testNewActivity_status_saveFollowUp" time="21.475"/>
  <testcase classname="com.telemarket.test.EditDataTest" name="testNewActivity_status_saveFollowUp" time="23.488"/>
  <testcase classname="com.telemarket.test.EditDataTest" name="testNewActivity_status_saveTolak" time="20.579"/>
  <testcase classname="com.telemarket.test.EditDataTest" name="testNewActivity_status_saveTolak" time="19.89"/>
  <testcase classname="com.telemarket.test.EditDataTest" name="testNewActivity_status_saveTolak" time="19.925"/>
  <testcase classname="com.telemarket.test.EditDataTest" name="testNewActivity_status_saveTolak" time="19.904"/>
  <testcase classname="com.telemarket.test.EditDataTest" name="testNewActivity_status_saveTolak" time="19.929"/>
  <testcase classname="com.telemarket.test.EditDataTest" name="testNewActivity_status_saveTolak" time="19.943"/>
  <testcase classname="com.telemarket.test.EditDataTest" name="testNewActivity_status_saveTolak" time="19.945"/>
  <testcase classname="com.telemarket.test.EditDataTest" name="testNewActivity_status_saveTolak" time="19.981"/>
  <testcase classname="com.telemarket.test.EditDataTest" name="testNewActivity_status_saveTolak" time="19.965"/>
  <testcase classname="com.telemarket.test.EditDataTest" name="testNewActivity_status_saveTolak" time="19.888"/>
  <testcase classname="com.telemarket.test.EditDataTest" name="testNewActivity_status_saveTolak" time="19.9"/>
  <testcase classname="com.telemarket.test.EditDataTest" name="testNewActivity_status_saveTolak" time="19.977"/>
  <testcase classname="com.telemarket.test.EditDataTest" name="testFollowUpActivity_status_invalid" time="19.953"/>
  <testcase classname="com.telemarket.test.EditDataTest" name="testFollowUpActivity_status_invalid" time="19.983"/>
  <testcase classname="com.telemarket.test.EditDataTest" name="testFollowUpActivity_status_invalid" time="19.93"/>
  <testcase classname="com.telemarket.test.EditDataTest" name="testFollowUpActivity_status_invalid" time="20.017"/>
  <testcase classname="com.telemarket.test.EditDataTest" name="testFollowUpActivity_status_invalid" time="19.91"/>
  <testcase classname="com.telemarket.test.EditDataTest" name="testFollowUpActivity_status_invalid" time="19.955"/>
  <testcase classname="com.telemarket.test.EditDataTest" name="testFollowUpActivity_status_invalid" time="19.936"/>
  <testcase classname="com.telemarket.test.EditDataTest" name="testNewActivity_status_resultBerhasil_reasonBerhasil" time="16.241">
    <failure type="org.openqa.selenium.ElementNotInteractableException" message="element not interactable
  (Session info: chrome=103.0.5060.114)
Build info: version: &amp;apos;4.0.0&amp;apos;, revision: &amp;apos;3a21814679&amp;apos;
System info: host: &amp;apos;LAPTOP-O6UDEKEP&amp;apos;, ip: &amp;apos;10.0.0.79&amp;apos;, os.name: &amp;apos;Windows 11&amp;apos;, os.arch: &amp;apos;amd64&amp;apos;, os.version: &amp;apos;10.0&amp;apos;, java.version: &amp;apos;11.0.15&amp;apos;
Driver info: org.openqa.selenium.chrome.ChromeDriver
Command: [20c41dd365d172b7afe5caaa8732b663, clickElement {id=453a9d3c-33fd-4cfd-b19c-32987e786944}]
Capabilities {acceptInsecureCerts: false, browserName: chrome, browserVersion: 103.0.5060.114, chrome: {chromedriverVersion: 102.0.5005.61 (0e59bcc00cc4..., userDataDir: C:\Users\Nexsoft\AppData\Lo...}, goog:chromeOptions: {debuggerAddress: localhost:52385}, javascriptEnabled: true, networkConnectionEnabled: false, pageLoadStrategy: normal, platform: WINDOWS, platformName: WINDOWS, proxy: Proxy(), se:cdp: ws://localhost:52385/devtoo..., se:cdpVersion: 103.0.5060.114, setWindowRect: true, strictFileInteractability: false, timeouts: {implicit: 0, pageLoad: 300000, script: 30000}, unhandledPromptBehavior: dismiss and notify, webauthn:extension:credBlob: true, webauthn:extension:largeBlob: true, webauthn:virtualAuthenticators: true}
Element: [[ChromeDriver: chrome on WINDOWS (20c41dd365d172b7afe5caaa8732b663)] -&amp;gt; xpath: /html/body/div[2]/div[2]/div[1]/div[2]/table/tbody/tr[1]/td[1]/div/div[1]/div[3]/div[2]/button]
Session ID: 20c41dd365d172b7afe5caaa8732b663">
      <![CDATA[org.openqa.selenium.ElementNotInteractableException: element not interactable
  (Session info: chrome=103.0.5060.114)
Build info: version: '4.0.0', revision: '3a21814679'
System info: host: 'LAPTOP-O6UDEKEP', ip: '10.0.0.79', os.name: 'Windows 11', os.arch: 'amd64', os.version: '10.0', java.version: '11.0.15'
Driver info: org.openqa.selenium.chrome.ChromeDriver
Command: [20c41dd365d172b7afe5caaa8732b663, clickElement {id=453a9d3c-33fd-4cfd-b19c-32987e786944}]
Capabilities {acceptInsecureCerts: false, browserName: chrome, browserVersion: 103.0.5060.114, chrome: {chromedriverVersion: 102.0.5005.61 (0e59bcc00cc4..., userDataDir: C:\Users\Nexsoft\AppData\Lo...}, goog:chromeOptions: {debuggerAddress: localhost:52385}, javascriptEnabled: true, networkConnectionEnabled: false, pageLoadStrategy: normal, platform: WINDOWS, platformName: WINDOWS, proxy: Proxy(), se:cdp: ws://localhost:52385/devtoo..., se:cdpVersion: 103.0.5060.114, setWindowRect: true, strictFileInteractability: false, timeouts: {implicit: 0, pageLoad: 300000, script: 30000}, unhandledPromptBehavior: dismiss and notify, webauthn:extension:credBlob: true, webauthn:extension:largeBlob: true, webauthn:virtualAuthenticators: true}
Element: [[ChromeDriver: chrome on WINDOWS (20c41dd365d172b7afe5caaa8732b663)] -> xpath: /html/body/div[2]/div[2]/div[1]/div[2]/table/tbody/tr[1]/td[1]/div/div[1]/div[3]/div[2]/button]
Session ID: 20c41dd365d172b7afe5caaa8732b663
at java.base/jdk.internal.reflect.NativeConstructorAccessorImpl.newInstance0(Native Method)
at java.base/jdk.internal.reflect.NativeConstructorAccessorImpl.newInstance(NativeConstructorAccessorImpl.java:62)
at java.base/jdk.internal.reflect.DelegatingConstructorAccessorImpl.newInstance(DelegatingConstructorAccessorImpl.java:45)
at java.base/java.lang.reflect.Constructor.newInstance(Constructor.java:490)
at org.openqa.selenium.remote.codec.w3c.W3CHttpResponseCodec.createException(W3CHttpResponseCodec.java:200)
at org.openqa.selenium.remote.codec.w3c.W3CHttpResponseCodec.decode(W3CHttpResponseCodec.java:133)
at org.openqa.selenium.remote.codec.w3c.W3CHttpResponseCodec.decode(W3CHttpResponseCodec.java:53)
at org.openqa.selenium.remote.HttpCommandExecutor.execute(HttpCommandExecutor.java:184)
at org.openqa.selenium.remote.service.DriverCommandExecutor.invokeExecute(DriverCommandExecutor.java:164)
at org.openqa.selenium.remote.service.DriverCommandExecutor.execute(DriverCommandExecutor.java:139)
at org.openqa.selenium.remote.RemoteWebDriver.execute(RemoteWebDriver.java:559)
at org.openqa.selenium.remote.RemoteWebElement.execute(RemoteWebElement.java:251)
at org.openqa.selenium.remote.RemoteWebElement.click(RemoteWebElement.java:77)
at jdk.internal.reflect.GeneratedMethodAccessor1.invoke(Unknown Source)
at java.base/jdk.internal.reflect.DelegatingMethodAccessorImpl.invoke(DelegatingMethodAccessorImpl.java:43)
at java.base/java.lang.reflect.Method.invoke(Method.java:566)
at org.openqa.selenium.support.pagefactory.internal.LocatingElementHandler.invoke(LocatingElementHandler.java:52)
at com.sun.proxy.$Proxy16.click(Unknown Source)
at com.telemarket.pom.page.Dashboard.clickDataAgree(Dashboard.java:84)
at com.telemarket.test.EditDataTest.testNewActivity_status_resultBerhasil_reasonBerhasil(EditDataTest.java:356)
at java.base/jdk.internal.reflect.NativeMethodAccessorImpl.invoke0(Native Method)
at java.base/jdk.internal.reflect.NativeMethodAccessorImpl.invoke(NativeMethodAccessorImpl.java:62)
at java.base/jdk.internal.reflect.DelegatingMethodAccessorImpl.invoke(DelegatingMethodAccessorImpl.java:43)
at java.base/java.lang.reflect.Method.invoke(Method.java:566)
at org.testng.internal.invokers.MethodInvocationHelper.invokeMethod(MethodInvocationHelper.java:139)
at org.testng.internal.invokers.TestInvoker.invokeMethod(TestInvoker.java:677)
at org.testng.internal.invokers.TestInvoker.invokeTestMethod(TestInvoker.java:221)
at org.testng.internal.invokers.MethodRunner.runInSequence(MethodRunner.java:50)
at org.testng.internal.invokers.TestInvoker$MethodInvocationAgent.invoke(TestInvoker.java:962)
at org.testng.internal.invokers.TestInvoker.invokeTestMethods(TestInvoker.java:194)
at org.testng.internal.invokers.TestMethodWorker.invokeTestMethods(TestMethodWorker.java:148)
at org.testng.internal.invokers.TestMethodWorker.run(TestMethodWorker.java:128)
at java.base/java.util.ArrayList.forEach(ArrayList.java:1541)
at org.testng.TestRunner.privateRun(TestRunner.java:806)
at org.testng.TestRunner.run(TestRunner.java:601)
at org.testng.SuiteRunner.runTest(SuiteRunner.java:433)
at org.testng.SuiteRunner.runSequentially(SuiteRunner.java:427)
at org.testng.SuiteRunner.privateRun(SuiteRunner.java:387)
at org.testng.SuiteRunner.run(SuiteRunner.java:330)
at org.testng.SuiteRunnerWorker.runSuite(SuiteRunnerWorker.java:52)
at org.testng.SuiteRunnerWorker.run(SuiteRunnerWorker.java:95)
at org.testng.TestNG.runSuitesSequentially(TestNG.java:1256)
at org.testng.TestNG.runSuitesLocally(TestNG.java:1176)
at org.testng.TestNG.runSuites(TestNG.java:1099)
at org.testng.TestNG.run(TestNG.java:1067)
at org.testng.remote.AbstractRemoteTestNG.run(AbstractRemoteTestNG.java:115)
at org.testng.remote.RemoteTestNG.initAndRun(RemoteTestNG.java:251)
at org.testng.remote.RemoteTestNG.main(RemoteTestNG.java:77)
]]>
    </failure>
  </testcase> <!-- testNewActivity_status_resultBerhasil_reasonBerhasil -->
</testsuite> <!-- Default test -->
