<!DOCTYPE html PUBLIC "-//W3C//DTD XHTML 1.1//EN" "https://www.w3.org/TR/xhtml11/DTD/xhtml11.dtd">
<html xmlns="https://www.w3.org/1999/xhtml">
<head>
<meta http-equiv="content-type" content="text/html; charset=UTF-8"/>
<title>TestNG Report</title>
<style type="text/css">table {margin-bottom:10px;border-collapse:collapse;empty-cells:show}th,td {border:1px solid #009;padding:.25em .5em}th {vertical-align:bottom}td {vertical-align:top}table a {font-weight:bold}.stripe td {background-color: #E6EBF9}.num {text-align:right}.passedodd td {background-color: #3F3}.passedeven td {background-color: #0A0}.skippedodd td {background-color: #DDD}.skippedeven td {background-color: #CCC}.failedodd td,.attn {background-color: #F33}.failedeven td,.stripe .attn {background-color: #D00}.stacktrace {white-space:pre;font-family:monospace}.totop {font-size:85%;text-align:center;border-bottom:2px solid #000}.invisible {display:none}</style>
</head>
<body>
<table>
<tr><th>Test</th><th># Passed</th><th># Skipped</th><th># Retried</th><th># Failed</th><th>Time (ms)</th><th>Included Groups</th><th>Excluded Groups</th></tr>
<tr><th colspan="8">Default suite</th></tr>
<tr><td><a href="#t0">Default test</a></td><td class="num">67</td><td class="num">0</td><td class="num">0</td><td class="num attn">19</td><td class="num">2.242.872</td><td></td><td></td></tr>
</table>
<table id='summary'><thead><tr><th>Class</th><th>Method</th><th>Start</th><th>Time (ms)</th></tr></thead><tbody><tr><th colspan="4">Default suite</th></tr></tbody><tbody id="t0"><tr><th colspan="4">Default test &#8212; failed</th></tr><tr class="failedeven"><td rowspan="19">com.telemarket.task.test.TLMKT_TestDataAll</td><td><a href="#m0">testDataAllActivity_statusWA_invalid</a></td><td rowspan="1">1657766176731</td><td rowspan="1">4929</td></tr><tr class="failedeven"><td><a href="#m1">testDataAllActivity_statusWA_resultBerhasil_reasonBerhasil</a></td><td rowspan="1">1657765975466</td><td rowspan="1">22239</td></tr><tr class="failedeven"><td><a href="#m2">testDataAllActivity_status_empty</a></td><td rowspan="3">1657766320650</td><td rowspan="3">4863</td></tr><tr class="failedeven"><td><a href="#m3">testDataAllActivity_status_empty</a></td></tr><tr class="failedeven"><td><a href="#m4">testDataAllActivity_status_empty</a></td></tr><tr class="failedeven"><td><a href="#m5">testDataAllActivity_status_invalid</a></td><td rowspan="7">1657766033926</td><td rowspan="7">1520</td></tr><tr class="failedeven"><td><a href="#m6">testDataAllActivity_status_invalid</a></td></tr><tr class="failedeven"><td><a href="#m7">testDataAllActivity_status_invalid</a></td></tr><tr class="failedeven"><td><a href="#m8">testDataAllActivity_status_invalid</a></td></tr><tr class="failedeven"><td><a href="#m9">testDataAllActivity_status_invalid</a></td></tr><tr class="failedeven"><td><a href="#m10">testDataAllActivity_status_invalid</a></td></tr><tr class="failedeven"><td><a href="#m11">testDataAllActivity_status_invalid</a></td></tr><tr class="failedeven"><td><a href="#m12">testDataAllActivity_status_resultBerhasil_reasonBerhasil</a></td><td rowspan="1">1657765962764</td><td rowspan="1">9773</td></tr><tr class="failedeven"><td><a href="#m13">testDataAllActivity_status_saveAgree</a></td><td rowspan="3">1657764756296</td><td rowspan="3">25198</td></tr><tr class="failedeven"><td><a href="#m14">testDataAllActivity_status_saveAgree</a></td></tr><tr class="failedeven"><td><a href="#m15">testDataAllActivity_status_saveAgree</a></td></tr><tr class="failedeven"><td><a href="#m16">testDataAllActivity_status_saveFollowUp</a></td><td rowspan="1">1657764877514</td><td rowspan="1">9081</td></tr><tr class="failedeven"><td><a href="#m17">testDataAllActivity_status_saveTolak_whatsapp</a></td><td rowspan="2">1657765791440</td><td rowspan="2">10208</td></tr><tr class="failedeven"><td><a href="#m18">testDataAllActivity_status_saveTolak_whatsapp</a></td></tr><tr><th colspan="4">Default test &#8212; passed</th></tr><tr class="passedeven"><td rowspan="67">com.telemarket.task.test.TLMKT_TestDataAll</td><td><a href="#m19">testAll_clickTable_gotoActivity</a></td><td rowspan="1">1657764318429</td><td rowspan="1">31628</td></tr><tr class="passedeven"><td><a href="#m20">testDataAllActivity_phoneSelect_phoneAddCancel</a></td><td rowspan="1">1657764375644</td><td rowspan="1">13930</td></tr><tr class="passedeven"><td><a href="#m21">testDataAllActivity_phoneSelect_phoneAdd_invalid</a></td><td rowspan="2">1657764430198</td><td rowspan="2">15925</td></tr><tr class="passedeven"><td><a href="#m22">testDataAllActivity_phoneSelect_phoneAdd_invalid</a></td></tr><tr class="passedeven"><td><a href="#m23">testDataAllActivity_phoneSelect_phoneAdd_valid</a></td><td rowspan="1">1657764392748</td><td rowspan="1">15040</td></tr><tr class="passedeven"><td><a href="#m24">testDataAllActivity_sendWA_validPhone_validMsg</a></td><td rowspan="8">1657764617438</td><td rowspan="8">21149</td></tr><tr class="passedeven"><td><a href="#m25">testDataAllActivity_sendWA_validPhone_validMsg</a></td></tr><tr class="passedeven"><td><a href="#m26">testDataAllActivity_sendWA_validPhone_validMsg</a></td></tr><tr class="passedeven"><td><a href="#m27">testDataAllActivity_sendWA_validPhone_validMsg</a></td></tr><tr class="passedeven"><td><a href="#m28">testDataAllActivity_sendWA_validPhone_validMsg</a></td></tr><tr class="passedeven"><td><a href="#m29">testDataAllActivity_sendWA_validPhone_validMsg</a></td></tr><tr class="passedeven"><td><a href="#m30">testDataAllActivity_sendWA_validPhone_validMsg</a></td></tr><tr class="passedeven"><td><a href="#m31">testDataAllActivity_sendWA_validPhone_validMsg</a></td></tr><tr class="passedeven"><td><a href="#m32">testDataAllActivity_statusWA_invalid</a></td><td rowspan="6">1657766195492</td><td rowspan="6">26371</td></tr><tr class="passedeven"><td><a href="#m33">testDataAllActivity_statusWA_invalid</a></td></tr><tr class="passedeven"><td><a href="#m34">testDataAllActivity_statusWA_invalid</a></td></tr><tr class="passedeven"><td><a href="#m35">testDataAllActivity_statusWA_invalid</a></td></tr><tr class="passedeven"><td><a href="#m36">testDataAllActivity_statusWA_invalid</a></td></tr><tr class="passedeven"><td><a href="#m37">testDataAllActivity_statusWA_invalid</a></td></tr><tr class="passedeven"><td><a href="#m38">testDataAllActivity_status_empty</a></td><td rowspan="1">1657766328144</td><td rowspan="1">16351</td></tr><tr class="passedeven"><td><a href="#m39">testDataAllActivity_status_saveAgree</a></td><td rowspan="1">1657764682915</td><td rowspan="1">30289</td></tr><tr class="passedeven"><td><a href="#m40">testDataAllActivity_status_saveFollowUp</a></td><td rowspan="11">1657765107934</td><td rowspan="11">28294</td></tr><tr class="passedeven"><td><a href="#m41">testDataAllActivity_status_saveFollowUp</a></td></tr><tr class="passedeven"><td><a href="#m42">testDataAllActivity_status_saveFollowUp</a></td></tr><tr class="passedeven"><td><a href="#m43">testDataAllActivity_status_saveFollowUp</a></td></tr><tr class="passedeven"><td><a href="#m44">testDataAllActivity_status_saveFollowUp</a></td></tr><tr class="passedeven"><td><a href="#m45">testDataAllActivity_status_saveFollowUp</a></td></tr><tr class="passedeven"><td><a href="#m46">testDataAllActivity_status_saveFollowUp</a></td></tr><tr class="passedeven"><td><a href="#m47">testDataAllActivity_status_saveFollowUp</a></td></tr><tr class="passedeven"><td><a href="#m48">testDataAllActivity_status_saveFollowUp</a></td></tr><tr class="passedeven"><td><a href="#m49">testDataAllActivity_status_saveFollowUp</a></td></tr><tr class="passedeven"><td><a href="#m50">testDataAllActivity_status_saveFollowUp</a></td></tr><tr class="passedeven"><td><a href="#m51">testDataAllActivity_status_saveTolak</a></td><td rowspan="12">1657765283712</td><td rowspan="12">33554</td></tr><tr class="passedeven"><td><a href="#m52">testDataAllActivity_status_saveTolak</a></td></tr><tr class="passedeven"><td><a href="#m53">testDataAllActivity_status_saveTolak</a></td></tr><tr class="passedeven"><td><a href="#m54">testDataAllActivity_status_saveTolak</a></td></tr><tr class="passedeven"><td><a href="#m55">testDataAllActivity_status_saveTolak</a></td></tr><tr class="passedeven"><td><a href="#m56">testDataAllActivity_status_saveTolak</a></td></tr><tr class="passedeven"><td><a href="#m57">testDataAllActivity_status_saveTolak</a></td></tr><tr class="passedeven"><td><a href="#m58">testDataAllActivity_status_saveTolak</a></td></tr><tr class="passedeven"><td><a href="#m59">testDataAllActivity_status_saveTolak</a></td></tr><tr class="passedeven"><td><a href="#m60">testDataAllActivity_status_saveTolak</a></td></tr><tr class="passedeven"><td><a href="#m61">testDataAllActivity_status_saveTolak</a></td></tr><tr class="passedeven"><td><a href="#m62">testDataAllActivity_status_saveTolak</a></td></tr><tr class="passedeven"><td><a href="#m63">testDataAllActivity_status_saveTolak_whatsapp</a></td><td rowspan="10">1657765816936</td><td rowspan="10">33414</td></tr><tr class="passedeven"><td><a href="#m64">testDataAllActivity_status_saveTolak_whatsapp</a></td></tr><tr class="passedeven"><td><a href="#m65">testDataAllActivity_status_saveTolak_whatsapp</a></td></tr><tr class="passedeven"><td><a href="#m66">testDataAllActivity_status_saveTolak_whatsapp</a></td></tr><tr class="passedeven"><td><a href="#m67">testDataAllActivity_status_saveTolak_whatsapp</a></td></tr><tr class="passedeven"><td><a href="#m68">testDataAllActivity_status_saveTolak_whatsapp</a></td></tr><tr class="passedeven"><td><a href="#m69">testDataAllActivity_status_saveTolak_whatsapp</a></td></tr><tr class="passedeven"><td><a href="#m70">testDataAllActivity_status_saveTolak_whatsapp</a></td></tr><tr class="passedeven"><td><a href="#m71">testDataAllActivity_status_saveTolak_whatsapp</a></td></tr><tr class="passedeven"><td><a href="#m72">testDataAllActivity_status_saveTolak_whatsapp</a></td></tr><tr class="passedeven"><td><a href="#m73">testDataAllActivity_status_valid</a></td><td rowspan="2">1657764662341</td><td rowspan="2">17812</td></tr><tr class="passedeven"><td><a href="#m74">testDataAllActivity_status_valid</a></td></tr><tr class="passedeven"><td><a href="#m75">test_all_export_data</a></td><td rowspan="1">1657764300873</td><td rowspan="1">14438</td></tr><tr class="passedeven"><td><a href="#m76">test_all_search_agent</a></td><td rowspan="1">1657764188184</td><td rowspan="1">14292</td></tr><tr class="passedeven"><td><a href="#m77">test_all_search_agent_status</a></td><td rowspan="1">1657764263812</td><td rowspan="1">15426</td></tr><tr class="passedeven"><td><a href="#m78">test_all_search_clickGreen</a></td><td rowspan="1">1657764356498</td><td rowspan="1">16324</td></tr><tr class="passedeven"><td><a href="#m79">test_all_search_customer_agent</a></td><td rowspan="1">1657764222082</td><td rowspan="1">15579</td></tr><tr class="passedeven"><td><a href="#m80">test_all_search_customer_agent_status</a></td><td rowspan="1">1657764281620</td><td rowspan="1">16866</td></tr><tr class="passedeven"><td><a href="#m81">test_all_search_customer_status</a></td><td rowspan="1">1657764244148</td><td rowspan="1">15606</td></tr><tr class="passedeven"><td><a href="#m82">test_all_search_empty_and_unusual</a></td><td rowspan="2">1657764146310</td><td rowspan="2">16344</td></tr><tr class="passedeven"><td><a href="#m83">test_all_search_empty_and_unusual</a></td></tr><tr class="passedeven"><td><a href="#m84">test_all_search_status</a></td><td rowspan="1">1657764205144</td><td rowspan="1">14427</td></tr><tr class="passedeven"><td><a href="#m85">test_all_search_valid</a></td><td rowspan="1">1657764125545</td><td rowspan="1">17845</td></tr></tbody>
</table>
<h2>Default test</h2><h3 id="m0">com.telemarket.task.test.TLMKT_TestDataAll#testDataAllActivity_statusWA_invalid</h3><table class="result"><tr class="param"><th>Parameter #1</th><th>Parameter #2</th><th>Parameter #3</th><th>Parameter #4</th><th>Parameter #5</th><th>Parameter #6</th></tr><tr class="param stripe"><td>Grand Am</td><td>Whatsapp</td><td>Tersambung</td><td>Tidak Diangkat</td><td>Tidak Diangkat</td><td>Tidak Diangkat</td></tr><tr><th colspan="6">Exception</th></tr><tr><td colspan="6"><div class="stacktrace">org.openqa.selenium.NoSuchElementException: no such element: Unable to locate element: {&quot;method&quot;:&quot;css selector&quot;,&quot;selector&quot;:&quot;#tl_all_data\-\-53023_text&quot;}
  (Session info: chrome=103.0.5060.114)
For documentation on this error, please visit: https://selenium.dev/exceptions/#no_such_element
Build info: version: &apos;4.0.0&apos;, revision: &apos;3a21814679&apos;
System info: host: &apos;DESKTOP-0MGR9KI&apos;, ip: &apos;10.0.0.221&apos;, os.name: &apos;Windows 11&apos;, os.arch: &apos;amd64&apos;, os.version: &apos;10.0&apos;, java.version: &apos;17.0.2&apos;
Driver info: org.openqa.selenium.chrome.ChromeDriver
Command: [d0dde3d5bcefbb5e784f7b10e7363bc5, findElement {using=id, value=tl_all_data--53023_text}]
Capabilities {acceptInsecureCerts: false, browserName: chrome, browserVersion: 103.0.5060.114, chrome: {chromedriverVersion: 102.0.5005.61 (0e59bcc00cc4..., userDataDir: C:\Users\nexsoft\AppData\Lo...}, goog:chromeOptions: {debuggerAddress: localhost:61378}, javascriptEnabled: true, networkConnectionEnabled: false, pageLoadStrategy: normal, platform: WINDOWS, platformName: WINDOWS, proxy: Proxy(), se:cdp: ws://localhost:61378/devtoo..., se:cdpVersion: 103.0.5060.114, setWindowRect: true, strictFileInteractability: false, timeouts: {implicit: 0, pageLoad: 300000, script: 30000}, unhandledPromptBehavior: dismiss and notify, webauthn:extension:credBlob: true, webauthn:extension:largeBlob: true, webauthn:virtualAuthenticators: true}
Session ID: d0dde3d5bcefbb5e784f7b10e7363bc5
	at java.base/jdk.internal.reflect.NativeConstructorAccessorImpl.newInstance0(Native Method)
	at java.base/jdk.internal.reflect.NativeConstructorAccessorImpl.newInstance(NativeConstructorAccessorImpl.java:77)
	at java.base/jdk.internal.reflect.DelegatingConstructorAccessorImpl.newInstance(DelegatingConstructorAccessorImpl.java:45)
	at java.base/java.lang.reflect.Constructor.newInstanceWithCaller(Constructor.java:499)
	at java.base/java.lang.reflect.Constructor.newInstance(Constructor.java:480)
	at org.openqa.selenium.remote.codec.w3c.W3CHttpResponseCodec.createException(W3CHttpResponseCodec.java:200)
	at org.openqa.selenium.remote.codec.w3c.W3CHttpResponseCodec.decode(W3CHttpResponseCodec.java:133)
	at org.openqa.selenium.remote.codec.w3c.W3CHttpResponseCodec.decode(W3CHttpResponseCodec.java:53)
	at org.openqa.selenium.remote.HttpCommandExecutor.execute(HttpCommandExecutor.java:184)
	at org.openqa.selenium.remote.service.DriverCommandExecutor.invokeExecute(DriverCommandExecutor.java:164)
	at org.openqa.selenium.remote.service.DriverCommandExecutor.execute(DriverCommandExecutor.java:139)
	at org.openqa.selenium.remote.RemoteWebDriver.execute(RemoteWebDriver.java:559)
	at org.openqa.selenium.remote.ElementLocation$ElementFinder$2.findElement(ElementLocation.java:162)
	at org.openqa.selenium.remote.ElementLocation.findElement(ElementLocation.java:60)
	at org.openqa.selenium.remote.RemoteWebDriver.findElement(RemoteWebDriver.java:383)
	at org.openqa.selenium.remote.RemoteWebDriver.findElement(RemoteWebDriver.java:375)
	at org.openqa.selenium.support.pagefactory.DefaultElementLocator.findElement(DefaultElementLocator.java:70)
	at org.openqa.selenium.support.pagefactory.internal.LocatingElementHandler.invoke(LocatingElementHandler.java:39)
	at jdk.proxy2/jdk.proxy2.$Proxy18.clear(Unknown Source)
	at com.telemarket.task.pom.TaskDataAllPage.setSearchAll(TaskDataAllPage.java:35)
	at com.telemarket.task.test.TLMKT_TestDataAll.testDataAllActivity_statusWA_invalid(TLMKT_TestDataAll.java:1155)
	at java.base/jdk.internal.reflect.NativeMethodAccessorImpl.invoke0(Native Method)
	at java.base/jdk.internal.reflect.NativeMethodAccessorImpl.invoke(NativeMethodAccessorImpl.java:77)
	at java.base/jdk.internal.reflect.DelegatingMethodAccessorImpl.invoke(DelegatingMethodAccessorImpl.java:43)
	at java.base/java.lang.reflect.Method.invoke(Method.java:568)
	at org.testng.internal.invokers.MethodInvocationHelper.invokeMethod(MethodInvocationHelper.java:139)
	at org.testng.internal.invokers.TestInvoker.invokeMethod(TestInvoker.java:677)
	at org.testng.internal.invokers.TestInvoker.invokeTestMethod(TestInvoker.java:221)
	at org.testng.internal.invokers.MethodRunner.runInSequence(MethodRunner.java:50)
	at org.testng.internal.invokers.TestInvoker$MethodInvocationAgent.invoke(TestInvoker.java:962)
	at org.testng.internal.invokers.TestInvoker.invokeTestMethods(TestInvoker.java:194)
	at org.testng.internal.invokers.TestMethodWorker.invokeTestMethods(TestMethodWorker.java:148)
	at org.testng.internal.invokers.TestMethodWorker.run(TestMethodWorker.java:128)
	at java.base/java.util.ArrayList.forEach(ArrayList.java:1511)
	at org.testng.TestRunner.privateRun(TestRunner.java:806)
	at org.testng.TestRunner.run(TestRunner.java:601)
	at org.testng.SuiteRunner.runTest(SuiteRunner.java:433)
	at org.testng.SuiteRunner.runSequentially(SuiteRunner.java:427)
	at org.testng.SuiteRunner.privateRun(SuiteRunner.java:387)
	at org.testng.SuiteRunner.run(SuiteRunner.java:330)
	at org.testng.SuiteRunnerWorker.runSuite(SuiteRunnerWorker.java:52)
	at org.testng.SuiteRunnerWorker.run(SuiteRunnerWorker.java:95)
	at org.testng.TestNG.runSuitesSequentially(TestNG.java:1256)
	at org.testng.TestNG.runSuitesLocally(TestNG.java:1176)
	at org.testng.TestNG.runSuites(TestNG.java:1099)
	at org.testng.TestNG.run(TestNG.java:1067)
	at org.testng.remote.AbstractRemoteTestNG.run(AbstractRemoteTestNG.java:115)
	at org.testng.remote.RemoteTestNG.initAndRun(RemoteTestNG.java:251)
	at org.testng.remote.RemoteTestNG.main(RemoteTestNG.java:77)
</div></td></tr></table><p class="totop"><a href="#summary">back to summary</a></p>
<h3 id="m1">com.telemarket.task.test.TLMKT_TestDataAll#testDataAllActivity_statusWA_resultBerhasil_reasonBerhasil</h3><table class="result"><tr><th>Messages</th></tr><tr><td><div class="messages"><img src='file://D:\selenium-workspace\TLMKT\TELEMARKETING\hasilScreenshot\20220714_093316.png'height="450" width="1017"/></div></td></tr><tr><th>Exception</th></tr><tr><td><div class="stacktrace">java.lang.AssertionError: expected [true] but found [false]
	at org.testng.Assert.fail(Assert.java:110)
	at org.testng.Assert.failNotEquals(Assert.java:1413)
	at org.testng.Assert.assertTrue(Assert.java:56)
	at org.testng.Assert.assertTrue(Assert.java:66)
	at com.telemarket.task.test.TLMKT_TestDataAll.verifyDataInTable(TLMKT_TestDataAll.java:108)
	at com.telemarket.task.test.TLMKT_TestDataAll.testDataAllActivity_statusWA_resultBerhasil_reasonBerhasil(TLMKT_TestDataAll.java:1066)
	at java.base/jdk.internal.reflect.NativeMethodAccessorImpl.invoke0(Native Method)
	at java.base/jdk.internal.reflect.NativeMethodAccessorImpl.invoke(NativeMethodAccessorImpl.java:77)
	at java.base/jdk.internal.reflect.DelegatingMethodAccessorImpl.invoke(DelegatingMethodAccessorImpl.java:43)
	at java.base/java.lang.reflect.Method.invoke(Method.java:568)
	at org.testng.internal.invokers.MethodInvocationHelper.invokeMethod(MethodInvocationHelper.java:139)
	at org.testng.internal.invokers.TestInvoker.invokeMethod(TestInvoker.java:677)
	at org.testng.internal.invokers.TestInvoker.invokeTestMethod(TestInvoker.java:221)
	at org.testng.internal.invokers.MethodRunner.runInSequence(MethodRunner.java:50)
	at org.testng.internal.invokers.TestInvoker$MethodInvocationAgent.invoke(TestInvoker.java:962)
	at org.testng.internal.invokers.TestInvoker.invokeTestMethods(TestInvoker.java:194)
	at org.testng.internal.invokers.TestMethodWorker.invokeTestMethods(TestMethodWorker.java:148)
	at org.testng.internal.invokers.TestMethodWorker.run(TestMethodWorker.java:128)
	at java.base/java.util.ArrayList.forEach(ArrayList.java:1511)
	at org.testng.TestRunner.privateRun(TestRunner.java:806)
	at org.testng.TestRunner.run(TestRunner.java:601)
	at org.testng.SuiteRunner.runTest(SuiteRunner.java:433)
	at org.testng.SuiteRunner.runSequentially(SuiteRunner.java:427)
	at org.testng.SuiteRunner.privateRun(SuiteRunner.java:387)
	at org.testng.SuiteRunner.run(SuiteRunner.java:330)
	at org.testng.SuiteRunnerWorker.runSuite(SuiteRunnerWorker.java:52)
	at org.testng.SuiteRunnerWorker.run(SuiteRunnerWorker.java:95)
	at org.testng.TestNG.runSuitesSequentially(TestNG.java:1256)
	at org.testng.TestNG.runSuitesLocally(TestNG.java:1176)
	at org.testng.TestNG.runSuites(TestNG.java:1099)
	at org.testng.TestNG.run(TestNG.java:1067)
	at org.testng.remote.AbstractRemoteTestNG.run(AbstractRemoteTestNG.java:115)
	at org.testng.remote.RemoteTestNG.initAndRun(RemoteTestNG.java:251)
	at org.testng.remote.RemoteTestNG.main(RemoteTestNG.java:77)
</div></td></tr></table><p class="totop"><a href="#summary">back to summary</a></p>
<h3 id="m2">com.telemarket.task.test.TLMKT_TestDataAll#testDataAllActivity_status_empty</h3><table class="result"><tr class="param"><th>Parameter #1</th><th>Parameter #2</th><th>Parameter #3</th><th>Parameter #4</th><th>Parameter #5</th><th>Parameter #6</th></tr><tr class="param stripe"><td>Dakota Club</td><td>Whatsapp</td><td>Tersambung</td><td></td><td></td><td></td></tr><tr><th colspan="6">Exception</th></tr><tr><td colspan="6"><div class="stacktrace">org.openqa.selenium.NoSuchElementException: no such element: Unable to locate element: {&quot;method&quot;:&quot;css selector&quot;,&quot;selector&quot;:&quot;#tl_all_data\-\-53023_text&quot;}
  (Session info: chrome=103.0.5060.114)
For documentation on this error, please visit: https://selenium.dev/exceptions/#no_such_element
Build info: version: &apos;4.0.0&apos;, revision: &apos;3a21814679&apos;
System info: host: &apos;DESKTOP-0MGR9KI&apos;, ip: &apos;10.0.0.221&apos;, os.name: &apos;Windows 11&apos;, os.arch: &apos;amd64&apos;, os.version: &apos;10.0&apos;, java.version: &apos;17.0.2&apos;
Driver info: org.openqa.selenium.chrome.ChromeDriver
Command: [25e2f474cadea84be2e1dfb0f0ac5ae1, findElement {using=id, value=tl_all_data--53023_text}]
Capabilities {acceptInsecureCerts: false, browserName: chrome, browserVersion: 103.0.5060.114, chrome: {chromedriverVersion: 102.0.5005.61 (0e59bcc00cc4..., userDataDir: C:\Users\nexsoft\AppData\Lo...}, goog:chromeOptions: {debuggerAddress: localhost:61556}, javascriptEnabled: true, networkConnectionEnabled: false, pageLoadStrategy: normal, platform: WINDOWS, platformName: WINDOWS, proxy: Proxy(), se:cdp: ws://localhost:61556/devtoo..., se:cdpVersion: 103.0.5060.114, setWindowRect: true, strictFileInteractability: false, timeouts: {implicit: 0, pageLoad: 300000, script: 30000}, unhandledPromptBehavior: dismiss and notify, webauthn:extension:credBlob: true, webauthn:extension:largeBlob: true, webauthn:virtualAuthenticators: true}
Session ID: 25e2f474cadea84be2e1dfb0f0ac5ae1
	at java.base/jdk.internal.reflect.NativeConstructorAccessorImpl.newInstance0(Native Method)
	at java.base/jdk.internal.reflect.NativeConstructorAccessorImpl.newInstance(NativeConstructorAccessorImpl.java:77)
	at java.base/jdk.internal.reflect.DelegatingConstructorAccessorImpl.newInstance(DelegatingConstructorAccessorImpl.java:45)
	at java.base/java.lang.reflect.Constructor.newInstanceWithCaller(Constructor.java:499)
	at java.base/java.lang.reflect.Constructor.newInstance(Constructor.java:480)
	at org.openqa.selenium.remote.codec.w3c.W3CHttpResponseCodec.createException(W3CHttpResponseCodec.java:200)
	at org.openqa.selenium.remote.codec.w3c.W3CHttpResponseCodec.decode(W3CHttpResponseCodec.java:133)
	at org.openqa.selenium.remote.codec.w3c.W3CHttpResponseCodec.decode(W3CHttpResponseCodec.java:53)
	at org.openqa.selenium.remote.HttpCommandExecutor.execute(HttpCommandExecutor.java:184)
	at org.openqa.selenium.remote.service.DriverCommandExecutor.invokeExecute(DriverCommandExecutor.java:164)
	at org.openqa.selenium.remote.service.DriverCommandExecutor.execute(DriverCommandExecutor.java:139)
	at org.openqa.selenium.remote.RemoteWebDriver.execute(RemoteWebDriver.java:559)
	at org.openqa.selenium.remote.ElementLocation$ElementFinder$2.findElement(ElementLocation.java:162)
	at org.openqa.selenium.remote.ElementLocation.findElement(ElementLocation.java:60)
	at org.openqa.selenium.remote.RemoteWebDriver.findElement(RemoteWebDriver.java:383)
	at org.openqa.selenium.remote.RemoteWebDriver.findElement(RemoteWebDriver.java:375)
	at org.openqa.selenium.support.pagefactory.DefaultElementLocator.findElement(DefaultElementLocator.java:70)
	at org.openqa.selenium.support.pagefactory.internal.LocatingElementHandler.invoke(LocatingElementHandler.java:39)
	at jdk.proxy2/jdk.proxy2.$Proxy18.clear(Unknown Source)
	at com.telemarket.task.pom.TaskDataAllPage.setSearchAll(TaskDataAllPage.java:35)
	at com.telemarket.task.test.TLMKT_TestDataAll.testDataAllActivity_status_empty(TLMKT_TestDataAll.java:1208)
	at java.base/jdk.internal.reflect.NativeMethodAccessorImpl.invoke0(Native Method)
	at java.base/jdk.internal.reflect.NativeMethodAccessorImpl.invoke(NativeMethodAccessorImpl.java:77)
	at java.base/jdk.internal.reflect.DelegatingMethodAccessorImpl.invoke(DelegatingMethodAccessorImpl.java:43)
	at java.base/java.lang.reflect.Method.invoke(Method.java:568)
	at org.testng.internal.invokers.MethodInvocationHelper.invokeMethod(MethodInvocationHelper.java:139)
	at org.testng.internal.invokers.TestInvoker.invokeMethod(TestInvoker.java:677)
	at org.testng.internal.invokers.TestInvoker.invokeTestMethod(TestInvoker.java:221)
	at org.testng.internal.invokers.MethodRunner.runInSequence(MethodRunner.java:50)
	at org.testng.internal.invokers.TestInvoker$MethodInvocationAgent.invoke(TestInvoker.java:962)
	at org.testng.internal.invokers.TestInvoker.invokeTestMethods(TestInvoker.java:194)
	at org.testng.internal.invokers.TestMethodWorker.invokeTestMethods(TestMethodWorker.java:148)
	at org.testng.internal.invokers.TestMethodWorker.run(TestMethodWorker.java:128)
	at java.base/java.util.ArrayList.forEach(ArrayList.java:1511)
	at org.testng.TestRunner.privateRun(TestRunner.java:806)
	at org.testng.TestRunner.run(TestRunner.java:601)
	at org.testng.SuiteRunner.runTest(SuiteRunner.java:433)
	at org.testng.SuiteRunner.runSequentially(SuiteRunner.java:427)
	at org.testng.SuiteRunner.privateRun(SuiteRunner.java:387)
	at org.testng.SuiteRunner.run(SuiteRunner.java:330)
	at org.testng.SuiteRunnerWorker.runSuite(SuiteRunnerWorker.java:52)
	at org.testng.SuiteRunnerWorker.run(SuiteRunnerWorker.java:95)
	at org.testng.TestNG.runSuitesSequentially(TestNG.java:1256)
	at org.testng.TestNG.runSuitesLocally(TestNG.java:1176)
	at org.testng.TestNG.runSuites(TestNG.java:1099)
	at org.testng.TestNG.run(TestNG.java:1067)
	at org.testng.remote.AbstractRemoteTestNG.run(AbstractRemoteTestNG.java:115)
	at org.testng.remote.RemoteTestNG.initAndRun(RemoteTestNG.java:251)
	at org.testng.remote.RemoteTestNG.main(RemoteTestNG.java:77)
</div></td></tr></table><p class="totop"><a href="#summary">back to summary</a></p>
<h3 id="m3">com.telemarket.task.test.TLMKT_TestDataAll#testDataAllActivity_status_empty</h3><table class="result"><tr class="param"><th>Parameter #1</th><th>Parameter #2</th><th>Parameter #3</th><th>Parameter #4</th><th>Parameter #5</th><th>Parameter #6</th></tr><tr class="param stripe"><td>Dakota Club</td><td>Whatsapp</td><td>Tersambung</td><td>Diangkat</td><td>Setuju</td><td></td></tr><tr><th colspan="6">Messages</th></tr><tr><td colspan="6"><div class="messages"><img src='file://D:\selenium-workspace\TLMKT\TELEMARKETING\hasilScreenshot\20220714_093922.png'height="450" width="1017"/></div></td></tr><tr><th colspan="6">Exception</th></tr><tr><td colspan="6"><div class="stacktrace">org.openqa.selenium.NoSuchElementException: no such element: Unable to locate element: {&quot;method&quot;:&quot;xpath&quot;,&quot;selector&quot;:&quot;(//p[normalize-space()=&apos;Status Result Wajib Diisi !&apos;])[1]&quot;}
  (Session info: chrome=103.0.5060.114)
For documentation on this error, please visit: https://selenium.dev/exceptions/#no_such_element
Build info: version: &apos;4.0.0&apos;, revision: &apos;3a21814679&apos;
System info: host: &apos;DESKTOP-0MGR9KI&apos;, ip: &apos;10.0.0.221&apos;, os.name: &apos;Windows 11&apos;, os.arch: &apos;amd64&apos;, os.version: &apos;10.0&apos;, java.version: &apos;17.0.2&apos;
Driver info: org.openqa.selenium.chrome.ChromeDriver
Command: [7e41fbd01e360ca19c17419d05b66fa8, findElement {using=xpath, value=(//p[normalize-space()=&apos;Status Result Wajib Diisi !&apos;])[1]}]
Capabilities {acceptInsecureCerts: false, browserName: chrome, browserVersion: 103.0.5060.114, chrome: {chromedriverVersion: 102.0.5005.61 (0e59bcc00cc4..., userDataDir: C:\Users\nexsoft\AppData\Lo...}, goog:chromeOptions: {debuggerAddress: localhost:61614}, javascriptEnabled: true, networkConnectionEnabled: false, pageLoadStrategy: normal, platform: WINDOWS, platformName: WINDOWS, proxy: Proxy(), se:cdp: ws://localhost:61614/devtoo..., se:cdpVersion: 103.0.5060.114, setWindowRect: true, strictFileInteractability: false, timeouts: {implicit: 0, pageLoad: 300000, script: 30000}, unhandledPromptBehavior: dismiss and notify, webauthn:extension:credBlob: true, webauthn:extension:largeBlob: true, webauthn:virtualAuthenticators: true}
Session ID: 7e41fbd01e360ca19c17419d05b66fa8
	at java.base/jdk.internal.reflect.NativeConstructorAccessorImpl.newInstance0(Native Method)
	at java.base/jdk.internal.reflect.NativeConstructorAccessorImpl.newInstance(NativeConstructorAccessorImpl.java:77)
	at java.base/jdk.internal.reflect.DelegatingConstructorAccessorImpl.newInstance(DelegatingConstructorAccessorImpl.java:45)
	at java.base/java.lang.reflect.Constructor.newInstanceWithCaller(Constructor.java:499)
	at java.base/java.lang.reflect.Constructor.newInstance(Constructor.java:480)
	at org.openqa.selenium.remote.codec.w3c.W3CHttpResponseCodec.createException(W3CHttpResponseCodec.java:200)
	at org.openqa.selenium.remote.codec.w3c.W3CHttpResponseCodec.decode(W3CHttpResponseCodec.java:133)
	at org.openqa.selenium.remote.codec.w3c.W3CHttpResponseCodec.decode(W3CHttpResponseCodec.java:53)
	at org.openqa.selenium.remote.HttpCommandExecutor.execute(HttpCommandExecutor.java:184)
	at org.openqa.selenium.remote.service.DriverCommandExecutor.invokeExecute(DriverCommandExecutor.java:164)
	at org.openqa.selenium.remote.service.DriverCommandExecutor.execute(DriverCommandExecutor.java:139)
	at org.openqa.selenium.remote.RemoteWebDriver.execute(RemoteWebDriver.java:559)
	at org.openqa.selenium.remote.ElementLocation$ElementFinder$2.findElement(ElementLocation.java:162)
	at org.openqa.selenium.remote.ElementLocation.findElement(ElementLocation.java:60)
	at org.openqa.selenium.remote.RemoteWebDriver.findElement(RemoteWebDriver.java:383)
	at org.openqa.selenium.remote.RemoteWebDriver.findElement(RemoteWebDriver.java:375)
	at org.openqa.selenium.support.pagefactory.DefaultElementLocator.findElement(DefaultElementLocator.java:70)
	at org.openqa.selenium.support.pagefactory.internal.LocatingElementHandler.invoke(LocatingElementHandler.java:39)
	at jdk.proxy2/jdk.proxy2.$Proxy18.getText(Unknown Source)
	at com.telemarket.task.pom.TaskDataAllPage.getTextPemberitahuanGagal(TaskDataAllPage.java:681)
	at com.telemarket.task.test.TLMKT_TestDataAll.testDataAllActivity_status_empty(TLMKT_TestDataAll.java:1219)
	at java.base/jdk.internal.reflect.NativeMethodAccessorImpl.invoke0(Native Method)
	at java.base/jdk.internal.reflect.NativeMethodAccessorImpl.invoke(NativeMethodAccessorImpl.java:77)
	at java.base/jdk.internal.reflect.DelegatingMethodAccessorImpl.invoke(DelegatingMethodAccessorImpl.java:43)
	at java.base/java.lang.reflect.Method.invoke(Method.java:568)
	at org.testng.internal.invokers.MethodInvocationHelper.invokeMethod(MethodInvocationHelper.java:139)
	at org.testng.internal.invokers.TestInvoker.invokeMethod(TestInvoker.java:677)
	at org.testng.internal.invokers.TestInvoker.invokeTestMethod(TestInvoker.java:221)
	at org.testng.internal.invokers.MethodRunner.runInSequence(MethodRunner.java:50)
	at org.testng.internal.invokers.TestInvoker$MethodInvocationAgent.invoke(TestInvoker.java:962)
	at org.testng.internal.invokers.TestInvoker.invokeTestMethods(TestInvoker.java:194)
	at org.testng.internal.invokers.TestMethodWorker.invokeTestMethods(TestMethodWorker.java:148)
	at org.testng.internal.invokers.TestMethodWorker.run(TestMethodWorker.java:128)
	at java.base/java.util.ArrayList.forEach(ArrayList.java:1511)
	at org.testng.TestRunner.privateRun(TestRunner.java:806)
	at org.testng.TestRunner.run(TestRunner.java:601)
	at org.testng.SuiteRunner.runTest(SuiteRunner.java:433)
	at org.testng.SuiteRunner.runSequentially(SuiteRunner.java:427)
	at org.testng.SuiteRunner.privateRun(SuiteRunner.java:387)
	at org.testng.SuiteRunner.run(SuiteRunner.java:330)
	at org.testng.SuiteRunnerWorker.runSuite(SuiteRunnerWorker.java:52)
	at org.testng.SuiteRunnerWorker.run(SuiteRunnerWorker.java:95)
	at org.testng.TestNG.runSuitesSequentially(TestNG.java:1256)
	at org.testng.TestNG.runSuitesLocally(TestNG.java:1176)
	at org.testng.TestNG.runSuites(TestNG.java:1099)
	at org.testng.TestNG.run(TestNG.java:1067)
	at org.testng.remote.AbstractRemoteTestNG.run(AbstractRemoteTestNG.java:115)
	at org.testng.remote.RemoteTestNG.initAndRun(RemoteTestNG.java:251)
	at org.testng.remote.RemoteTestNG.main(RemoteTestNG.java:77)
</div></td></tr></table><p class="totop"><a href="#summary">back to summary</a></p>
<h3 id="m4">com.telemarket.task.test.TLMKT_TestDataAll#testDataAllActivity_status_empty</h3><table class="result"><tr class="param"><th>Parameter #1</th><th>Parameter #2</th><th>Parameter #3</th><th>Parameter #4</th><th>Parameter #5</th><th>Parameter #6</th></tr><tr class="param stripe"><td>Dakota Club</td><td>Call</td><td>Tersambung</td><td>Diangkat</td><td></td><td></td></tr><tr><th colspan="6">Exception</th></tr><tr><td colspan="6"><div class="stacktrace">org.openqa.selenium.NoSuchElementException: no such element: Unable to locate element: {&quot;method&quot;:&quot;xpath&quot;,&quot;selector&quot;:&quot;//span[normalize-space()=&apos;OK&apos;]&quot;}
  (Session info: chrome=103.0.5060.114)
For documentation on this error, please visit: https://selenium.dev/exceptions/#no_such_element
Build info: version: &apos;4.0.0&apos;, revision: &apos;3a21814679&apos;
System info: host: &apos;DESKTOP-0MGR9KI&apos;, ip: &apos;10.0.0.221&apos;, os.name: &apos;Windows 11&apos;, os.arch: &apos;amd64&apos;, os.version: &apos;10.0&apos;, java.version: &apos;17.0.2&apos;
Driver info: org.openqa.selenium.chrome.ChromeDriver
Command: [d0ca649cdefbe4b616a3fe55e670f796, findElement {using=xpath, value=//span[normalize-space()=&apos;OK&apos;]}]
Capabilities {acceptInsecureCerts: false, browserName: chrome, browserVersion: 103.0.5060.114, chrome: {chromedriverVersion: 102.0.5005.61 (0e59bcc00cc4..., userDataDir: C:\Users\nexsoft\AppData\Lo...}, goog:chromeOptions: {debuggerAddress: localhost:61535}, javascriptEnabled: true, networkConnectionEnabled: false, pageLoadStrategy: normal, platform: WINDOWS, platformName: WINDOWS, proxy: Proxy(), se:cdp: ws://localhost:61535/devtoo..., se:cdpVersion: 103.0.5060.114, setWindowRect: true, strictFileInteractability: false, timeouts: {implicit: 0, pageLoad: 300000, script: 30000}, unhandledPromptBehavior: dismiss and notify, webauthn:extension:credBlob: true, webauthn:extension:largeBlob: true, webauthn:virtualAuthenticators: true}
Session ID: d0ca649cdefbe4b616a3fe55e670f796
	at java.base/jdk.internal.reflect.NativeConstructorAccessorImpl.newInstance0(Native Method)
	at java.base/jdk.internal.reflect.NativeConstructorAccessorImpl.newInstance(NativeConstructorAccessorImpl.java:77)
	at java.base/jdk.internal.reflect.DelegatingConstructorAccessorImpl.newInstance(DelegatingConstructorAccessorImpl.java:45)
	at java.base/java.lang.reflect.Constructor.newInstanceWithCaller(Constructor.java:499)
	at java.base/java.lang.reflect.Constructor.newInstance(Constructor.java:480)
	at org.openqa.selenium.remote.codec.w3c.W3CHttpResponseCodec.createException(W3CHttpResponseCodec.java:200)
	at org.openqa.selenium.remote.codec.w3c.W3CHttpResponseCodec.decode(W3CHttpResponseCodec.java:133)
	at org.openqa.selenium.remote.codec.w3c.W3CHttpResponseCodec.decode(W3CHttpResponseCodec.java:53)
	at org.openqa.selenium.remote.HttpCommandExecutor.execute(HttpCommandExecutor.java:184)
	at org.openqa.selenium.remote.service.DriverCommandExecutor.invokeExecute(DriverCommandExecutor.java:164)
	at org.openqa.selenium.remote.service.DriverCommandExecutor.execute(DriverCommandExecutor.java:139)
	at org.openqa.selenium.remote.RemoteWebDriver.execute(RemoteWebDriver.java:559)
	at org.openqa.selenium.remote.ElementLocation$ElementFinder$2.findElement(ElementLocation.java:162)
	at org.openqa.selenium.remote.ElementLocation.findElement(ElementLocation.java:60)
	at org.openqa.selenium.remote.RemoteWebDriver.findElement(RemoteWebDriver.java:383)
	at org.openqa.selenium.remote.RemoteWebDriver.findElement(RemoteWebDriver.java:375)
	at org.openqa.selenium.support.pagefactory.DefaultElementLocator.findElement(DefaultElementLocator.java:70)
	at org.openqa.selenium.support.pagefactory.internal.LocatingElementHandler.invoke(LocatingElementHandler.java:39)
	at jdk.proxy2/jdk.proxy2.$Proxy18.click(Unknown Source)
	at com.telemarket.task.pom.MainPage.clickOKPopUpAfterLogin(MainPage.java:89)
	at com.telemarket.task.test.TLMKT_TestDataAll.testDataAllActivity_status_empty(TLMKT_TestDataAll.java:1202)
	at java.base/jdk.internal.reflect.NativeMethodAccessorImpl.invoke0(Native Method)
	at java.base/jdk.internal.reflect.NativeMethodAccessorImpl.invoke(NativeMethodAccessorImpl.java:77)
	at java.base/jdk.internal.reflect.DelegatingMethodAccessorImpl.invoke(DelegatingMethodAccessorImpl.java:43)
	at java.base/java.lang.reflect.Method.invoke(Method.java:568)
	at org.testng.internal.invokers.MethodInvocationHelper.invokeMethod(MethodInvocationHelper.java:139)
	at org.testng.internal.invokers.TestInvoker.invokeMethod(TestInvoker.java:677)
	at org.testng.internal.invokers.TestInvoker.invokeTestMethod(TestInvoker.java:221)
	at org.testng.internal.invokers.MethodRunner.runInSequence(MethodRunner.java:50)
	at org.testng.internal.invokers.TestInvoker$MethodInvocationAgent.invoke(TestInvoker.java:962)
	at org.testng.internal.invokers.TestInvoker.invokeTestMethods(TestInvoker.java:194)
	at org.testng.internal.invokers.TestMethodWorker.invokeTestMethods(TestMethodWorker.java:148)
	at org.testng.internal.invokers.TestMethodWorker.run(TestMethodWorker.java:128)
	at java.base/java.util.ArrayList.forEach(ArrayList.java:1511)
	at org.testng.TestRunner.privateRun(TestRunner.java:806)
	at org.testng.TestRunner.run(TestRunner.java:601)
	at org.testng.SuiteRunner.runTest(SuiteRunner.java:433)
	at org.testng.SuiteRunner.runSequentially(SuiteRunner.java:427)
	at org.testng.SuiteRunner.privateRun(SuiteRunner.java:387)
	at org.testng.SuiteRunner.run(SuiteRunner.java:330)
	at org.testng.SuiteRunnerWorker.runSuite(SuiteRunnerWorker.java:52)
	at org.testng.SuiteRunnerWorker.run(SuiteRunnerWorker.java:95)
	at org.testng.TestNG.runSuitesSequentially(TestNG.java:1256)
	at org.testng.TestNG.runSuitesLocally(TestNG.java:1176)
	at org.testng.TestNG.runSuites(TestNG.java:1099)
	at org.testng.TestNG.run(TestNG.java:1067)
	at org.testng.remote.AbstractRemoteTestNG.run(AbstractRemoteTestNG.java:115)
	at org.testng.remote.RemoteTestNG.initAndRun(RemoteTestNG.java:251)
	at org.testng.remote.RemoteTestNG.main(RemoteTestNG.java:77)
</div></td></tr></table><p class="totop"><a href="#summary">back to summary</a></p>
<h3 id="m5">com.telemarket.task.test.TLMKT_TestDataAll#testDataAllActivity_status_invalid</h3><table class="result"><tr class="param"><th>Parameter #1</th><th>Parameter #2</th><th>Parameter #3</th><th>Parameter #4</th><th>Parameter #5</th><th>Parameter #6</th></tr><tr class="param stripe"><td>Grand Am</td><td>Call</td><td>Tersambung</td><td>Tidak Diangkat</td><td>Tidak Diangkat</td><td>Tidak Diangkat</td></tr><tr><th colspan="6">Exception</th></tr><tr><td colspan="6"><div class="stacktrace">org.openqa.selenium.NoSuchElementException: no such element: Unable to locate element: {&quot;method&quot;:&quot;xpath&quot;,&quot;selector&quot;:&quot;//span[normalize-space()=&apos;OK&apos;]&quot;}
  (Session info: chrome=103.0.5060.114)
For documentation on this error, please visit: https://selenium.dev/exceptions/#no_such_element
Build info: version: &apos;4.0.0&apos;, revision: &apos;3a21814679&apos;
System info: host: &apos;DESKTOP-0MGR9KI&apos;, ip: &apos;10.0.0.221&apos;, os.name: &apos;Windows 11&apos;, os.arch: &apos;amd64&apos;, os.version: &apos;10.0&apos;, java.version: &apos;17.0.2&apos;
Driver info: org.openqa.selenium.chrome.ChromeDriver
Command: [90dcafac2e68fd6193cf56139b6accd4, findElement {using=xpath, value=//span[normalize-space()=&apos;OK&apos;]}]
Capabilities {acceptInsecureCerts: false, browserName: chrome, browserVersion: 103.0.5060.114, chrome: {chromedriverVersion: 102.0.5005.61 (0e59bcc00cc4..., userDataDir: C:\Users\nexsoft\AppData\Lo...}, goog:chromeOptions: {debuggerAddress: localhost:61187}, javascriptEnabled: true, networkConnectionEnabled: false, pageLoadStrategy: normal, platform: WINDOWS, platformName: WINDOWS, proxy: Proxy(), se:cdp: ws://localhost:61187/devtoo..., se:cdpVersion: 103.0.5060.114, setWindowRect: true, strictFileInteractability: false, timeouts: {implicit: 0, pageLoad: 300000, script: 30000}, unhandledPromptBehavior: dismiss and notify, webauthn:extension:credBlob: true, webauthn:extension:largeBlob: true, webauthn:virtualAuthenticators: true}
Session ID: 90dcafac2e68fd6193cf56139b6accd4
	at java.base/jdk.internal.reflect.NativeConstructorAccessorImpl.newInstance0(Native Method)
	at java.base/jdk.internal.reflect.NativeConstructorAccessorImpl.newInstance(NativeConstructorAccessorImpl.java:77)
	at java.base/jdk.internal.reflect.DelegatingConstructorAccessorImpl.newInstance(DelegatingConstructorAccessorImpl.java:45)
	at java.base/java.lang.reflect.Constructor.newInstanceWithCaller(Constructor.java:499)
	at java.base/java.lang.reflect.Constructor.newInstance(Constructor.java:480)
	at org.openqa.selenium.remote.codec.w3c.W3CHttpResponseCodec.createException(W3CHttpResponseCodec.java:200)
	at org.openqa.selenium.remote.codec.w3c.W3CHttpResponseCodec.decode(W3CHttpResponseCodec.java:133)
	at org.openqa.selenium.remote.codec.w3c.W3CHttpResponseCodec.decode(W3CHttpResponseCodec.java:53)
	at org.openqa.selenium.remote.HttpCommandExecutor.execute(HttpCommandExecutor.java:184)
	at org.openqa.selenium.remote.service.DriverCommandExecutor.invokeExecute(DriverCommandExecutor.java:164)
	at org.openqa.selenium.remote.service.DriverCommandExecutor.execute(DriverCommandExecutor.java:139)
	at org.openqa.selenium.remote.RemoteWebDriver.execute(RemoteWebDriver.java:559)
	at org.openqa.selenium.remote.ElementLocation$ElementFinder$2.findElement(ElementLocation.java:162)
	at org.openqa.selenium.remote.ElementLocation.findElement(ElementLocation.java:60)
	at org.openqa.selenium.remote.RemoteWebDriver.findElement(RemoteWebDriver.java:383)
	at org.openqa.selenium.remote.RemoteWebDriver.findElement(RemoteWebDriver.java:375)
	at org.openqa.selenium.support.pagefactory.DefaultElementLocator.findElement(DefaultElementLocator.java:70)
	at org.openqa.selenium.support.pagefactory.internal.LocatingElementHandler.invoke(LocatingElementHandler.java:39)
	at jdk.proxy2/jdk.proxy2.$Proxy18.click(Unknown Source)
	at com.telemarket.task.pom.MainPage.clickOKPopUpAfterLogin(MainPage.java:89)
	at com.telemarket.task.test.TLMKT_TestDataAll.testDataAllActivity_status_invalid(TLMKT_TestDataAll.java:1095)
	at java.base/jdk.internal.reflect.NativeMethodAccessorImpl.invoke0(Native Method)
	at java.base/jdk.internal.reflect.NativeMethodAccessorImpl.invoke(NativeMethodAccessorImpl.java:77)
	at java.base/jdk.internal.reflect.DelegatingMethodAccessorImpl.invoke(DelegatingMethodAccessorImpl.java:43)
	at java.base/java.lang.reflect.Method.invoke(Method.java:568)
	at org.testng.internal.invokers.MethodInvocationHelper.invokeMethod(MethodInvocationHelper.java:139)
	at org.testng.internal.invokers.TestInvoker.invokeMethod(TestInvoker.java:677)
	at org.testng.internal.invokers.TestInvoker.invokeTestMethod(TestInvoker.java:221)
	at org.testng.internal.invokers.MethodRunner.runInSequence(MethodRunner.java:50)
	at org.testng.internal.invokers.TestInvoker$MethodInvocationAgent.invoke(TestInvoker.java:962)
	at org.testng.internal.invokers.TestInvoker.invokeTestMethods(TestInvoker.java:194)
	at org.testng.internal.invokers.TestMethodWorker.invokeTestMethods(TestMethodWorker.java:148)
	at org.testng.internal.invokers.TestMethodWorker.run(TestMethodWorker.java:128)
	at java.base/java.util.ArrayList.forEach(ArrayList.java:1511)
	at org.testng.TestRunner.privateRun(TestRunner.java:806)
	at org.testng.TestRunner.run(TestRunner.java:601)
	at org.testng.SuiteRunner.runTest(SuiteRunner.java:433)
	at org.testng.SuiteRunner.runSequentially(SuiteRunner.java:427)
	at org.testng.SuiteRunner.privateRun(SuiteRunner.java:387)
	at org.testng.SuiteRunner.run(SuiteRunner.java:330)
	at org.testng.SuiteRunnerWorker.runSuite(SuiteRunnerWorker.java:52)
	at org.testng.SuiteRunnerWorker.run(SuiteRunnerWorker.java:95)
	at org.testng.TestNG.runSuitesSequentially(TestNG.java:1256)
	at org.testng.TestNG.runSuitesLocally(TestNG.java:1176)
	at org.testng.TestNG.runSuites(TestNG.java:1099)
	at org.testng.TestNG.run(TestNG.java:1067)
	at org.testng.remote.AbstractRemoteTestNG.run(AbstractRemoteTestNG.java:115)
	at org.testng.remote.RemoteTestNG.initAndRun(RemoteTestNG.java:251)
	at org.testng.remote.RemoteTestNG.main(RemoteTestNG.java:77)
</div></td></tr></table><p class="totop"><a href="#summary">back to summary</a></p>
<h3 id="m6">com.telemarket.task.test.TLMKT_TestDataAll#testDataAllActivity_status_invalid</h3><table class="result"><tr class="param"><th>Parameter #1</th><th>Parameter #2</th><th>Parameter #3</th><th>Parameter #4</th><th>Parameter #5</th><th>Parameter #6</th></tr><tr class="param stripe"><td>Grand Am</td><td>Call</td><td>Tersambung</td><td>Salah Sambung</td><td>Salah Sambung</td><td>Salah Sambung</td></tr><tr><th colspan="6">Messages</th></tr><tr><td colspan="6"><div class="messages"><img src='file://D:\selenium-workspace\TLMKT\TELEMARKETING\hasilScreenshot\20220714_093350.png'height="450" width="1017"/></div></td></tr><tr><th colspan="6">Exception</th></tr><tr><td colspan="6"><div class="stacktrace">java.lang.AssertionError: expected [true] but found [false]
	at org.testng.Assert.fail(Assert.java:110)
	at org.testng.Assert.failNotEquals(Assert.java:1413)
	at org.testng.Assert.assertTrue(Assert.java:56)
	at org.testng.Assert.assertTrue(Assert.java:66)
	at com.telemarket.task.test.TLMKT_TestDataAll.verifyDataInTable(TLMKT_TestDataAll.java:108)
	at com.telemarket.task.test.TLMKT_TestDataAll.testDataAllActivity_status_invalid(TLMKT_TestDataAll.java:1120)
	at java.base/jdk.internal.reflect.NativeMethodAccessorImpl.invoke0(Native Method)
	at java.base/jdk.internal.reflect.NativeMethodAccessorImpl.invoke(NativeMethodAccessorImpl.java:77)
	at java.base/jdk.internal.reflect.DelegatingMethodAccessorImpl.invoke(DelegatingMethodAccessorImpl.java:43)
	at java.base/java.lang.reflect.Method.invoke(Method.java:568)
	at org.testng.internal.invokers.MethodInvocationHelper.invokeMethod(MethodInvocationHelper.java:139)
	at org.testng.internal.invokers.TestInvoker.invokeMethod(TestInvoker.java:677)
	at org.testng.internal.invokers.TestInvoker.invokeTestMethod(TestInvoker.java:221)
	at org.testng.internal.invokers.MethodRunner.runInSequence(MethodRunner.java:50)
	at org.testng.internal.invokers.TestInvoker$MethodInvocationAgent.invoke(TestInvoker.java:962)
	at org.testng.internal.invokers.TestInvoker.invokeTestMethods(TestInvoker.java:194)
	at org.testng.internal.invokers.TestMethodWorker.invokeTestMethods(TestMethodWorker.java:148)
	at org.testng.internal.invokers.TestMethodWorker.run(TestMethodWorker.java:128)
	at java.base/java.util.ArrayList.forEach(ArrayList.java:1511)
	at org.testng.TestRunner.privateRun(TestRunner.java:806)
	at org.testng.TestRunner.run(TestRunner.java:601)
	at org.testng.SuiteRunner.runTest(SuiteRunner.java:433)
	at org.testng.SuiteRunner.runSequentially(SuiteRunner.java:427)
	at org.testng.SuiteRunner.privateRun(SuiteRunner.java:387)
	at org.testng.SuiteRunner.run(SuiteRunner.java:330)
	at org.testng.SuiteRunnerWorker.runSuite(SuiteRunnerWorker.java:52)
	at org.testng.SuiteRunnerWorker.run(SuiteRunnerWorker.java:95)
	at org.testng.TestNG.runSuitesSequentially(TestNG.java:1256)
	at org.testng.TestNG.runSuitesLocally(TestNG.java:1176)
	at org.testng.TestNG.runSuites(TestNG.java:1099)
	at org.testng.TestNG.run(TestNG.java:1067)
	at org.testng.remote.AbstractRemoteTestNG.run(AbstractRemoteTestNG.java:115)
	at org.testng.remote.RemoteTestNG.initAndRun(RemoteTestNG.java:251)
	at org.testng.remote.RemoteTestNG.main(RemoteTestNG.java:77)
</div></td></tr></table><p class="totop"><a href="#summary">back to summary</a></p>
<h3 id="m7">com.telemarket.task.test.TLMKT_TestDataAll#testDataAllActivity_status_invalid</h3><table class="result"><tr class="param"><th>Parameter #1</th><th>Parameter #2</th><th>Parameter #3</th><th>Parameter #4</th><th>Parameter #5</th><th>Parameter #6</th></tr><tr class="param stripe"><td>Grand Am</td><td>Call</td><td>Tidak Tersambung</td><td>Mailbox</td><td>Mailbox</td><td>Mailbox</td></tr><tr><th colspan="6">Messages</th></tr><tr><td colspan="6"><div class="messages"><img src='file://D:\selenium-workspace\TLMKT\TELEMARKETING\hasilScreenshot\20220714_093446.png'height="450" width="1017"/></div></td></tr><tr><th colspan="6">Exception</th></tr><tr><td colspan="6"><div class="stacktrace">java.lang.AssertionError: expected [true] but found [false]
	at org.testng.Assert.fail(Assert.java:110)
	at org.testng.Assert.failNotEquals(Assert.java:1413)
	at org.testng.Assert.assertTrue(Assert.java:56)
	at org.testng.Assert.assertTrue(Assert.java:66)
	at com.telemarket.task.test.TLMKT_TestDataAll.verifyDataInTable(TLMKT_TestDataAll.java:108)
	at com.telemarket.task.test.TLMKT_TestDataAll.testDataAllActivity_status_invalid(TLMKT_TestDataAll.java:1120)
	at java.base/jdk.internal.reflect.NativeMethodAccessorImpl.invoke0(Native Method)
	at java.base/jdk.internal.reflect.NativeMethodAccessorImpl.invoke(NativeMethodAccessorImpl.java:77)
	at java.base/jdk.internal.reflect.DelegatingMethodAccessorImpl.invoke(DelegatingMethodAccessorImpl.java:43)
	at java.base/java.lang.reflect.Method.invoke(Method.java:568)
	at org.testng.internal.invokers.MethodInvocationHelper.invokeMethod(MethodInvocationHelper.java:139)
	at org.testng.internal.invokers.TestInvoker.invokeMethod(TestInvoker.java:677)
	at org.testng.internal.invokers.TestInvoker.invokeTestMethod(TestInvoker.java:221)
	at org.testng.internal.invokers.MethodRunner.runInSequence(MethodRunner.java:50)
	at org.testng.internal.invokers.TestInvoker$MethodInvocationAgent.invoke(TestInvoker.java:962)
	at org.testng.internal.invokers.TestInvoker.invokeTestMethods(TestInvoker.java:194)
	at org.testng.internal.invokers.TestMethodWorker.invokeTestMethods(TestMethodWorker.java:148)
	at org.testng.internal.invokers.TestMethodWorker.run(TestMethodWorker.java:128)
	at java.base/java.util.ArrayList.forEach(ArrayList.java:1511)
	at org.testng.TestRunner.privateRun(TestRunner.java:806)
	at org.testng.TestRunner.run(TestRunner.java:601)
	at org.testng.SuiteRunner.runTest(SuiteRunner.java:433)
	at org.testng.SuiteRunner.runSequentially(SuiteRunner.java:427)
	at org.testng.SuiteRunner.privateRun(SuiteRunner.java:387)
	at org.testng.SuiteRunner.run(SuiteRunner.java:330)
	at org.testng.SuiteRunnerWorker.runSuite(SuiteRunnerWorker.java:52)
	at org.testng.SuiteRunnerWorker.run(SuiteRunnerWorker.java:95)
	at org.testng.TestNG.runSuitesSequentially(TestNG.java:1256)
	at org.testng.TestNG.runSuitesLocally(TestNG.java:1176)
	at org.testng.TestNG.runSuites(TestNG.java:1099)
	at org.testng.TestNG.run(TestNG.java:1067)
	at org.testng.remote.AbstractRemoteTestNG.run(AbstractRemoteTestNG.java:115)
	at org.testng.remote.RemoteTestNG.initAndRun(RemoteTestNG.java:251)
	at org.testng.remote.RemoteTestNG.main(RemoteTestNG.java:77)
</div></td></tr></table><p class="totop"><a href="#summary">back to summary</a></p>
<h3 id="m8">com.telemarket.task.test.TLMKT_TestDataAll#testDataAllActivity_status_invalid</h3><table class="result"><tr class="param"><th>Parameter #1</th><th>Parameter #2</th><th>Parameter #3</th><th>Parameter #4</th><th>Parameter #5</th><th>Parameter #6</th></tr><tr class="param stripe"><td>Ragawi</td><td>Call</td><td>Tersambung</td><td>Diangkat</td><td>Tidak Berhasil</td><td>Tidak Berhasil</td></tr><tr><th colspan="6">Exception</th></tr><tr><td colspan="6"><div class="stacktrace">org.openqa.selenium.NoSuchElementException: no such element: Unable to locate element: {&quot;method&quot;:&quot;css selector&quot;,&quot;selector&quot;:&quot;#tl_all_data\-\-53023_text&quot;}
  (Session info: chrome=103.0.5060.114)
For documentation on this error, please visit: https://selenium.dev/exceptions/#no_such_element
Build info: version: &apos;4.0.0&apos;, revision: &apos;3a21814679&apos;
System info: host: &apos;DESKTOP-0MGR9KI&apos;, ip: &apos;10.0.0.221&apos;, os.name: &apos;Windows 11&apos;, os.arch: &apos;amd64&apos;, os.version: &apos;10.0&apos;, java.version: &apos;17.0.2&apos;
Driver info: org.openqa.selenium.chrome.ChromeDriver
Command: [f050d81d2b7ea22d26a683e7dec5f1f0, findElement {using=id, value=tl_all_data--53023_text}]
Capabilities {acceptInsecureCerts: false, browserName: chrome, browserVersion: 103.0.5060.114, chrome: {chromedriverVersion: 102.0.5005.61 (0e59bcc00cc4..., userDataDir: C:\Users\nexsoft\AppData\Lo...}, goog:chromeOptions: {debuggerAddress: localhost:61131}, javascriptEnabled: true, networkConnectionEnabled: false, pageLoadStrategy: normal, platform: WINDOWS, platformName: WINDOWS, proxy: Proxy(), se:cdp: ws://localhost:61131/devtoo..., se:cdpVersion: 103.0.5060.114, setWindowRect: true, strictFileInteractability: false, timeouts: {implicit: 0, pageLoad: 300000, script: 30000}, unhandledPromptBehavior: dismiss and notify, webauthn:extension:credBlob: true, webauthn:extension:largeBlob: true, webauthn:virtualAuthenticators: true}
Session ID: f050d81d2b7ea22d26a683e7dec5f1f0
	at java.base/jdk.internal.reflect.NativeConstructorAccessorImpl.newInstance0(Native Method)
	at java.base/jdk.internal.reflect.NativeConstructorAccessorImpl.newInstance(NativeConstructorAccessorImpl.java:77)
	at java.base/jdk.internal.reflect.DelegatingConstructorAccessorImpl.newInstance(DelegatingConstructorAccessorImpl.java:45)
	at java.base/java.lang.reflect.Constructor.newInstanceWithCaller(Constructor.java:499)
	at java.base/java.lang.reflect.Constructor.newInstance(Constructor.java:480)
	at org.openqa.selenium.remote.codec.w3c.W3CHttpResponseCodec.createException(W3CHttpResponseCodec.java:200)
	at org.openqa.selenium.remote.codec.w3c.W3CHttpResponseCodec.decode(W3CHttpResponseCodec.java:133)
	at org.openqa.selenium.remote.codec.w3c.W3CHttpResponseCodec.decode(W3CHttpResponseCodec.java:53)
	at org.openqa.selenium.remote.HttpCommandExecutor.execute(HttpCommandExecutor.java:184)
	at org.openqa.selenium.remote.service.DriverCommandExecutor.invokeExecute(DriverCommandExecutor.java:164)
	at org.openqa.selenium.remote.service.DriverCommandExecutor.execute(DriverCommandExecutor.java:139)
	at org.openqa.selenium.remote.RemoteWebDriver.execute(RemoteWebDriver.java:559)
	at org.openqa.selenium.remote.ElementLocation$ElementFinder$2.findElement(ElementLocation.java:162)
	at org.openqa.selenium.remote.ElementLocation.findElement(ElementLocation.java:60)
	at org.openqa.selenium.remote.RemoteWebDriver.findElement(RemoteWebDriver.java:383)
	at org.openqa.selenium.remote.RemoteWebDriver.findElement(RemoteWebDriver.java:375)
	at org.openqa.selenium.support.pagefactory.DefaultElementLocator.findElement(DefaultElementLocator.java:70)
	at org.openqa.selenium.support.pagefactory.internal.LocatingElementHandler.invoke(LocatingElementHandler.java:39)
	at jdk.proxy2/jdk.proxy2.$Proxy18.clear(Unknown Source)
	at com.telemarket.task.pom.TaskDataAllPage.setSearchAll(TaskDataAllPage.java:35)
	at com.telemarket.task.test.TLMKT_TestDataAll.testDataAllActivity_status_invalid(TLMKT_TestDataAll.java:1101)
	at java.base/jdk.internal.reflect.NativeMethodAccessorImpl.invoke0(Native Method)
	at java.base/jdk.internal.reflect.NativeMethodAccessorImpl.invoke(NativeMethodAccessorImpl.java:77)
	at java.base/jdk.internal.reflect.DelegatingMethodAccessorImpl.invoke(DelegatingMethodAccessorImpl.java:43)
	at java.base/java.lang.reflect.Method.invoke(Method.java:568)
	at org.testng.internal.invokers.MethodInvocationHelper.invokeMethod(MethodInvocationHelper.java:139)
	at org.testng.internal.invokers.TestInvoker.invokeMethod(TestInvoker.java:677)
	at org.testng.internal.invokers.TestInvoker.invokeTestMethod(TestInvoker.java:221)
	at org.testng.internal.invokers.MethodRunner.runInSequence(MethodRunner.java:50)
	at org.testng.internal.invokers.TestInvoker$MethodInvocationAgent.invoke(TestInvoker.java:962)
	at org.testng.internal.invokers.TestInvoker.invokeTestMethods(TestInvoker.java:194)
	at org.testng.internal.invokers.TestMethodWorker.invokeTestMethods(TestMethodWorker.java:148)
	at org.testng.internal.invokers.TestMethodWorker.run(TestMethodWorker.java:128)
	at java.base/java.util.ArrayList.forEach(ArrayList.java:1511)
	at org.testng.TestRunner.privateRun(TestRunner.java:806)
	at org.testng.TestRunner.run(TestRunner.java:601)
	at org.testng.SuiteRunner.runTest(SuiteRunner.java:433)
	at org.testng.SuiteRunner.runSequentially(SuiteRunner.java:427)
	at org.testng.SuiteRunner.privateRun(SuiteRunner.java:387)
	at org.testng.SuiteRunner.run(SuiteRunner.java:330)
	at org.testng.SuiteRunnerWorker.runSuite(SuiteRunnerWorker.java:52)
	at org.testng.SuiteRunnerWorker.run(SuiteRunnerWorker.java:95)
	at org.testng.TestNG.runSuitesSequentially(TestNG.java:1256)
	at org.testng.TestNG.runSuitesLocally(TestNG.java:1176)
	at org.testng.TestNG.runSuites(TestNG.java:1099)
	at org.testng.TestNG.run(TestNG.java:1067)
	at org.testng.remote.AbstractRemoteTestNG.run(AbstractRemoteTestNG.java:115)
	at org.testng.remote.RemoteTestNG.initAndRun(RemoteTestNG.java:251)
	at org.testng.remote.RemoteTestNG.main(RemoteTestNG.java:77)
</div></td></tr></table><p class="totop"><a href="#summary">back to summary</a></p>
<h3 id="m9">com.telemarket.task.test.TLMKT_TestDataAll#testDataAllActivity_status_invalid</h3><table class="result"><tr class="param"><th>Parameter #1</th><th>Parameter #2</th><th>Parameter #3</th><th>Parameter #4</th><th>Parameter #5</th><th>Parameter #6</th></tr><tr class="param stripe"><td>Grand Am</td><td>Call</td><td>Tidak Tersambung</td><td>Invalid Number</td><td>Tidak Ada Nomor Telepon</td><td>Tidak Ada Nomor Telepon</td></tr><tr><th colspan="6">Messages</th></tr><tr><td colspan="6"><div class="messages"><img src='file://D:\selenium-workspace\TLMKT\TELEMARKETING\hasilScreenshot\20220714_093510.png'height="450" width="1017"/></div></td></tr><tr><th colspan="6">Exception</th></tr><tr><td colspan="6"><div class="stacktrace">java.lang.AssertionError: expected [true] but found [false]
	at org.testng.Assert.fail(Assert.java:110)
	at org.testng.Assert.failNotEquals(Assert.java:1413)
	at org.testng.Assert.assertTrue(Assert.java:56)
	at org.testng.Assert.assertTrue(Assert.java:66)
	at com.telemarket.task.test.TLMKT_TestDataAll.verifyDataInTable(TLMKT_TestDataAll.java:108)
	at com.telemarket.task.test.TLMKT_TestDataAll.testDataAllActivity_status_invalid(TLMKT_TestDataAll.java:1120)
	at java.base/jdk.internal.reflect.NativeMethodAccessorImpl.invoke0(Native Method)
	at java.base/jdk.internal.reflect.NativeMethodAccessorImpl.invoke(NativeMethodAccessorImpl.java:77)
	at java.base/jdk.internal.reflect.DelegatingMethodAccessorImpl.invoke(DelegatingMethodAccessorImpl.java:43)
	at java.base/java.lang.reflect.Method.invoke(Method.java:568)
	at org.testng.internal.invokers.MethodInvocationHelper.invokeMethod(MethodInvocationHelper.java:139)
	at org.testng.internal.invokers.TestInvoker.invokeMethod(TestInvoker.java:677)
	at org.testng.internal.invokers.TestInvoker.invokeTestMethod(TestInvoker.java:221)
	at org.testng.internal.invokers.MethodRunner.runInSequence(MethodRunner.java:50)
	at org.testng.internal.invokers.TestInvoker$MethodInvocationAgent.invoke(TestInvoker.java:962)
	at org.testng.internal.invokers.TestInvoker.invokeTestMethods(TestInvoker.java:194)
	at org.testng.internal.invokers.TestMethodWorker.invokeTestMethods(TestMethodWorker.java:148)
	at org.testng.internal.invokers.TestMethodWorker.run(TestMethodWorker.java:128)
	at java.base/java.util.ArrayList.forEach(ArrayList.java:1511)
	at org.testng.TestRunner.privateRun(TestRunner.java:806)
	at org.testng.TestRunner.run(TestRunner.java:601)
	at org.testng.SuiteRunner.runTest(SuiteRunner.java:433)
	at org.testng.SuiteRunner.runSequentially(SuiteRunner.java:427)
	at org.testng.SuiteRunner.privateRun(SuiteRunner.java:387)
	at org.testng.SuiteRunner.run(SuiteRunner.java:330)
	at org.testng.SuiteRunnerWorker.runSuite(SuiteRunnerWorker.java:52)
	at org.testng.SuiteRunnerWorker.run(SuiteRunnerWorker.java:95)
	at org.testng.TestNG.runSuitesSequentially(TestNG.java:1256)
	at org.testng.TestNG.runSuitesLocally(TestNG.java:1176)
	at org.testng.TestNG.runSuites(TestNG.java:1099)
	at org.testng.TestNG.run(TestNG.java:1067)
	at org.testng.remote.AbstractRemoteTestNG.run(AbstractRemoteTestNG.java:115)
	at org.testng.remote.RemoteTestNG.initAndRun(RemoteTestNG.java:251)
	at org.testng.remote.RemoteTestNG.main(RemoteTestNG.java:77)
</div></td></tr></table><p class="totop"><a href="#summary">back to summary</a></p>
<h3 id="m10">com.telemarket.task.test.TLMKT_TestDataAll#testDataAllActivity_status_invalid</h3><table class="result"><tr class="param"><th>Parameter #1</th><th>Parameter #2</th><th>Parameter #3</th><th>Parameter #4</th><th>Parameter #5</th><th>Parameter #6</th></tr><tr class="param stripe"><td>Grand Am</td><td>Call</td><td>Tidak Tersambung</td><td>Telepon Not Register</td><td>Tidak Terdaftar</td><td>Tidak Terdaftar</td></tr><tr><th colspan="6">Exception</th></tr><tr><td colspan="6"><div class="stacktrace">org.openqa.selenium.NoSuchElementException: no such element: Unable to locate element: {&quot;method&quot;:&quot;xpath&quot;,&quot;selector&quot;:&quot;//span[normalize-space()=&apos;OK&apos;]&quot;}
  (Session info: chrome=103.0.5060.114)
For documentation on this error, please visit: https://selenium.dev/exceptions/#no_such_element
Build info: version: &apos;4.0.0&apos;, revision: &apos;3a21814679&apos;
System info: host: &apos;DESKTOP-0MGR9KI&apos;, ip: &apos;10.0.0.221&apos;, os.name: &apos;Windows 11&apos;, os.arch: &apos;amd64&apos;, os.version: &apos;10.0&apos;, java.version: &apos;17.0.2&apos;
Driver info: org.openqa.selenium.chrome.ChromeDriver
Command: [a074121ae7c30302219a5f14b223138d, findElement {using=xpath, value=//span[normalize-space()=&apos;OK&apos;]}]
Capabilities {acceptInsecureCerts: false, browserName: chrome, browserVersion: 103.0.5060.114, chrome: {chromedriverVersion: 102.0.5005.61 (0e59bcc00cc4..., userDataDir: C:\Users\nexsoft\AppData\Lo...}, goog:chromeOptions: {debuggerAddress: localhost:61297}, javascriptEnabled: true, networkConnectionEnabled: false, pageLoadStrategy: normal, platform: WINDOWS, platformName: WINDOWS, proxy: Proxy(), se:cdp: ws://localhost:61297/devtoo..., se:cdpVersion: 103.0.5060.114, setWindowRect: true, strictFileInteractability: false, timeouts: {implicit: 0, pageLoad: 300000, script: 30000}, unhandledPromptBehavior: dismiss and notify, webauthn:extension:credBlob: true, webauthn:extension:largeBlob: true, webauthn:virtualAuthenticators: true}
Session ID: a074121ae7c30302219a5f14b223138d
	at java.base/jdk.internal.reflect.NativeConstructorAccessorImpl.newInstance0(Native Method)
	at java.base/jdk.internal.reflect.NativeConstructorAccessorImpl.newInstance(NativeConstructorAccessorImpl.java:77)
	at java.base/jdk.internal.reflect.DelegatingConstructorAccessorImpl.newInstance(DelegatingConstructorAccessorImpl.java:45)
	at java.base/java.lang.reflect.Constructor.newInstanceWithCaller(Constructor.java:499)
	at java.base/java.lang.reflect.Constructor.newInstance(Constructor.java:480)
	at org.openqa.selenium.remote.codec.w3c.W3CHttpResponseCodec.createException(W3CHttpResponseCodec.java:200)
	at org.openqa.selenium.remote.codec.w3c.W3CHttpResponseCodec.decode(W3CHttpResponseCodec.java:133)
	at org.openqa.selenium.remote.codec.w3c.W3CHttpResponseCodec.decode(W3CHttpResponseCodec.java:53)
	at org.openqa.selenium.remote.HttpCommandExecutor.execute(HttpCommandExecutor.java:184)
	at org.openqa.selenium.remote.service.DriverCommandExecutor.invokeExecute(DriverCommandExecutor.java:164)
	at org.openqa.selenium.remote.service.DriverCommandExecutor.execute(DriverCommandExecutor.java:139)
	at org.openqa.selenium.remote.RemoteWebDriver.execute(RemoteWebDriver.java:559)
	at org.openqa.selenium.remote.ElementLocation$ElementFinder$2.findElement(ElementLocation.java:162)
	at org.openqa.selenium.remote.ElementLocation.findElement(ElementLocation.java:60)
	at org.openqa.selenium.remote.RemoteWebDriver.findElement(RemoteWebDriver.java:383)
	at org.openqa.selenium.remote.RemoteWebDriver.findElement(RemoteWebDriver.java:375)
	at org.openqa.selenium.support.pagefactory.DefaultElementLocator.findElement(DefaultElementLocator.java:70)
	at org.openqa.selenium.support.pagefactory.internal.LocatingElementHandler.invoke(LocatingElementHandler.java:39)
	at jdk.proxy2/jdk.proxy2.$Proxy18.click(Unknown Source)
	at com.telemarket.task.pom.MainPage.clickOKPopUpAfterLogin(MainPage.java:89)
	at com.telemarket.task.test.TLMKT_TestDataAll.testDataAllActivity_status_invalid(TLMKT_TestDataAll.java:1095)
	at java.base/jdk.internal.reflect.NativeMethodAccessorImpl.invoke0(Native Method)
	at java.base/jdk.internal.reflect.NativeMethodAccessorImpl.invoke(NativeMethodAccessorImpl.java:77)
	at java.base/jdk.internal.reflect.DelegatingMethodAccessorImpl.invoke(DelegatingMethodAccessorImpl.java:43)
	at java.base/java.lang.reflect.Method.invoke(Method.java:568)
	at org.testng.internal.invokers.MethodInvocationHelper.invokeMethod(MethodInvocationHelper.java:139)
	at org.testng.internal.invokers.TestInvoker.invokeMethod(TestInvoker.java:677)
	at org.testng.internal.invokers.TestInvoker.invokeTestMethod(TestInvoker.java:221)
	at org.testng.internal.invokers.MethodRunner.runInSequence(MethodRunner.java:50)
	at org.testng.internal.invokers.TestInvoker$MethodInvocationAgent.invoke(TestInvoker.java:962)
	at org.testng.internal.invokers.TestInvoker.invokeTestMethods(TestInvoker.java:194)
	at org.testng.internal.invokers.TestMethodWorker.invokeTestMethods(TestMethodWorker.java:148)
	at org.testng.internal.invokers.TestMethodWorker.run(TestMethodWorker.java:128)
	at java.base/java.util.ArrayList.forEach(ArrayList.java:1511)
	at org.testng.TestRunner.privateRun(TestRunner.java:806)
	at org.testng.TestRunner.run(TestRunner.java:601)
	at org.testng.SuiteRunner.runTest(SuiteRunner.java:433)
	at org.testng.SuiteRunner.runSequentially(SuiteRunner.java:427)
	at org.testng.SuiteRunner.privateRun(SuiteRunner.java:387)
	at org.testng.SuiteRunner.run(SuiteRunner.java:330)
	at org.testng.SuiteRunnerWorker.runSuite(SuiteRunnerWorker.java:52)
	at org.testng.SuiteRunnerWorker.run(SuiteRunnerWorker.java:95)
	at org.testng.TestNG.runSuitesSequentially(TestNG.java:1256)
	at org.testng.TestNG.runSuitesLocally(TestNG.java:1176)
	at org.testng.TestNG.runSuites(TestNG.java:1099)
	at org.testng.TestNG.run(TestNG.java:1067)
	at org.testng.remote.AbstractRemoteTestNG.run(AbstractRemoteTestNG.java:115)
	at org.testng.remote.RemoteTestNG.initAndRun(RemoteTestNG.java:251)
	at org.testng.remote.RemoteTestNG.main(RemoteTestNG.java:77)
</div></td></tr></table><p class="totop"><a href="#summary">back to summary</a></p>
<h3 id="m11">com.telemarket.task.test.TLMKT_TestDataAll#testDataAllActivity_status_invalid</h3><table class="result"><tr class="param"><th>Parameter #1</th><th>Parameter #2</th><th>Parameter #3</th><th>Parameter #4</th><th>Parameter #5</th><th>Parameter #6</th></tr><tr class="param stripe"><td>Grand Am</td><td>Call</td><td>Tidak Tersambung</td><td>Nomer Salah</td><td>Nomer Salah</td><td>Nomer Salah</td></tr><tr><th colspan="6">Messages</th></tr><tr><td colspan="6"><div class="messages"><img src='file://D:\selenium-workspace\TLMKT\TELEMARKETING\hasilScreenshot\20220714_093420.png'height="450" width="1017"/></div></td></tr><tr><th colspan="6">Exception</th></tr><tr><td colspan="6"><div class="stacktrace">java.lang.AssertionError: expected [true] but found [false]
	at org.testng.Assert.fail(Assert.java:110)
	at org.testng.Assert.failNotEquals(Assert.java:1413)
	at org.testng.Assert.assertTrue(Assert.java:56)
	at org.testng.Assert.assertTrue(Assert.java:66)
	at com.telemarket.task.test.TLMKT_TestDataAll.verifyDataInTable(TLMKT_TestDataAll.java:108)
	at com.telemarket.task.test.TLMKT_TestDataAll.testDataAllActivity_status_invalid(TLMKT_TestDataAll.java:1120)
	at java.base/jdk.internal.reflect.NativeMethodAccessorImpl.invoke0(Native Method)
	at java.base/jdk.internal.reflect.NativeMethodAccessorImpl.invoke(NativeMethodAccessorImpl.java:77)
	at java.base/jdk.internal.reflect.DelegatingMethodAccessorImpl.invoke(DelegatingMethodAccessorImpl.java:43)
	at java.base/java.lang.reflect.Method.invoke(Method.java:568)
	at org.testng.internal.invokers.MethodInvocationHelper.invokeMethod(MethodInvocationHelper.java:139)
	at org.testng.internal.invokers.TestInvoker.invokeMethod(TestInvoker.java:677)
	at org.testng.internal.invokers.TestInvoker.invokeTestMethod(TestInvoker.java:221)
	at org.testng.internal.invokers.MethodRunner.runInSequence(MethodRunner.java:50)
	at org.testng.internal.invokers.TestInvoker$MethodInvocationAgent.invoke(TestInvoker.java:962)
	at org.testng.internal.invokers.TestInvoker.invokeTestMethods(TestInvoker.java:194)
	at org.testng.internal.invokers.TestMethodWorker.invokeTestMethods(TestMethodWorker.java:148)
	at org.testng.internal.invokers.TestMethodWorker.run(TestMethodWorker.java:128)
	at java.base/java.util.ArrayList.forEach(ArrayList.java:1511)
	at org.testng.TestRunner.privateRun(TestRunner.java:806)
	at org.testng.TestRunner.run(TestRunner.java:601)
	at org.testng.SuiteRunner.runTest(SuiteRunner.java:433)
	at org.testng.SuiteRunner.runSequentially(SuiteRunner.java:427)
	at org.testng.SuiteRunner.privateRun(SuiteRunner.java:387)
	at org.testng.SuiteRunner.run(SuiteRunner.java:330)
	at org.testng.SuiteRunnerWorker.runSuite(SuiteRunnerWorker.java:52)
	at org.testng.SuiteRunnerWorker.run(SuiteRunnerWorker.java:95)
	at org.testng.TestNG.runSuitesSequentially(TestNG.java:1256)
	at org.testng.TestNG.runSuitesLocally(TestNG.java:1176)
	at org.testng.TestNG.runSuites(TestNG.java:1099)
	at org.testng.TestNG.run(TestNG.java:1067)
	at org.testng.remote.AbstractRemoteTestNG.run(AbstractRemoteTestNG.java:115)
	at org.testng.remote.RemoteTestNG.initAndRun(RemoteTestNG.java:251)
	at org.testng.remote.RemoteTestNG.main(RemoteTestNG.java:77)
</div></td></tr></table><p class="totop"><a href="#summary">back to summary</a></p>
<h3 id="m12">com.telemarket.task.test.TLMKT_TestDataAll#testDataAllActivity_status_resultBerhasil_reasonBerhasil</h3><table class="result"><tr><th>Exception</th></tr><tr><td><div class="stacktrace">org.openqa.selenium.NoSuchElementException: no such element: Unable to locate element: {&quot;method&quot;:&quot;xpath&quot;,&quot;selector&quot;:&quot;(//option[@value=&apos;Berhasil&apos;][normalize-space()=&apos;Berhasil&apos;])[2]&quot;}
  (Session info: chrome=103.0.5060.114)
For documentation on this error, please visit: https://selenium.dev/exceptions/#no_such_element
Build info: version: &apos;4.0.0&apos;, revision: &apos;3a21814679&apos;
System info: host: &apos;DESKTOP-0MGR9KI&apos;, ip: &apos;10.0.0.221&apos;, os.name: &apos;Windows 11&apos;, os.arch: &apos;amd64&apos;, os.version: &apos;10.0&apos;, java.version: &apos;17.0.2&apos;
Driver info: org.openqa.selenium.chrome.ChromeDriver
Command: [1ba13ce7212cd8c99aea0613ea7e4602, findElement {using=xpath, value=(//option[@value=&apos;Berhasil&apos;][normalize-space()=&apos;Berhasil&apos;])[2]}]
Capabilities {acceptInsecureCerts: false, browserName: chrome, browserVersion: 103.0.5060.114, chrome: {chromedriverVersion: 102.0.5005.61 (0e59bcc00cc4..., userDataDir: C:\Users\nexsoft\AppData\Lo...}, goog:chromeOptions: {debuggerAddress: localhost:61072}, javascriptEnabled: true, networkConnectionEnabled: false, pageLoadStrategy: normal, platform: WINDOWS, platformName: WINDOWS, proxy: Proxy(), se:cdp: ws://localhost:61072/devtoo..., se:cdpVersion: 103.0.5060.114, setWindowRect: true, strictFileInteractability: false, timeouts: {implicit: 0, pageLoad: 300000, script: 30000}, unhandledPromptBehavior: dismiss and notify, webauthn:extension:credBlob: true, webauthn:extension:largeBlob: true, webauthn:virtualAuthenticators: true}
Session ID: 1ba13ce7212cd8c99aea0613ea7e4602
	at java.base/jdk.internal.reflect.NativeConstructorAccessorImpl.newInstance0(Native Method)
	at java.base/jdk.internal.reflect.NativeConstructorAccessorImpl.newInstance(NativeConstructorAccessorImpl.java:77)
	at java.base/jdk.internal.reflect.DelegatingConstructorAccessorImpl.newInstance(DelegatingConstructorAccessorImpl.java:45)
	at java.base/java.lang.reflect.Constructor.newInstanceWithCaller(Constructor.java:499)
	at java.base/java.lang.reflect.Constructor.newInstance(Constructor.java:480)
	at org.openqa.selenium.remote.codec.w3c.W3CHttpResponseCodec.createException(W3CHttpResponseCodec.java:200)
	at org.openqa.selenium.remote.codec.w3c.W3CHttpResponseCodec.decode(W3CHttpResponseCodec.java:133)
	at org.openqa.selenium.remote.codec.w3c.W3CHttpResponseCodec.decode(W3CHttpResponseCodec.java:53)
	at org.openqa.selenium.remote.HttpCommandExecutor.execute(HttpCommandExecutor.java:184)
	at org.openqa.selenium.remote.service.DriverCommandExecutor.invokeExecute(DriverCommandExecutor.java:164)
	at org.openqa.selenium.remote.service.DriverCommandExecutor.execute(DriverCommandExecutor.java:139)
	at org.openqa.selenium.remote.RemoteWebDriver.execute(RemoteWebDriver.java:559)
	at org.openqa.selenium.remote.ElementLocation$ElementFinder$2.findElement(ElementLocation.java:162)
	at org.openqa.selenium.remote.ElementLocation.findElement(ElementLocation.java:60)
	at org.openqa.selenium.remote.RemoteWebDriver.findElement(RemoteWebDriver.java:383)
	at org.openqa.selenium.remote.RemoteWebDriver.findElement(RemoteWebDriver.java:375)
	at org.openqa.selenium.support.pagefactory.DefaultElementLocator.findElement(DefaultElementLocator.java:70)
	at org.openqa.selenium.support.pagefactory.internal.LocatingElementHandler.invoke(LocatingElementHandler.java:39)
	at jdk.proxy2/jdk.proxy2.$Proxy18.click(Unknown Source)
	at com.telemarket.task.pom.TaskDataAllPage.clickStatus(TaskDataAllPage.java:540)
	at com.telemarket.task.test.TLMKT_TestDataAll.testDataAllActivity_status_resultBerhasil_reasonBerhasil(TLMKT_TestDataAll.java:1017)
	at java.base/jdk.internal.reflect.NativeMethodAccessorImpl.invoke0(Native Method)
	at java.base/jdk.internal.reflect.NativeMethodAccessorImpl.invoke(NativeMethodAccessorImpl.java:77)
	at java.base/jdk.internal.reflect.DelegatingMethodAccessorImpl.invoke(DelegatingMethodAccessorImpl.java:43)
	at java.base/java.lang.reflect.Method.invoke(Method.java:568)
	at org.testng.internal.invokers.MethodInvocationHelper.invokeMethod(MethodInvocationHelper.java:139)
	at org.testng.internal.invokers.TestInvoker.invokeMethod(TestInvoker.java:677)
	at org.testng.internal.invokers.TestInvoker.invokeTestMethod(TestInvoker.java:221)
	at org.testng.internal.invokers.MethodRunner.runInSequence(MethodRunner.java:50)
	at org.testng.internal.invokers.TestInvoker$MethodInvocationAgent.invoke(TestInvoker.java:962)
	at org.testng.internal.invokers.TestInvoker.invokeTestMethods(TestInvoker.java:194)
	at org.testng.internal.invokers.TestMethodWorker.invokeTestMethods(TestMethodWorker.java:148)
	at org.testng.internal.invokers.TestMethodWorker.run(TestMethodWorker.java:128)
	at java.base/java.util.ArrayList.forEach(ArrayList.java:1511)
	at org.testng.TestRunner.privateRun(TestRunner.java:806)
	at org.testng.TestRunner.run(TestRunner.java:601)
	at org.testng.SuiteRunner.runTest(SuiteRunner.java:433)
	at org.testng.SuiteRunner.runSequentially(SuiteRunner.java:427)
	at org.testng.SuiteRunner.privateRun(SuiteRunner.java:387)
	at org.testng.SuiteRunner.run(SuiteRunner.java:330)
	at org.testng.SuiteRunnerWorker.runSuite(SuiteRunnerWorker.java:52)
	at org.testng.SuiteRunnerWorker.run(SuiteRunnerWorker.java:95)
	at org.testng.TestNG.runSuitesSequentially(TestNG.java:1256)
	at org.testng.TestNG.runSuitesLocally(TestNG.java:1176)
	at org.testng.TestNG.runSuites(TestNG.java:1099)
	at org.testng.TestNG.run(TestNG.java:1067)
	at org.testng.remote.AbstractRemoteTestNG.run(AbstractRemoteTestNG.java:115)
	at org.testng.remote.RemoteTestNG.initAndRun(RemoteTestNG.java:251)
	at org.testng.remote.RemoteTestNG.main(RemoteTestNG.java:77)
</div></td></tr></table><p class="totop"><a href="#summary">back to summary</a></p>
<h3 id="m13">com.telemarket.task.test.TLMKT_TestDataAll#testDataAllActivity_status_saveAgree</h3><table class="result"><tr class="param"><th>Parameter #1</th><th>Parameter #2</th><th>Parameter #3</th><th>Parameter #4</th><th>Parameter #5</th><th>Parameter #6</th></tr><tr class="param stripe"><td>kopi</td><td>Whatsapp</td><td>Tersambung</td><td>Diangkat</td><td>Setuju</td><td>Follow Up Download</td></tr><tr><th colspan="6">Messages</th></tr><tr><td colspan="6"><div class="messages"><img src='file://D:\selenium-workspace\TLMKT\TELEMARKETING\hasilScreenshot\20220714_091300.png'height="450" width="1017"/></div></td></tr><tr><th colspan="6">Exception</th></tr><tr><td colspan="6"><div class="stacktrace">java.lang.AssertionError: expected [true] but found [false]
	at org.testng.Assert.fail(Assert.java:110)
	at org.testng.Assert.failNotEquals(Assert.java:1413)
	at org.testng.Assert.assertTrue(Assert.java:56)
	at org.testng.Assert.assertTrue(Assert.java:66)
	at com.telemarket.task.test.TLMKT_TestDataAll.verifyDataInTable(TLMKT_TestDataAll.java:108)
	at com.telemarket.task.test.TLMKT_TestDataAll.testDataAllActivity_status_saveAgree(TLMKT_TestDataAll.java:805)
	at java.base/jdk.internal.reflect.NativeMethodAccessorImpl.invoke0(Native Method)
	at java.base/jdk.internal.reflect.NativeMethodAccessorImpl.invoke(NativeMethodAccessorImpl.java:77)
	at java.base/jdk.internal.reflect.DelegatingMethodAccessorImpl.invoke(DelegatingMethodAccessorImpl.java:43)
	at java.base/java.lang.reflect.Method.invoke(Method.java:568)
	at org.testng.internal.invokers.MethodInvocationHelper.invokeMethod(MethodInvocationHelper.java:139)
	at org.testng.internal.invokers.TestInvoker.invokeMethod(TestInvoker.java:677)
	at org.testng.internal.invokers.TestInvoker.invokeTestMethod(TestInvoker.java:221)
	at org.testng.internal.invokers.MethodRunner.runInSequence(MethodRunner.java:50)
	at org.testng.internal.invokers.TestInvoker$MethodInvocationAgent.invoke(TestInvoker.java:962)
	at org.testng.internal.invokers.TestInvoker.invokeTestMethods(TestInvoker.java:194)
	at org.testng.internal.invokers.TestMethodWorker.invokeTestMethods(TestMethodWorker.java:148)
	at org.testng.internal.invokers.TestMethodWorker.run(TestMethodWorker.java:128)
	at java.base/java.util.ArrayList.forEach(ArrayList.java:1511)
	at org.testng.TestRunner.privateRun(TestRunner.java:806)
	at org.testng.TestRunner.run(TestRunner.java:601)
	at org.testng.SuiteRunner.runTest(SuiteRunner.java:433)
	at org.testng.SuiteRunner.runSequentially(SuiteRunner.java:427)
	at org.testng.SuiteRunner.privateRun(SuiteRunner.java:387)
	at org.testng.SuiteRunner.run(SuiteRunner.java:330)
	at org.testng.SuiteRunnerWorker.runSuite(SuiteRunnerWorker.java:52)
	at org.testng.SuiteRunnerWorker.run(SuiteRunnerWorker.java:95)
	at org.testng.TestNG.runSuitesSequentially(TestNG.java:1256)
	at org.testng.TestNG.runSuitesLocally(TestNG.java:1176)
	at org.testng.TestNG.runSuites(TestNG.java:1099)
	at org.testng.TestNG.run(TestNG.java:1067)
	at org.testng.remote.AbstractRemoteTestNG.run(AbstractRemoteTestNG.java:115)
	at org.testng.remote.RemoteTestNG.initAndRun(RemoteTestNG.java:251)
	at org.testng.remote.RemoteTestNG.main(RemoteTestNG.java:77)
</div></td></tr></table><p class="totop"><a href="#summary">back to summary</a></p>
<h3 id="m14">com.telemarket.task.test.TLMKT_TestDataAll#testDataAllActivity_status_saveAgree</h3><table class="result"><tr class="param"><th>Parameter #1</th><th>Parameter #2</th><th>Parameter #3</th><th>Parameter #4</th><th>Parameter #5</th><th>Parameter #6</th></tr><tr class="param stripe"><td>kopi</td><td>Call</td><td>Tersambung</td><td>Diangkat</td><td>Setuju</td><td>Follow Up Download</td></tr><tr><th colspan="6">Messages</th></tr><tr><td colspan="6"><div class="messages"><img src='file://D:\selenium-workspace\TLMKT\TELEMARKETING\hasilScreenshot\20220714_091232.png'height="450" width="1017"/></div></td></tr><tr><th colspan="6">Exception</th></tr><tr><td colspan="6"><div class="stacktrace">java.lang.AssertionError: expected [true] but found [false]
	at org.testng.Assert.fail(Assert.java:110)
	at org.testng.Assert.failNotEquals(Assert.java:1413)
	at org.testng.Assert.assertTrue(Assert.java:56)
	at org.testng.Assert.assertTrue(Assert.java:66)
	at com.telemarket.task.test.TLMKT_TestDataAll.verifyDataInTable(TLMKT_TestDataAll.java:108)
	at com.telemarket.task.test.TLMKT_TestDataAll.testDataAllActivity_status_saveAgree(TLMKT_TestDataAll.java:805)
	at java.base/jdk.internal.reflect.NativeMethodAccessorImpl.invoke0(Native Method)
	at java.base/jdk.internal.reflect.NativeMethodAccessorImpl.invoke(NativeMethodAccessorImpl.java:77)
	at java.base/jdk.internal.reflect.DelegatingMethodAccessorImpl.invoke(DelegatingMethodAccessorImpl.java:43)
	at java.base/java.lang.reflect.Method.invoke(Method.java:568)
	at org.testng.internal.invokers.MethodInvocationHelper.invokeMethod(MethodInvocationHelper.java:139)
	at org.testng.internal.invokers.TestInvoker.invokeMethod(TestInvoker.java:677)
	at org.testng.internal.invokers.TestInvoker.invokeTestMethod(TestInvoker.java:221)
	at org.testng.internal.invokers.MethodRunner.runInSequence(MethodRunner.java:50)
	at org.testng.internal.invokers.TestInvoker$MethodInvocationAgent.invoke(TestInvoker.java:962)
	at org.testng.internal.invokers.TestInvoker.invokeTestMethods(TestInvoker.java:194)
	at org.testng.internal.invokers.TestMethodWorker.invokeTestMethods(TestMethodWorker.java:148)
	at org.testng.internal.invokers.TestMethodWorker.run(TestMethodWorker.java:128)
	at java.base/java.util.ArrayList.forEach(ArrayList.java:1511)
	at org.testng.TestRunner.privateRun(TestRunner.java:806)
	at org.testng.TestRunner.run(TestRunner.java:601)
	at org.testng.SuiteRunner.runTest(SuiteRunner.java:433)
	at org.testng.SuiteRunner.runSequentially(SuiteRunner.java:427)
	at org.testng.SuiteRunner.privateRun(SuiteRunner.java:387)
	at org.testng.SuiteRunner.run(SuiteRunner.java:330)
	at org.testng.SuiteRunnerWorker.runSuite(SuiteRunnerWorker.java:52)
	at org.testng.SuiteRunnerWorker.run(SuiteRunnerWorker.java:95)
	at org.testng.TestNG.runSuitesSequentially(TestNG.java:1256)
	at org.testng.TestNG.runSuitesLocally(TestNG.java:1176)
	at org.testng.TestNG.runSuites(TestNG.java:1099)
	at org.testng.TestNG.run(TestNG.java:1067)
	at org.testng.remote.AbstractRemoteTestNG.run(AbstractRemoteTestNG.java:115)
	at org.testng.remote.RemoteTestNG.initAndRun(RemoteTestNG.java:251)
	at org.testng.remote.RemoteTestNG.main(RemoteTestNG.java:77)
</div></td></tr></table><p class="totop"><a href="#summary">back to summary</a></p>
<h3 id="m15">com.telemarket.task.test.TLMKT_TestDataAll#testDataAllActivity_status_saveAgree</h3><table class="result"><tr class="param"><th>Parameter #1</th><th>Parameter #2</th><th>Parameter #3</th><th>Parameter #4</th><th>Parameter #5</th><th>Parameter #6</th></tr><tr class="param stripe"><td>Dakota Club</td><td>Whatsapp</td><td>Tersambung</td><td>Diangkat</td><td>Setuju</td><td>Berhasil Download</td></tr><tr><th colspan="6">Exception</th></tr><tr><td colspan="6"><div class="stacktrace">org.openqa.selenium.NoSuchElementException: no such element: Unable to locate element: {&quot;method&quot;:&quot;xpath&quot;,&quot;selector&quot;:&quot;(//option[@value=&apos;Diangkat&apos;])[1]&quot;}
  (Session info: chrome=103.0.5060.114)
For documentation on this error, please visit: https://selenium.dev/exceptions/#no_such_element
Build info: version: &apos;4.0.0&apos;, revision: &apos;3a21814679&apos;
System info: host: &apos;DESKTOP-0MGR9KI&apos;, ip: &apos;10.0.0.221&apos;, os.name: &apos;Windows 11&apos;, os.arch: &apos;amd64&apos;, os.version: &apos;10.0&apos;, java.version: &apos;17.0.2&apos;
Driver info: org.openqa.selenium.chrome.ChromeDriver
Command: [908bc8633ac15fb47a3a02d0b3c9bc35, findElement {using=xpath, value=(//option[@value=&apos;Diangkat&apos;])[1]}]
Capabilities {acceptInsecureCerts: false, browserName: chrome, browserVersion: 103.0.5060.114, chrome: {chromedriverVersion: 102.0.5005.61 (0e59bcc00cc4..., userDataDir: C:\Users\nexsoft\AppData\Lo...}, goog:chromeOptions: {debuggerAddress: localhost:59890}, javascriptEnabled: true, networkConnectionEnabled: false, pageLoadStrategy: normal, platform: WINDOWS, platformName: WINDOWS, proxy: Proxy(), se:cdp: ws://localhost:59890/devtoo..., se:cdpVersion: 103.0.5060.114, setWindowRect: true, strictFileInteractability: false, timeouts: {implicit: 0, pageLoad: 300000, script: 30000}, unhandledPromptBehavior: dismiss and notify, webauthn:extension:credBlob: true, webauthn:extension:largeBlob: true, webauthn:virtualAuthenticators: true}
Session ID: 908bc8633ac15fb47a3a02d0b3c9bc35
	at java.base/jdk.internal.reflect.NativeConstructorAccessorImpl.newInstance0(Native Method)
	at java.base/jdk.internal.reflect.NativeConstructorAccessorImpl.newInstance(NativeConstructorAccessorImpl.java:77)
	at java.base/jdk.internal.reflect.DelegatingConstructorAccessorImpl.newInstance(DelegatingConstructorAccessorImpl.java:45)
	at java.base/java.lang.reflect.Constructor.newInstanceWithCaller(Constructor.java:499)
	at java.base/java.lang.reflect.Constructor.newInstance(Constructor.java:480)
	at org.openqa.selenium.remote.codec.w3c.W3CHttpResponseCodec.createException(W3CHttpResponseCodec.java:200)
	at org.openqa.selenium.remote.codec.w3c.W3CHttpResponseCodec.decode(W3CHttpResponseCodec.java:133)
	at org.openqa.selenium.remote.codec.w3c.W3CHttpResponseCodec.decode(W3CHttpResponseCodec.java:53)
	at org.openqa.selenium.remote.HttpCommandExecutor.execute(HttpCommandExecutor.java:184)
	at org.openqa.selenium.remote.service.DriverCommandExecutor.invokeExecute(DriverCommandExecutor.java:164)
	at org.openqa.selenium.remote.service.DriverCommandExecutor.execute(DriverCommandExecutor.java:139)
	at org.openqa.selenium.remote.RemoteWebDriver.execute(RemoteWebDriver.java:559)
	at org.openqa.selenium.remote.ElementLocation$ElementFinder$2.findElement(ElementLocation.java:162)
	at org.openqa.selenium.remote.ElementLocation.findElement(ElementLocation.java:60)
	at org.openqa.selenium.remote.RemoteWebDriver.findElement(RemoteWebDriver.java:383)
	at org.openqa.selenium.remote.RemoteWebDriver.findElement(RemoteWebDriver.java:375)
	at org.openqa.selenium.support.pagefactory.DefaultElementLocator.findElement(DefaultElementLocator.java:70)
	at org.openqa.selenium.support.pagefactory.internal.LocatingElementHandler.invoke(LocatingElementHandler.java:39)
	at jdk.proxy2/jdk.proxy2.$Proxy18.click(Unknown Source)
	at com.telemarket.task.pom.TaskDataAllPage.clickStatus(TaskDataAllPage.java:452)
	at com.telemarket.task.test.TLMKT_TestDataAll.testDataAllActivity_status_saveAgree(TLMKT_TestDataAll.java:792)
	at java.base/jdk.internal.reflect.NativeMethodAccessorImpl.invoke0(Native Method)
	at java.base/jdk.internal.reflect.NativeMethodAccessorImpl.invoke(NativeMethodAccessorImpl.java:77)
	at java.base/jdk.internal.reflect.DelegatingMethodAccessorImpl.invoke(DelegatingMethodAccessorImpl.java:43)
	at java.base/java.lang.reflect.Method.invoke(Method.java:568)
	at org.testng.internal.invokers.MethodInvocationHelper.invokeMethod(MethodInvocationHelper.java:139)
	at org.testng.internal.invokers.TestInvoker.invokeMethod(TestInvoker.java:677)
	at org.testng.internal.invokers.TestInvoker.invokeTestMethod(TestInvoker.java:221)
	at org.testng.internal.invokers.MethodRunner.runInSequence(MethodRunner.java:50)
	at org.testng.internal.invokers.TestInvoker$MethodInvocationAgent.invoke(TestInvoker.java:962)
	at org.testng.internal.invokers.TestInvoker.invokeTestMethods(TestInvoker.java:194)
	at org.testng.internal.invokers.TestMethodWorker.invokeTestMethods(TestMethodWorker.java:148)
	at org.testng.internal.invokers.TestMethodWorker.run(TestMethodWorker.java:128)
	at java.base/java.util.ArrayList.forEach(ArrayList.java:1511)
	at org.testng.TestRunner.privateRun(TestRunner.java:806)
	at org.testng.TestRunner.run(TestRunner.java:601)
	at org.testng.SuiteRunner.runTest(SuiteRunner.java:433)
	at org.testng.SuiteRunner.runSequentially(SuiteRunner.java:427)
	at org.testng.SuiteRunner.privateRun(SuiteRunner.java:387)
	at org.testng.SuiteRunner.run(SuiteRunner.java:330)
	at org.testng.SuiteRunnerWorker.runSuite(SuiteRunnerWorker.java:52)
	at org.testng.SuiteRunnerWorker.run(SuiteRunnerWorker.java:95)
	at org.testng.TestNG.runSuitesSequentially(TestNG.java:1256)
	at org.testng.TestNG.runSuitesLocally(TestNG.java:1176)
	at org.testng.TestNG.runSuites(TestNG.java:1099)
	at org.testng.TestNG.run(TestNG.java:1067)
	at org.testng.remote.AbstractRemoteTestNG.run(AbstractRemoteTestNG.java:115)
	at org.testng.remote.RemoteTestNG.initAndRun(RemoteTestNG.java:251)
	at org.testng.remote.RemoteTestNG.main(RemoteTestNG.java:77)
</div></td></tr></table><p class="totop"><a href="#summary">back to summary</a></p>
<h3 id="m16">com.telemarket.task.test.TLMKT_TestDataAll#testDataAllActivity_status_saveFollowUp</h3><table class="result"><tr class="param"><th>Parameter #1</th><th>Parameter #2</th><th>Parameter #3</th><th>Parameter #4</th><th>Parameter #5</th><th>Parameter #6</th></tr><tr class="param stripe"><td>Dakota Club</td><td>Call</td><td>Tersambung</td><td>Diangkat</td><td>Follow Up</td><td>Minta Pendapat Partner/Pasangan/Orangtua</td></tr><tr><th colspan="6">Exception</th></tr><tr><td colspan="6"><div class="stacktrace">org.openqa.selenium.NoSuchElementException: no such element: Unable to locate element: {&quot;method&quot;:&quot;xpath&quot;,&quot;selector&quot;:&quot;(//option[@value=&apos;Diangkat&apos;])[1]&quot;}
  (Session info: chrome=103.0.5060.114)
For documentation on this error, please visit: https://selenium.dev/exceptions/#no_such_element
Build info: version: &apos;4.0.0&apos;, revision: &apos;3a21814679&apos;
System info: host: &apos;DESKTOP-0MGR9KI&apos;, ip: &apos;10.0.0.221&apos;, os.name: &apos;Windows 11&apos;, os.arch: &apos;amd64&apos;, os.version: &apos;10.0&apos;, java.version: &apos;17.0.2&apos;
Driver info: org.openqa.selenium.chrome.ChromeDriver
Command: [267690f49ab343559e13dbe69c9128ae, findElement {using=xpath, value=(//option[@value=&apos;Diangkat&apos;])[1]}]
Capabilities {acceptInsecureCerts: false, browserName: chrome, browserVersion: 103.0.5060.114, chrome: {chromedriverVersion: 102.0.5005.61 (0e59bcc00cc4..., userDataDir: C:\Users\nexsoft\AppData\Lo...}, goog:chromeOptions: {debuggerAddress: localhost:60072}, javascriptEnabled: true, networkConnectionEnabled: false, pageLoadStrategy: normal, platform: WINDOWS, platformName: WINDOWS, proxy: Proxy(), se:cdp: ws://localhost:60072/devtoo..., se:cdpVersion: 103.0.5060.114, setWindowRect: true, strictFileInteractability: false, timeouts: {implicit: 0, pageLoad: 300000, script: 30000}, unhandledPromptBehavior: dismiss and notify, webauthn:extension:credBlob: true, webauthn:extension:largeBlob: true, webauthn:virtualAuthenticators: true}
Session ID: 267690f49ab343559e13dbe69c9128ae
	at java.base/jdk.internal.reflect.NativeConstructorAccessorImpl.newInstance0(Native Method)
	at java.base/jdk.internal.reflect.NativeConstructorAccessorImpl.newInstance(NativeConstructorAccessorImpl.java:77)
	at java.base/jdk.internal.reflect.DelegatingConstructorAccessorImpl.newInstance(DelegatingConstructorAccessorImpl.java:45)
	at java.base/java.lang.reflect.Constructor.newInstanceWithCaller(Constructor.java:499)
	at java.base/java.lang.reflect.Constructor.newInstance(Constructor.java:480)
	at org.openqa.selenium.remote.codec.w3c.W3CHttpResponseCodec.createException(W3CHttpResponseCodec.java:200)
	at org.openqa.selenium.remote.codec.w3c.W3CHttpResponseCodec.decode(W3CHttpResponseCodec.java:133)
	at org.openqa.selenium.remote.codec.w3c.W3CHttpResponseCodec.decode(W3CHttpResponseCodec.java:53)
	at org.openqa.selenium.remote.HttpCommandExecutor.execute(HttpCommandExecutor.java:184)
	at org.openqa.selenium.remote.service.DriverCommandExecutor.invokeExecute(DriverCommandExecutor.java:164)
	at org.openqa.selenium.remote.service.DriverCommandExecutor.execute(DriverCommandExecutor.java:139)
	at org.openqa.selenium.remote.RemoteWebDriver.execute(RemoteWebDriver.java:559)
	at org.openqa.selenium.remote.ElementLocation$ElementFinder$2.findElement(ElementLocation.java:162)
	at org.openqa.selenium.remote.ElementLocation.findElement(ElementLocation.java:60)
	at org.openqa.selenium.remote.RemoteWebDriver.findElement(RemoteWebDriver.java:383)
	at org.openqa.selenium.remote.RemoteWebDriver.findElement(RemoteWebDriver.java:375)
	at org.openqa.selenium.support.pagefactory.DefaultElementLocator.findElement(DefaultElementLocator.java:70)
	at org.openqa.selenium.support.pagefactory.internal.LocatingElementHandler.invoke(LocatingElementHandler.java:39)
	at jdk.proxy2/jdk.proxy2.$Proxy18.click(Unknown Source)
	at com.telemarket.task.pom.TaskDataAllPage.clickStatus(TaskDataAllPage.java:452)
	at com.telemarket.task.test.TLMKT_TestDataAll.testDataAllActivity_status_saveFollowUp(TLMKT_TestDataAll.java:852)
	at java.base/jdk.internal.reflect.NativeMethodAccessorImpl.invoke0(Native Method)
	at java.base/jdk.internal.reflect.NativeMethodAccessorImpl.invoke(NativeMethodAccessorImpl.java:77)
	at java.base/jdk.internal.reflect.DelegatingMethodAccessorImpl.invoke(DelegatingMethodAccessorImpl.java:43)
	at java.base/java.lang.reflect.Method.invoke(Method.java:568)
	at org.testng.internal.invokers.MethodInvocationHelper.invokeMethod(MethodInvocationHelper.java:139)
	at org.testng.internal.invokers.TestInvoker.invokeMethod(TestInvoker.java:677)
	at org.testng.internal.invokers.TestInvoker.invokeTestMethod(TestInvoker.java:221)
	at org.testng.internal.invokers.MethodRunner.runInSequence(MethodRunner.java:50)
	at org.testng.internal.invokers.TestInvoker$MethodInvocationAgent.invoke(TestInvoker.java:962)
	at org.testng.internal.invokers.TestInvoker.invokeTestMethods(TestInvoker.java:194)
	at org.testng.internal.invokers.TestMethodWorker.invokeTestMethods(TestMethodWorker.java:148)
	at org.testng.internal.invokers.TestMethodWorker.run(TestMethodWorker.java:128)
	at java.base/java.util.ArrayList.forEach(ArrayList.java:1511)
	at org.testng.TestRunner.privateRun(TestRunner.java:806)
	at org.testng.TestRunner.run(TestRunner.java:601)
	at org.testng.SuiteRunner.runTest(SuiteRunner.java:433)
	at org.testng.SuiteRunner.runSequentially(SuiteRunner.java:427)
	at org.testng.SuiteRunner.privateRun(SuiteRunner.java:387)
	at org.testng.SuiteRunner.run(SuiteRunner.java:330)
	at org.testng.SuiteRunnerWorker.runSuite(SuiteRunnerWorker.java:52)
	at org.testng.SuiteRunnerWorker.run(SuiteRunnerWorker.java:95)
	at org.testng.TestNG.runSuitesSequentially(TestNG.java:1256)
	at org.testng.TestNG.runSuitesLocally(TestNG.java:1176)
	at org.testng.TestNG.runSuites(TestNG.java:1099)
	at org.testng.TestNG.run(TestNG.java:1067)
	at org.testng.remote.AbstractRemoteTestNG.run(AbstractRemoteTestNG.java:115)
	at org.testng.remote.RemoteTestNG.initAndRun(RemoteTestNG.java:251)
	at org.testng.remote.RemoteTestNG.main(RemoteTestNG.java:77)
</div></td></tr></table><p class="totop"><a href="#summary">back to summary</a></p>
<h3 id="m17">com.telemarket.task.test.TLMKT_TestDataAll#testDataAllActivity_status_saveTolak_whatsapp</h3><table class="result"><tr class="param"><th>Parameter #1</th><th>Parameter #2</th><th>Parameter #3</th><th>Parameter #4</th><th>Parameter #5</th><th>Parameter #6</th></tr><tr class="param stripe"><td>Dakota Club</td><td>Whatsapp</td><td>Tersambung</td><td>Diangkat</td><td>Tolak</td><td>Tidak Mau Dipersulit Menggunakan Tokko</td></tr><tr><th colspan="6">Exception</th></tr><tr><td colspan="6"><div class="stacktrace">org.openqa.selenium.NoSuchElementException: no such element: Unable to locate element: {&quot;method&quot;:&quot;xpath&quot;,&quot;selector&quot;:&quot;//option[@value=&apos;Tidak Mau Dipersulit Menggunakan Tokko&apos;]&quot;}
  (Session info: chrome=103.0.5060.114)
For documentation on this error, please visit: https://selenium.dev/exceptions/#no_such_element
Build info: version: &apos;4.0.0&apos;, revision: &apos;3a21814679&apos;
System info: host: &apos;DESKTOP-0MGR9KI&apos;, ip: &apos;10.0.0.221&apos;, os.name: &apos;Windows 11&apos;, os.arch: &apos;amd64&apos;, os.version: &apos;10.0&apos;, java.version: &apos;17.0.2&apos;
Driver info: org.openqa.selenium.chrome.ChromeDriver
Command: [9f4d92e48e676908fb9b44320ce8368f, findElement {using=xpath, value=//option[@value=&apos;Tidak Mau Dipersulit Menggunakan Tokko&apos;]}]
Capabilities {acceptInsecureCerts: false, browserName: chrome, browserVersion: 103.0.5060.114, chrome: {chromedriverVersion: 102.0.5005.61 (0e59bcc00cc4..., userDataDir: C:\Users\nexsoft\AppData\Lo...}, goog:chromeOptions: {debuggerAddress: localhost:60899}, javascriptEnabled: true, networkConnectionEnabled: false, pageLoadStrategy: normal, platform: WINDOWS, platformName: WINDOWS, proxy: Proxy(), se:cdp: ws://localhost:60899/devtoo..., se:cdpVersion: 103.0.5060.114, setWindowRect: true, strictFileInteractability: false, timeouts: {implicit: 0, pageLoad: 300000, script: 30000}, unhandledPromptBehavior: dismiss and notify, webauthn:extension:credBlob: true, webauthn:extension:largeBlob: true, webauthn:virtualAuthenticators: true}
Session ID: 9f4d92e48e676908fb9b44320ce8368f
	at java.base/jdk.internal.reflect.NativeConstructorAccessorImpl.newInstance0(Native Method)
	at java.base/jdk.internal.reflect.NativeConstructorAccessorImpl.newInstance(NativeConstructorAccessorImpl.java:77)
	at java.base/jdk.internal.reflect.DelegatingConstructorAccessorImpl.newInstance(DelegatingConstructorAccessorImpl.java:45)
	at java.base/java.lang.reflect.Constructor.newInstanceWithCaller(Constructor.java:499)
	at java.base/java.lang.reflect.Constructor.newInstance(Constructor.java:480)
	at org.openqa.selenium.remote.codec.w3c.W3CHttpResponseCodec.createException(W3CHttpResponseCodec.java:200)
	at org.openqa.selenium.remote.codec.w3c.W3CHttpResponseCodec.decode(W3CHttpResponseCodec.java:133)
	at org.openqa.selenium.remote.codec.w3c.W3CHttpResponseCodec.decode(W3CHttpResponseCodec.java:53)
	at org.openqa.selenium.remote.HttpCommandExecutor.execute(HttpCommandExecutor.java:184)
	at org.openqa.selenium.remote.service.DriverCommandExecutor.invokeExecute(DriverCommandExecutor.java:164)
	at org.openqa.selenium.remote.service.DriverCommandExecutor.execute(DriverCommandExecutor.java:139)
	at org.openqa.selenium.remote.RemoteWebDriver.execute(RemoteWebDriver.java:559)
	at org.openqa.selenium.remote.ElementLocation$ElementFinder$2.findElement(ElementLocation.java:162)
	at org.openqa.selenium.remote.ElementLocation.findElement(ElementLocation.java:60)
	at org.openqa.selenium.remote.RemoteWebDriver.findElement(RemoteWebDriver.java:383)
	at org.openqa.selenium.remote.RemoteWebDriver.findElement(RemoteWebDriver.java:375)
	at org.openqa.selenium.support.pagefactory.DefaultElementLocator.findElement(DefaultElementLocator.java:70)
	at org.openqa.selenium.support.pagefactory.internal.LocatingElementHandler.invoke(LocatingElementHandler.java:39)
	at jdk.proxy2/jdk.proxy2.$Proxy18.click(Unknown Source)
	at com.telemarket.task.pom.TaskDataAllPage.clickStatus(TaskDataAllPage.java:518)
	at com.telemarket.task.test.TLMKT_TestDataAll.testDataAllActivity_status_saveTolak_whatsapp(TLMKT_TestDataAll.java:974)
	at java.base/jdk.internal.reflect.NativeMethodAccessorImpl.invoke0(Native Method)
	at java.base/jdk.internal.reflect.NativeMethodAccessorImpl.invoke(NativeMethodAccessorImpl.java:77)
	at java.base/jdk.internal.reflect.DelegatingMethodAccessorImpl.invoke(DelegatingMethodAccessorImpl.java:43)
	at java.base/java.lang.reflect.Method.invoke(Method.java:568)
	at org.testng.internal.invokers.MethodInvocationHelper.invokeMethod(MethodInvocationHelper.java:139)
	at org.testng.internal.invokers.TestInvoker.invokeMethod(TestInvoker.java:677)
	at org.testng.internal.invokers.TestInvoker.invokeTestMethod(TestInvoker.java:221)
	at org.testng.internal.invokers.MethodRunner.runInSequence(MethodRunner.java:50)
	at org.testng.internal.invokers.TestInvoker$MethodInvocationAgent.invoke(TestInvoker.java:962)
	at org.testng.internal.invokers.TestInvoker.invokeTestMethods(TestInvoker.java:194)
	at org.testng.internal.invokers.TestMethodWorker.invokeTestMethods(TestMethodWorker.java:148)
	at org.testng.internal.invokers.TestMethodWorker.run(TestMethodWorker.java:128)
	at java.base/java.util.ArrayList.forEach(ArrayList.java:1511)
	at org.testng.TestRunner.privateRun(TestRunner.java:806)
	at org.testng.TestRunner.run(TestRunner.java:601)
	at org.testng.SuiteRunner.runTest(SuiteRunner.java:433)
	at org.testng.SuiteRunner.runSequentially(SuiteRunner.java:427)
	at org.testng.SuiteRunner.privateRun(SuiteRunner.java:387)
	at org.testng.SuiteRunner.run(SuiteRunner.java:330)
	at org.testng.SuiteRunnerWorker.runSuite(SuiteRunnerWorker.java:52)
	at org.testng.SuiteRunnerWorker.run(SuiteRunnerWorker.java:95)
	at org.testng.TestNG.runSuitesSequentially(TestNG.java:1256)
	at org.testng.TestNG.runSuitesLocally(TestNG.java:1176)
	at org.testng.TestNG.runSuites(TestNG.java:1099)
	at org.testng.TestNG.run(TestNG.java:1067)
	at org.testng.remote.AbstractRemoteTestNG.run(AbstractRemoteTestNG.java:115)
	at org.testng.remote.RemoteTestNG.initAndRun(RemoteTestNG.java:251)
	at org.testng.remote.RemoteTestNG.main(RemoteTestNG.java:77)
</div></td></tr></table><p class="totop"><a href="#summary">back to summary</a></p>
<h3 id="m18">com.telemarket.task.test.TLMKT_TestDataAll#testDataAllActivity_status_saveTolak_whatsapp</h3><table class="result"><tr class="param"><th>Parameter #1</th><th>Parameter #2</th><th>Parameter #3</th><th>Parameter #4</th><th>Parameter #5</th><th>Parameter #6</th></tr><tr class="param stripe"><td>Dakota Club</td><td>Whatsapp</td><td>Tersambung</td><td>Diangkat</td><td>Tolak</td><td>Terlalu Banyak Aplikasi atau Platform</td></tr><tr><th colspan="6">Exception</th></tr><tr><td colspan="6"><div class="stacktrace">org.openqa.selenium.NoSuchElementException: no such element: Unable to locate element: {&quot;method&quot;:&quot;xpath&quot;,&quot;selector&quot;:&quot;(//option[@value=&apos;Diangkat&apos;])[1]&quot;}
  (Session info: chrome=103.0.5060.114)
For documentation on this error, please visit: https://selenium.dev/exceptions/#no_such_element
Build info: version: &apos;4.0.0&apos;, revision: &apos;3a21814679&apos;
System info: host: &apos;DESKTOP-0MGR9KI&apos;, ip: &apos;10.0.0.221&apos;, os.name: &apos;Windows 11&apos;, os.arch: &apos;amd64&apos;, os.version: &apos;10.0&apos;, java.version: &apos;17.0.2&apos;
Driver info: org.openqa.selenium.chrome.ChromeDriver
Command: [a4c60b1b7c1b490e3a4f5f565d6c504e, findElement {using=xpath, value=(//option[@value=&apos;Diangkat&apos;])[1]}]
Capabilities {acceptInsecureCerts: false, browserName: chrome, browserVersion: 103.0.5060.114, chrome: {chromedriverVersion: 102.0.5005.61 (0e59bcc00cc4..., userDataDir: C:\Users\nexsoft\AppData\Lo...}, goog:chromeOptions: {debuggerAddress: localhost:60926}, javascriptEnabled: true, networkConnectionEnabled: false, pageLoadStrategy: normal, platform: WINDOWS, platformName: WINDOWS, proxy: Proxy(), se:cdp: ws://localhost:60926/devtoo..., se:cdpVersion: 103.0.5060.114, setWindowRect: true, strictFileInteractability: false, timeouts: {implicit: 0, pageLoad: 300000, script: 30000}, unhandledPromptBehavior: dismiss and notify, webauthn:extension:credBlob: true, webauthn:extension:largeBlob: true, webauthn:virtualAuthenticators: true}
Session ID: a4c60b1b7c1b490e3a4f5f565d6c504e
	at java.base/jdk.internal.reflect.NativeConstructorAccessorImpl.newInstance0(Native Method)
	at java.base/jdk.internal.reflect.NativeConstructorAccessorImpl.newInstance(NativeConstructorAccessorImpl.java:77)
	at java.base/jdk.internal.reflect.DelegatingConstructorAccessorImpl.newInstance(DelegatingConstructorAccessorImpl.java:45)
	at java.base/java.lang.reflect.Constructor.newInstanceWithCaller(Constructor.java:499)
	at java.base/java.lang.reflect.Constructor.newInstance(Constructor.java:480)
	at org.openqa.selenium.remote.codec.w3c.W3CHttpResponseCodec.createException(W3CHttpResponseCodec.java:200)
	at org.openqa.selenium.remote.codec.w3c.W3CHttpResponseCodec.decode(W3CHttpResponseCodec.java:133)
	at org.openqa.selenium.remote.codec.w3c.W3CHttpResponseCodec.decode(W3CHttpResponseCodec.java:53)
	at org.openqa.selenium.remote.HttpCommandExecutor.execute(HttpCommandExecutor.java:184)
	at org.openqa.selenium.remote.service.DriverCommandExecutor.invokeExecute(DriverCommandExecutor.java:164)
	at org.openqa.selenium.remote.service.DriverCommandExecutor.execute(DriverCommandExecutor.java:139)
	at org.openqa.selenium.remote.RemoteWebDriver.execute(RemoteWebDriver.java:559)
	at org.openqa.selenium.remote.ElementLocation$ElementFinder$2.findElement(ElementLocation.java:162)
	at org.openqa.selenium.remote.ElementLocation.findElement(ElementLocation.java:60)
	at org.openqa.selenium.remote.RemoteWebDriver.findElement(RemoteWebDriver.java:383)
	at org.openqa.selenium.remote.RemoteWebDriver.findElement(RemoteWebDriver.java:375)
	at org.openqa.selenium.support.pagefactory.DefaultElementLocator.findElement(DefaultElementLocator.java:70)
	at org.openqa.selenium.support.pagefactory.internal.LocatingElementHandler.invoke(LocatingElementHandler.java:39)
	at jdk.proxy2/jdk.proxy2.$Proxy18.click(Unknown Source)
	at com.telemarket.task.pom.TaskDataAllPage.clickStatus(TaskDataAllPage.java:452)
	at com.telemarket.task.test.TLMKT_TestDataAll.testDataAllActivity_status_saveTolak_whatsapp(TLMKT_TestDataAll.java:974)
	at java.base/jdk.internal.reflect.NativeMethodAccessorImpl.invoke0(Native Method)
	at java.base/jdk.internal.reflect.NativeMethodAccessorImpl.invoke(NativeMethodAccessorImpl.java:77)
	at java.base/jdk.internal.reflect.DelegatingMethodAccessorImpl.invoke(DelegatingMethodAccessorImpl.java:43)
	at java.base/java.lang.reflect.Method.invoke(Method.java:568)
	at org.testng.internal.invokers.MethodInvocationHelper.invokeMethod(MethodInvocationHelper.java:139)
	at org.testng.internal.invokers.TestInvoker.invokeMethod(TestInvoker.java:677)
	at org.testng.internal.invokers.TestInvoker.invokeTestMethod(TestInvoker.java:221)
	at org.testng.internal.invokers.MethodRunner.runInSequence(MethodRunner.java:50)
	at org.testng.internal.invokers.TestInvoker$MethodInvocationAgent.invoke(TestInvoker.java:962)
	at org.testng.internal.invokers.TestInvoker.invokeTestMethods(TestInvoker.java:194)
	at org.testng.internal.invokers.TestMethodWorker.invokeTestMethods(TestMethodWorker.java:148)
	at org.testng.internal.invokers.TestMethodWorker.run(TestMethodWorker.java:128)
	at java.base/java.util.ArrayList.forEach(ArrayList.java:1511)
	at org.testng.TestRunner.privateRun(TestRunner.java:806)
	at org.testng.TestRunner.run(TestRunner.java:601)
	at org.testng.SuiteRunner.runTest(SuiteRunner.java:433)
	at org.testng.SuiteRunner.runSequentially(SuiteRunner.java:427)
	at org.testng.SuiteRunner.privateRun(SuiteRunner.java:387)
	at org.testng.SuiteRunner.run(SuiteRunner.java:330)
	at org.testng.SuiteRunnerWorker.runSuite(SuiteRunnerWorker.java:52)
	at org.testng.SuiteRunnerWorker.run(SuiteRunnerWorker.java:95)
	at org.testng.TestNG.runSuitesSequentially(TestNG.java:1256)
	at org.testng.TestNG.runSuitesLocally(TestNG.java:1176)
	at org.testng.TestNG.runSuites(TestNG.java:1099)
	at org.testng.TestNG.run(TestNG.java:1067)
	at org.testng.remote.AbstractRemoteTestNG.run(AbstractRemoteTestNG.java:115)
	at org.testng.remote.RemoteTestNG.initAndRun(RemoteTestNG.java:251)
	at org.testng.remote.RemoteTestNG.main(RemoteTestNG.java:77)
</div></td></tr></table><p class="totop"><a href="#summary">back to summary</a></p>
<h3 id="m19">com.telemarket.task.test.TLMKT_TestDataAll#testAll_clickTable_gotoActivity</h3><table class="result"><tr><th>Messages</th></tr><tr><td><div class="messages"><img src='file://D:\selenium-workspace\TLMKT\TELEMARKETING\hasilScreenshot\20220714_090549.png'height="450" width="1017"/></div></td></tr></table><p class="totop"><a href="#summary">back to summary</a></p>
<h3 id="m20">com.telemarket.task.test.TLMKT_TestDataAll#testDataAllActivity_phoneSelect_phoneAddCancel</h3><table class="result"><tr><th class="invisible"/></tr></table><p class="totop"><a href="#summary">back to summary</a></p>
<h3 id="m21">com.telemarket.task.test.TLMKT_TestDataAll#testDataAllActivity_phoneSelect_phoneAdd_invalid</h3><table class="result"><tr class="param"><th>Parameter #1</th></tr><tr class="param stripe"><td>0821123456789011</td></tr><tr><th>Messages</th></tr><tr><td><div class="messages"><img src='file://D:\selenium-workspace\TLMKT\TELEMARKETING\hasilScreenshot\20220714_090725.png'height="450" width="1017"/></div></td></tr></table><p class="totop"><a href="#summary">back to summary</a></p>
<h3 id="m22">com.telemarket.task.test.TLMKT_TestDataAll#testDataAllActivity_phoneSelect_phoneAdd_invalid</h3><table class="result"><tr class="param"><th>Parameter #1</th></tr><tr class="param stripe"><td>0821</td></tr><tr><th>Messages</th></tr><tr><td><div class="messages"><img src='file://D:\selenium-workspace\TLMKT\TELEMARKETING\hasilScreenshot\20220714_090705.png'height="450" width="1017"/></div></td></tr></table><p class="totop"><a href="#summary">back to summary</a></p>
<h3 id="m23">com.telemarket.task.test.TLMKT_TestDataAll#testDataAllActivity_phoneSelect_phoneAdd_valid</h3><table class="result"><tr><th>Messages</th></tr><tr><td><div class="messages"><img src='file://D:\selenium-workspace\TLMKT\TELEMARKETING\hasilScreenshot\20220714_090646.png'height="450" width="1017"/></div></td></tr></table><p class="totop"><a href="#summary">back to summary</a></p>
<h3 id="m24">com.telemarket.task.test.TLMKT_TestDataAll#testDataAllActivity_sendWA_validPhone_validMsg</h3><table class="result"><tr class="param"><th>Parameter #1</th><th>Parameter #2</th></tr><tr class="param stripe"><td>0812345678901213</td><td></td></tr><tr><th colspan="2">Messages</th></tr><tr><td colspan="2"><div class="messages"><img src='file://D:\selenium-workspace\TLMKT\TELEMARKETING\hasilScreenshot\20220714_091037.png'height="450" width="1017"/></div></td></tr></table><p class="totop"><a href="#summary">back to summary</a></p>
<h3 id="m25">com.telemarket.task.test.TLMKT_TestDataAll#testDataAllActivity_sendWA_validPhone_validMsg</h3><table class="result"><tr class="param"><th>Parameter #1</th><th>Parameter #2</th></tr><tr class="param stripe"><td>0812345678901213</td><td>ini enam belas</td></tr><tr><th colspan="2">Messages</th></tr><tr><td colspan="2"><div class="messages"><img src='file://D:\selenium-workspace\TLMKT\TELEMARKETING\hasilScreenshot\20220714_091013.png'height="450" width="1017"/></div></td></tr></table><p class="totop"><a href="#summary">back to summary</a></p>
<h3 id="m26">com.telemarket.task.test.TLMKT_TestDataAll#testDataAllActivity_sendWA_validPhone_validMsg</h3><table class="result"><tr class="param"><th>Parameter #1</th><th>Parameter #2</th></tr><tr class="param stripe"><td></td><td>ini tanpa nomor</td></tr><tr><th colspan="2">Messages</th></tr><tr><td colspan="2"><div class="messages"><img src='file://D:\selenium-workspace\TLMKT\TELEMARKETING\hasilScreenshot\20220714_090813.png'height="450" width="1017"/></div></td></tr></table><p class="totop"><a href="#summary">back to summary</a></p>
<h3 id="m27">com.telemarket.task.test.TLMKT_TestDataAll#testDataAllActivity_sendWA_validPhone_validMsg</h3><table class="result"><tr class="param"><th>Parameter #1</th><th>Parameter #2</th></tr><tr class="param stripe"><td>082121212121</td><td>ini pesan wa</td></tr><tr><th colspan="2">Messages</th></tr><tr><td colspan="2"><div class="messages"><img src='file://D:\selenium-workspace\TLMKT\TELEMARKETING\hasilScreenshot\20220714_090837.png'height="450" width="1017"/></div></td></tr></table><p class="totop"><a href="#summary">back to summary</a></p>
<h3 id="m28">com.telemarket.task.test.TLMKT_TestDataAll#testDataAllActivity_sendWA_validPhone_validMsg</h3><table class="result"><tr class="param"><th>Parameter #1</th><th>Parameter #2</th></tr><tr class="param stripe"><td></td><td></td></tr><tr><th colspan="2">Messages</th></tr><tr><td colspan="2"><div class="messages"><img src='file://D:\selenium-workspace\TLMKT\TELEMARKETING\hasilScreenshot\20220714_090749.png'height="450" width="1017"/></div></td></tr></table><p class="totop"><a href="#summary">back to summary</a></p>
<h3 id="m29">com.telemarket.task.test.TLMKT_TestDataAll#testDataAllActivity_sendWA_validPhone_validMsg</h3><table class="result"><tr class="param"><th>Parameter #1</th><th>Parameter #2</th></tr><tr class="param stripe"><td>082121212121</td><td></td></tr><tr><th colspan="2">Messages</th></tr><tr><td colspan="2"><div class="messages"><img src='file://D:\selenium-workspace\TLMKT\TELEMARKETING\hasilScreenshot\20220714_090901.png'height="450" width="1017"/></div></td></tr></table><p class="totop"><a href="#summary">back to summary</a></p>
<h3 id="m30">com.telemarket.task.test.TLMKT_TestDataAll#testDataAllActivity_sendWA_validPhone_validMsg</h3><table class="result"><tr class="param"><th>Parameter #1</th><th>Parameter #2</th></tr><tr class="param stripe"><td>0821</td><td>ini empat angka</td></tr><tr><th colspan="2">Messages</th></tr><tr><td colspan="2"><div class="messages"><img src='file://D:\selenium-workspace\TLMKT\TELEMARKETING\hasilScreenshot\20220714_090925.png'height="450" width="1017"/></div></td></tr></table><p class="totop"><a href="#summary">back to summary</a></p>
<h3 id="m31">com.telemarket.task.test.TLMKT_TestDataAll#testDataAllActivity_sendWA_validPhone_validMsg</h3><table class="result"><tr class="param"><th>Parameter #1</th><th>Parameter #2</th></tr><tr class="param stripe"><td>0821</td><td></td></tr><tr><th colspan="2">Messages</th></tr><tr><td colspan="2"><div class="messages"><img src='file://D:\selenium-workspace\TLMKT\TELEMARKETING\hasilScreenshot\20220714_090949.png'height="450" width="1017"/></div></td></tr></table><p class="totop"><a href="#summary">back to summary</a></p>
<h3 id="m32">com.telemarket.task.test.TLMKT_TestDataAll#testDataAllActivity_statusWA_invalid</h3><table class="result"><tr class="param"><th>Parameter #1</th><th>Parameter #2</th><th>Parameter #3</th><th>Parameter #4</th><th>Parameter #5</th><th>Parameter #6</th></tr><tr class="param stripe"><td>Grand Am</td><td>Whatsapp</td><td>Tidak Tersambung</td><td>Nomer Salah</td><td>Nomer Salah</td><td>Nomer Salah</td></tr><tr><th colspan="6">Messages</th></tr><tr><td colspan="6"><div class="messages"><img src='file://D:\selenium-workspace\TLMKT\TELEMARKETING\hasilScreenshot\20220714_093700.png'height="450" width="1017"/></div></td></tr></table><p class="totop"><a href="#summary">back to summary</a></p>
<h3 id="m33">com.telemarket.task.test.TLMKT_TestDataAll#testDataAllActivity_statusWA_invalid</h3><table class="result"><tr class="param"><th>Parameter #1</th><th>Parameter #2</th><th>Parameter #3</th><th>Parameter #4</th><th>Parameter #5</th><th>Parameter #6</th></tr><tr class="param stripe"><td>Grand Am</td><td>Whatsapp</td><td>Tersambung</td><td>Diangkat</td><td>Tidak Berhasil</td><td>Tidak Berhasil</td></tr><tr><th colspan="6">Messages</th></tr><tr><td colspan="6"><div class="messages"><img src='file://D:\selenium-workspace\TLMKT\TELEMARKETING\hasilScreenshot\20220714_093544.png'height="450" width="1017"/></div></td></tr></table><p class="totop"><a href="#summary">back to summary</a></p>
<h3 id="m34">com.telemarket.task.test.TLMKT_TestDataAll#testDataAllActivity_statusWA_invalid</h3><table class="result"><tr class="param"><th>Parameter #1</th><th>Parameter #2</th><th>Parameter #3</th><th>Parameter #4</th><th>Parameter #5</th><th>Parameter #6</th></tr><tr class="param stripe"><td>hei.boo</td><td>Whatsapp</td><td>Tidak Tersambung</td><td>Telepon Not Register</td><td>Tidak Terdaftar</td><td>Tidak Terdaftar</td></tr><tr><th colspan="6">Messages</th></tr><tr><td colspan="6"><div class="messages"><img src='file://D:\selenium-workspace\TLMKT\TELEMARKETING\hasilScreenshot\20220714_093831.png'height="450" width="1017"/></div></td></tr></table><p class="totop"><a href="#summary">back to summary</a></p>
<h3 id="m35">com.telemarket.task.test.TLMKT_TestDataAll#testDataAllActivity_statusWA_invalid</h3><table class="result"><tr class="param"><th>Parameter #1</th><th>Parameter #2</th><th>Parameter #3</th><th>Parameter #4</th><th>Parameter #5</th><th>Parameter #6</th></tr><tr class="param stripe"><td>Grand Am</td><td>Whatsapp</td><td>Tidak Tersambung</td><td>Invalid Number</td><td>Tidak Ada Nomor Telepon</td><td>Tidak Ada Nomor Telepon</td></tr><tr><th colspan="6">Messages</th></tr><tr><td colspan="6"><div class="messages"><img src='file://D:\selenium-workspace\TLMKT\TELEMARKETING\hasilScreenshot\20220714_093802.png'height="450" width="1017"/></div></td></tr></table><p class="totop"><a href="#summary">back to summary</a></p>
<h3 id="m36">com.telemarket.task.test.TLMKT_TestDataAll#testDataAllActivity_statusWA_invalid</h3><table class="result"><tr class="param"><th>Parameter #1</th><th>Parameter #2</th><th>Parameter #3</th><th>Parameter #4</th><th>Parameter #5</th><th>Parameter #6</th></tr><tr class="param stripe"><td>Grand Am</td><td>Whatsapp</td><td>Tersambung</td><td>Salah Sambung</td><td>Salah Sambung</td><td>Salah Sambung</td></tr><tr><th colspan="6">Messages</th></tr><tr><td colspan="6"><div class="messages"><img src='file://D:\selenium-workspace\TLMKT\TELEMARKETING\hasilScreenshot\20220714_093612.png'height="450" width="1017"/></div></td></tr></table><p class="totop"><a href="#summary">back to summary</a></p>
<h3 id="m37">com.telemarket.task.test.TLMKT_TestDataAll#testDataAllActivity_statusWA_invalid</h3><table class="result"><tr class="param"><th>Parameter #1</th><th>Parameter #2</th><th>Parameter #3</th><th>Parameter #4</th><th>Parameter #5</th><th>Parameter #6</th></tr><tr class="param stripe"><td>Grand Am</td><td>Whatsapp</td><td>Tidak Tersambung</td><td>Mailbox</td><td>Mailbox</td><td>Mailbox</td></tr><tr><th colspan="6">Messages</th></tr><tr><td colspan="6"><div class="messages"><img src='file://D:\selenium-workspace\TLMKT\TELEMARKETING\hasilScreenshot\20220714_093729.png'height="450" width="1017"/></div></td></tr></table><p class="totop"><a href="#summary">back to summary</a></p>
<h3 id="m38">com.telemarket.task.test.TLMKT_TestDataAll#testDataAllActivity_status_empty</h3><table class="result"><tr class="param"><th>Parameter #1</th><th>Parameter #2</th><th>Parameter #3</th><th>Parameter #4</th><th>Parameter #5</th><th>Parameter #6</th></tr><tr class="param stripe"><td>Dakota Club</td><td>Call</td><td></td><td></td><td></td><td></td></tr><tr><th colspan="6">Messages</th></tr><tr><td colspan="6"><div class="messages"><img src='file://D:\selenium-workspace\TLMKT\TELEMARKETING\hasilScreenshot\20220714_093903.png'height="450" width="1017"/></div></td></tr></table><p class="totop"><a href="#summary">back to summary</a></p>
<h3 id="m39">com.telemarket.task.test.TLMKT_TestDataAll#testDataAllActivity_status_saveAgree</h3><table class="result"><tr class="param"><th>Parameter #1</th><th>Parameter #2</th><th>Parameter #3</th><th>Parameter #4</th><th>Parameter #5</th><th>Parameter #6</th></tr><tr class="param stripe"><td>Dakota Club</td><td>Call</td><td>Tersambung</td><td>Diangkat</td><td>Setuju</td><td>Berhasil Download</td></tr><tr><th colspan="6">Messages</th></tr><tr><td colspan="6"><div class="messages"><img src='file://D:\selenium-workspace\TLMKT\TELEMARKETING\hasilScreenshot\20220714_091152.png'height="450" width="1017"/></div></td></tr></table><p class="totop"><a href="#summary">back to summary</a></p>
<h3 id="m40">com.telemarket.task.test.TLMKT_TestDataAll#testDataAllActivity_status_saveFollowUp</h3><table class="result"><tr class="param"><th>Parameter #1</th><th>Parameter #2</th><th>Parameter #3</th><th>Parameter #4</th><th>Parameter #5</th><th>Parameter #6</th></tr><tr class="param stripe"><td>Dakota Club</td><td>Whatsapp</td><td>Tersambung</td><td>Diangkat</td><td>Follow Up</td><td>Follow Convert</td></tr><tr><th colspan="6">Messages</th></tr><tr><td colspan="6"><div class="messages"><img src='file://D:\selenium-workspace\TLMKT\TELEMARKETING\hasilScreenshot\20220714_091855.png'height="450" width="1017"/></div></td></tr></table><p class="totop"><a href="#summary">back to summary</a></p>
<h3 id="m41">com.telemarket.task.test.TLMKT_TestDataAll#testDataAllActivity_status_saveFollowUp</h3><table class="result"><tr class="param"><th>Parameter #1</th><th>Parameter #2</th><th>Parameter #3</th><th>Parameter #4</th><th>Parameter #5</th><th>Parameter #6</th></tr><tr class="param stripe"><td>Dakota Club</td><td>Call</td><td>Tersambung</td><td>Diangkat</td><td>Follow Up</td><td>Request Kirim Whatsapp Untuk Dipelajari</td></tr><tr><th colspan="6">Messages</th></tr><tr><td colspan="6"><div class="messages"><img src='file://D:\selenium-workspace\TLMKT\TELEMARKETING\hasilScreenshot\20220714_091402.png'height="450" width="1017"/></div></td></tr></table><p class="totop"><a href="#summary">back to summary</a></p>
<h3 id="m42">com.telemarket.task.test.TLMKT_TestDataAll#testDataAllActivity_status_saveFollowUp</h3><table class="result"><tr class="param"><th>Parameter #1</th><th>Parameter #2</th><th>Parameter #3</th><th>Parameter #4</th><th>Parameter #5</th><th>Parameter #6</th></tr><tr class="param stripe"><td>Dakota Club</td><td>Call</td><td>Tersambung</td><td>Diangkat</td><td>Follow Up</td><td>Follow Up</td></tr><tr><th colspan="6">Messages</th></tr><tr><td colspan="6"><div class="messages"><img src='file://D:\selenium-workspace\TLMKT\TELEMARKETING\hasilScreenshot\20220714_091516.png'height="450" width="1017"/></div></td></tr></table><p class="totop"><a href="#summary">back to summary</a></p>
<h3 id="m43">com.telemarket.task.test.TLMKT_TestDataAll#testDataAllActivity_status_saveFollowUp</h3><table class="result"><tr class="param"><th>Parameter #1</th><th>Parameter #2</th><th>Parameter #3</th><th>Parameter #4</th><th>Parameter #5</th><th>Parameter #6</th></tr><tr class="param stripe"><td>Dakota Club</td><td>Call</td><td>Tersambung</td><td>Diangkat</td><td>Follow Up</td><td>Minta Nomer Manager/Pemilik</td></tr><tr><th colspan="6">Messages</th></tr><tr><td colspan="6"><div class="messages"><img src='file://D:\selenium-workspace\TLMKT\TELEMARKETING\hasilScreenshot\20220714_091433.png'height="450" width="1017"/></div></td></tr></table><p class="totop"><a href="#summary">back to summary</a></p>
<h3 id="m44">com.telemarket.task.test.TLMKT_TestDataAll#testDataAllActivity_status_saveFollowUp</h3><table class="result"><tr class="param"><th>Parameter #1</th><th>Parameter #2</th><th>Parameter #3</th><th>Parameter #4</th><th>Parameter #5</th><th>Parameter #6</th></tr><tr class="param stripe"><td>Dakota Club</td><td>Whatsapp</td><td>Tersambung</td><td>Diangkat</td><td>Follow Up</td><td>Minta Nomer Manager/Pemilik</td></tr><tr><th colspan="6">Messages</th></tr><tr><td colspan="6"><div class="messages"><img src='file://D:\selenium-workspace\TLMKT\TELEMARKETING\hasilScreenshot\20220714_091721.png'height="450" width="1017"/></div></td></tr></table><p class="totop"><a href="#summary">back to summary</a></p>
<h3 id="m45">com.telemarket.task.test.TLMKT_TestDataAll#testDataAllActivity_status_saveFollowUp</h3><table class="result"><tr class="param"><th>Parameter #1</th><th>Parameter #2</th><th>Parameter #3</th><th>Parameter #4</th><th>Parameter #5</th><th>Parameter #6</th></tr><tr class="param stripe"><td>Dakota Club</td><td>Whatsapp</td><td>Tersambung</td><td>Diangkat</td><td>Follow Up</td><td>Telpon Kembali Lain Waktu</td></tr><tr><th colspan="6">Messages</th></tr><tr><td colspan="6"><div class="messages"><img src='file://D:\selenium-workspace\TLMKT\TELEMARKETING\hasilScreenshot\20220714_091618.png'height="450" width="1017"/></div></td></tr></table><p class="totop"><a href="#summary">back to summary</a></p>
<h3 id="m46">com.telemarket.task.test.TLMKT_TestDataAll#testDataAllActivity_status_saveFollowUp</h3><table class="result"><tr class="param"><th>Parameter #1</th><th>Parameter #2</th><th>Parameter #3</th><th>Parameter #4</th><th>Parameter #5</th><th>Parameter #6</th></tr><tr class="param stripe"><td>Dakota Club</td><td>Whatsapp</td><td>Tersambung</td><td>Diangkat</td><td>Follow Up</td><td>Minta Pendapat Partner/Pasangan/Orangtua</td></tr><tr><th colspan="6">Messages</th></tr><tr><td colspan="6"><div class="messages"><img src='file://D:\selenium-workspace\TLMKT\TELEMARKETING\hasilScreenshot\20220714_091752.png'height="450" width="1017"/></div></td></tr></table><p class="totop"><a href="#summary">back to summary</a></p>
<h3 id="m47">com.telemarket.task.test.TLMKT_TestDataAll#testDataAllActivity_status_saveFollowUp</h3><table class="result"><tr class="param"><th>Parameter #1</th><th>Parameter #2</th><th>Parameter #3</th><th>Parameter #4</th><th>Parameter #5</th><th>Parameter #6</th></tr><tr class="param stripe"><td>Dakota Club</td><td>Whatsapp</td><td>Tersambung</td><td>Diangkat</td><td>Follow Up</td><td>Follow Up</td></tr><tr><th colspan="6">Messages</th></tr><tr><td colspan="6"><div class="messages"><img src='file://D:\selenium-workspace\TLMKT\TELEMARKETING\hasilScreenshot\20220714_091823.png'height="450" width="1017"/></div></td></tr></table><p class="totop"><a href="#summary">back to summary</a></p>
<h3 id="m48">com.telemarket.task.test.TLMKT_TestDataAll#testDataAllActivity_status_saveFollowUp</h3><table class="result"><tr class="param"><th>Parameter #1</th><th>Parameter #2</th><th>Parameter #3</th><th>Parameter #4</th><th>Parameter #5</th><th>Parameter #6</th></tr><tr class="param stripe"><td>Dakota Club</td><td>Call</td><td>Tersambung</td><td>Diangkat</td><td>Follow Up</td><td>Follow Convert</td></tr><tr><th colspan="6">Messages</th></tr><tr><td colspan="6"><div class="messages"><img src='file://D:\selenium-workspace\TLMKT\TELEMARKETING\hasilScreenshot\20220714_091547.png'height="450" width="1017"/></div></td></tr></table><p class="totop"><a href="#summary">back to summary</a></p>
<h3 id="m49">com.telemarket.task.test.TLMKT_TestDataAll#testDataAllActivity_status_saveFollowUp</h3><table class="result"><tr class="param"><th>Parameter #1</th><th>Parameter #2</th><th>Parameter #3</th><th>Parameter #4</th><th>Parameter #5</th><th>Parameter #6</th></tr><tr class="param stripe"><td>Dakota Club</td><td>Whatsapp</td><td>Tersambung</td><td>Diangkat</td><td>Follow Up</td><td>Request Kirim Whatsapp Untuk Dipelajari</td></tr><tr><th colspan="6">Messages</th></tr><tr><td colspan="6"><div class="messages"><img src='file://D:\selenium-workspace\TLMKT\TELEMARKETING\hasilScreenshot\20220714_091649.png'height="450" width="1017"/></div></td></tr></table><p class="totop"><a href="#summary">back to summary</a></p>
<h3 id="m50">com.telemarket.task.test.TLMKT_TestDataAll#testDataAllActivity_status_saveFollowUp</h3><table class="result"><tr class="param"><th>Parameter #1</th><th>Parameter #2</th><th>Parameter #3</th><th>Parameter #4</th><th>Parameter #5</th><th>Parameter #6</th></tr><tr class="param stripe"><td>Dakota Club</td><td>Call</td><td>Tersambung</td><td>Diangkat</td><td>Follow Up</td><td>Telpon Kembali Lain Waktu</td></tr><tr><th colspan="6">Messages</th></tr><tr><td colspan="6"><div class="messages"><img src='file://D:\selenium-workspace\TLMKT\TELEMARKETING\hasilScreenshot\20220714_091331.png'height="450" width="1017"/></div></td></tr></table><p class="totop"><a href="#summary">back to summary</a></p>
<h3 id="m51">com.telemarket.task.test.TLMKT_TestDataAll#testDataAllActivity_status_saveTolak</h3><table class="result"><tr class="param"><th>Parameter #1</th><th>Parameter #2</th><th>Parameter #3</th><th>Parameter #4</th><th>Parameter #5</th><th>Parameter #6</th></tr><tr class="param stripe"><td>Dakota Club</td><td>Call</td><td>Tersambung</td><td>Diangkat</td><td>Tolak</td><td>Tidak Mengenal Tokko/Bukukas</td></tr><tr><th colspan="6">Messages</th></tr><tr><td colspan="6"><div class="messages"><img src='file://D:\selenium-workspace\TLMKT\TELEMARKETING\hasilScreenshot\20220714_092156.png'height="450" width="1017"/></div></td></tr></table><p class="totop"><a href="#summary">back to summary</a></p>
<h3 id="m52">com.telemarket.task.test.TLMKT_TestDataAll#testDataAllActivity_status_saveTolak</h3><table class="result"><tr class="param"><th>Parameter #1</th><th>Parameter #2</th><th>Parameter #3</th><th>Parameter #4</th><th>Parameter #5</th><th>Parameter #6</th></tr><tr class="param stripe"><td>Dakota Club</td><td>Call</td><td>Tersambung</td><td>Diangkat</td><td>Tolak</td><td>Terlalu Banyak Aplikasi atau Platform</td></tr><tr><th colspan="6">Messages</th></tr><tr><td colspan="6"><div class="messages"><img src='file://D:\selenium-workspace\TLMKT\TELEMARKETING\hasilScreenshot\20220714_092344.png'height="450" width="1017"/></div></td></tr></table><p class="totop"><a href="#summary">back to summary</a></p>
<h3 id="m53">com.telemarket.task.test.TLMKT_TestDataAll#testDataAllActivity_status_saveTolak</h3><table class="result"><tr class="param"><th>Parameter #1</th><th>Parameter #2</th><th>Parameter #3</th><th>Parameter #4</th><th>Parameter #5</th><th>Parameter #6</th></tr><tr class="param stripe"><td>Dakota Club</td><td>Call</td><td>Tersambung</td><td>Diangkat</td><td>Tolak</td><td>Rating/Comment Buruk Tokko di Sosial Media</td></tr><tr><th colspan="6">Messages</th></tr><tr><td colspan="6"><div class="messages"><img src='file://D:\selenium-workspace\TLMKT\TELEMARKETING\hasilScreenshot\20220714_092232.png'height="450" width="1017"/></div></td></tr></table><p class="totop"><a href="#summary">back to summary</a></p>
<h3 id="m54">com.telemarket.task.test.TLMKT_TestDataAll#testDataAllActivity_status_saveTolak</h3><table class="result"><tr class="param"><th>Parameter #1</th><th>Parameter #2</th><th>Parameter #3</th><th>Parameter #4</th><th>Parameter #5</th><th>Parameter #6</th></tr><tr class="param stripe"><td>Dakota Club</td><td>Call</td><td>Tersambung</td><td>Diangkat</td><td>Tolak</td><td>Lebih Nyaman Dengan Platform Selain Tokko</td></tr><tr><th colspan="6">Messages</th></tr><tr><td colspan="6"><div class="messages"><img src='file://D:\selenium-workspace\TLMKT\TELEMARKETING\hasilScreenshot\20220714_092533.png'height="450" width="1017"/></div></td></tr></table><p class="totop"><a href="#summary">back to summary</a></p>
<h3 id="m55">com.telemarket.task.test.TLMKT_TestDataAll#testDataAllActivity_status_saveTolak</h3><table class="result"><tr class="param"><th>Parameter #1</th><th>Parameter #2</th><th>Parameter #3</th><th>Parameter #4</th><th>Parameter #5</th><th>Parameter #6</th></tr><tr class="param stripe"><td>Dakota Club</td><td>Call</td><td>Tersambung</td><td>Diangkat</td><td>Tolak</td><td>Memory Handphone Penuh</td></tr><tr><th colspan="6">Messages</th></tr><tr><td colspan="6"><div class="messages"><img src='file://D:\selenium-workspace\TLMKT\TELEMARKETING\hasilScreenshot\20220714_092421.png'height="450" width="1017"/></div></td></tr></table><p class="totop"><a href="#summary">back to summary</a></p>
<h3 id="m56">com.telemarket.task.test.TLMKT_TestDataAll#testDataAllActivity_status_saveTolak</h3><table class="result"><tr class="param"><th>Parameter #1</th><th>Parameter #2</th><th>Parameter #3</th><th>Parameter #4</th><th>Parameter #5</th><th>Parameter #6</th></tr><tr class="param stripe"><td>Dakota Club</td><td>Call</td><td>Tersambung</td><td>Diangkat</td><td>Tolak</td><td>Tidak Punya Android</td></tr><tr><th colspan="6">Messages</th></tr><tr><td colspan="6"><div class="messages"><img src='file://D:\selenium-workspace\TLMKT\TELEMARKETING\hasilScreenshot\20220714_092457.png'height="450" width="1017"/></div></td></tr></table><p class="totop"><a href="#summary">back to summary</a></p>
<h3 id="m57">com.telemarket.task.test.TLMKT_TestDataAll#testDataAllActivity_status_saveTolak</h3><table class="result"><tr class="param"><th>Parameter #1</th><th>Parameter #2</th><th>Parameter #3</th><th>Parameter #4</th><th>Parameter #5</th><th>Parameter #6</th></tr><tr class="param stripe"><td>Dakota Club</td><td>Call</td><td>Tersambung</td><td>Diangkat</td><td>Tolak</td><td>Usaha Sudah Tutup/Bangkrut</td></tr><tr><th colspan="6">Messages</th></tr><tr><td colspan="6"><div class="messages"><img src='file://D:\selenium-workspace\TLMKT\TELEMARKETING\hasilScreenshot\20220714_092609.png'height="450" width="1017"/></div></td></tr></table><p class="totop"><a href="#summary">back to summary</a></p>
<h3 id="m58">com.telemarket.task.test.TLMKT_TestDataAll#testDataAllActivity_status_saveTolak</h3><table class="result"><tr class="param"><th>Parameter #1</th><th>Parameter #2</th><th>Parameter #3</th><th>Parameter #4</th><th>Parameter #5</th><th>Parameter #6</th></tr><tr class="param stripe"><td>Dakota Club</td><td>Call</td><td>Tersambung</td><td>Diangkat</td><td>Tolak</td><td>Tidak Fokus Online</td></tr><tr><th colspan="6">Messages</th></tr><tr><td colspan="6"><div class="messages"><img src='file://D:\selenium-workspace\TLMKT\TELEMARKETING\hasilScreenshot\20220714_092007.png'height="450" width="1017"/></div></td></tr></table><p class="totop"><a href="#summary">back to summary</a></p>
<h3 id="m59">com.telemarket.task.test.TLMKT_TestDataAll#testDataAllActivity_status_saveTolak</h3><table class="result"><tr class="param"><th>Parameter #1</th><th>Parameter #2</th><th>Parameter #3</th><th>Parameter #4</th><th>Parameter #5</th><th>Parameter #6</th></tr><tr class="param stripe"><td>Dakota Club</td><td>Call</td><td>Tersambung</td><td>Diangkat</td><td>Tolak</td><td>Tidak Mengerti dan Tidak Bersedia Dijelaskan</td></tr><tr><th colspan="6">Messages</th></tr><tr><td colspan="6"><div class="messages"><img src='file://D:\selenium-workspace\TLMKT\TELEMARKETING\hasilScreenshot\20220714_092120.png'height="450" width="1017"/></div></td></tr></table><p class="totop"><a href="#summary">back to summary</a></p>
<h3 id="m60">com.telemarket.task.test.TLMKT_TestDataAll#testDataAllActivity_status_saveTolak</h3><table class="result"><tr class="param"><th>Parameter #1</th><th>Parameter #2</th><th>Parameter #3</th><th>Parameter #4</th><th>Parameter #5</th><th>Parameter #6</th></tr><tr class="param stripe"><td>Dakota Club</td><td>Call</td><td>Tersambung</td><td>Diangkat</td><td>Tolak</td><td>Tidak Bersedia Memberikan Kontak Owner</td></tr><tr><th colspan="6">Messages</th></tr><tr><td colspan="6"><div class="messages"><img src='file://D:\selenium-workspace\TLMKT\TELEMARKETING\hasilScreenshot\20220714_091931.png'height="450" width="1017"/></div></td></tr></table><p class="totop"><a href="#summary">back to summary</a></p>
<h3 id="m61">com.telemarket.task.test.TLMKT_TestDataAll#testDataAllActivity_status_saveTolak</h3><table class="result"><tr class="param"><th>Parameter #1</th><th>Parameter #2</th><th>Parameter #3</th><th>Parameter #4</th><th>Parameter #5</th><th>Parameter #6</th></tr><tr class="param stripe"><td>Dakota Club</td><td>Call</td><td>Tersambung</td><td>Diangkat</td><td>Tolak</td><td>Tidak Mau Dipersulit Menggunakan Tokko</td></tr><tr><th colspan="6">Messages</th></tr><tr><td colspan="6"><div class="messages"><img src='file://D:\selenium-workspace\TLMKT\TELEMARKETING\hasilScreenshot\20220714_092308.png'height="450" width="1017"/></div></td></tr></table><p class="totop"><a href="#summary">back to summary</a></p>
<h3 id="m62">com.telemarket.task.test.TLMKT_TestDataAll#testDataAllActivity_status_saveTolak</h3><table class="result"><tr class="param"><th>Parameter #1</th><th>Parameter #2</th><th>Parameter #3</th><th>Parameter #4</th><th>Parameter #5</th><th>Parameter #6</th></tr><tr class="param stripe"><td>Dakota Club</td><td>Call</td><td>Tersambung</td><td>Diangkat</td><td>Tolak</td><td>Tidak Tertarik, Tidak Memberi Alasan</td></tr><tr><th colspan="6">Messages</th></tr><tr><td colspan="6"><div class="messages"><img src='file://D:\selenium-workspace\TLMKT\TELEMARKETING\hasilScreenshot\20220714_092043.png'height="450" width="1017"/></div></td></tr></table><p class="totop"><a href="#summary">back to summary</a></p>
<h3 id="m63">com.telemarket.task.test.TLMKT_TestDataAll#testDataAllActivity_status_saveTolak_whatsapp</h3><table class="result"><tr class="param"><th>Parameter #1</th><th>Parameter #2</th><th>Parameter #3</th><th>Parameter #4</th><th>Parameter #5</th><th>Parameter #6</th></tr><tr class="param stripe"><td>Dakota Club</td><td>Whatsapp</td><td>Tersambung</td><td>Diangkat</td><td>Tolak</td><td>Memory Handphone Penuh</td></tr><tr><th colspan="6">Messages</th></tr><tr><td colspan="6"><div class="messages"><img src='file://D:\selenium-workspace\TLMKT\TELEMARKETING\hasilScreenshot\20220714_093049.png'height="450" width="1017"/></div></td></tr></table><p class="totop"><a href="#summary">back to summary</a></p>
<h3 id="m64">com.telemarket.task.test.TLMKT_TestDataAll#testDataAllActivity_status_saveTolak_whatsapp</h3><table class="result"><tr class="param"><th>Parameter #1</th><th>Parameter #2</th><th>Parameter #3</th><th>Parameter #4</th><th>Parameter #5</th><th>Parameter #6</th></tr><tr class="param stripe"><td>Dakota Club</td><td>Whatsapp</td><td>Tersambung</td><td>Diangkat</td><td>Tolak</td><td>Tidak Mengerti dan Tidak Bersedia Dijelaskan</td></tr><tr><th colspan="6">Messages</th></tr><tr><td colspan="6"><div class="messages"><img src='file://D:\selenium-workspace\TLMKT\TELEMARKETING\hasilScreenshot\20220714_092834.png'height="450" width="1017"/></div></td></tr></table><p class="totop"><a href="#summary">back to summary</a></p>
<h3 id="m65">com.telemarket.task.test.TLMKT_TestDataAll#testDataAllActivity_status_saveTolak_whatsapp</h3><table class="result"><tr class="param"><th>Parameter #1</th><th>Parameter #2</th><th>Parameter #3</th><th>Parameter #4</th><th>Parameter #5</th><th>Parameter #6</th></tr><tr class="param stripe"><td>Dakota Club</td><td>Whatsapp</td><td>Tersambung</td><td>Diangkat</td><td>Tolak</td><td>Lebih Nyaman Dengan Platform Selain Tokko</td></tr><tr><th colspan="6">Messages</th></tr><tr><td colspan="6"><div class="messages"><img src='file://D:\selenium-workspace\TLMKT\TELEMARKETING\hasilScreenshot\20220714_093201.png'height="450" width="1017"/></div></td></tr></table><p class="totop"><a href="#summary">back to summary</a></p>
<h3 id="m66">com.telemarket.task.test.TLMKT_TestDataAll#testDataAllActivity_status_saveTolak_whatsapp</h3><table class="result"><tr class="param"><th>Parameter #1</th><th>Parameter #2</th><th>Parameter #3</th><th>Parameter #4</th><th>Parameter #5</th><th>Parameter #6</th></tr><tr class="param stripe"><td>Dakota Club</td><td>Whatsapp</td><td>Tersambung</td><td>Diangkat</td><td>Tolak</td><td>Tidak Bersedia Memberikan Kontak Owner</td></tr><tr><th colspan="6">Messages</th></tr><tr><td colspan="6"><div class="messages"><img src='file://D:\selenium-workspace\TLMKT\TELEMARKETING\hasilScreenshot\20220714_092645.png'height="450" width="1017"/></div></td></tr></table><p class="totop"><a href="#summary">back to summary</a></p>
<h3 id="m67">com.telemarket.task.test.TLMKT_TestDataAll#testDataAllActivity_status_saveTolak_whatsapp</h3><table class="result"><tr class="param"><th>Parameter #1</th><th>Parameter #2</th><th>Parameter #3</th><th>Parameter #4</th><th>Parameter #5</th><th>Parameter #6</th></tr><tr class="param stripe"><td>Dakota Club</td><td>Whatsapp</td><td>Tersambung</td><td>Diangkat</td><td>Tolak</td><td>Rating/Comment Buruk Tokko di Sosial Media</td></tr><tr><th colspan="6">Messages</th></tr><tr><td colspan="6"><div class="messages"><img src='file://D:\selenium-workspace\TLMKT\TELEMARKETING\hasilScreenshot\20220714_092947.png'height="450" width="1017"/></div></td></tr></table><p class="totop"><a href="#summary">back to summary</a></p>
<h3 id="m68">com.telemarket.task.test.TLMKT_TestDataAll#testDataAllActivity_status_saveTolak_whatsapp</h3><table class="result"><tr class="param"><th>Parameter #1</th><th>Parameter #2</th><th>Parameter #3</th><th>Parameter #4</th><th>Parameter #5</th><th>Parameter #6</th></tr><tr class="param stripe"><td>Dakota Club</td><td>Whatsapp</td><td>Tersambung</td><td>Diangkat</td><td>Tolak</td><td>Tidak Mengenal Tokko/Bukukas</td></tr><tr><th colspan="6">Messages</th></tr><tr><td colspan="6"><div class="messages"><img src='file://D:\selenium-workspace\TLMKT\TELEMARKETING\hasilScreenshot\20220714_092911.png'height="450" width="1017"/></div></td></tr></table><p class="totop"><a href="#summary">back to summary</a></p>
<h3 id="m69">com.telemarket.task.test.TLMKT_TestDataAll#testDataAllActivity_status_saveTolak_whatsapp</h3><table class="result"><tr class="param"><th>Parameter #1</th><th>Parameter #2</th><th>Parameter #3</th><th>Parameter #4</th><th>Parameter #5</th><th>Parameter #6</th></tr><tr class="param stripe"><td>Dakota Club</td><td>Whatsapp</td><td>Tersambung</td><td>Diangkat</td><td>Tolak</td><td>Tidak Punya Android</td></tr><tr><th colspan="6">Messages</th></tr><tr><td colspan="6"><div class="messages"><img src='file://D:\selenium-workspace\TLMKT\TELEMARKETING\hasilScreenshot\20220714_093125.png'height="450" width="1017"/></div></td></tr></table><p class="totop"><a href="#summary">back to summary</a></p>
<h3 id="m70">com.telemarket.task.test.TLMKT_TestDataAll#testDataAllActivity_status_saveTolak_whatsapp</h3><table class="result"><tr class="param"><th>Parameter #1</th><th>Parameter #2</th><th>Parameter #3</th><th>Parameter #4</th><th>Parameter #5</th><th>Parameter #6</th></tr><tr class="param stripe"><td>Dakota Club</td><td>Whatsapp</td><td>Tersambung</td><td>Diangkat</td><td>Tolak</td><td>Tidak Tertarik, Tidak Memberi Alasan</td></tr><tr><th colspan="6">Messages</th></tr><tr><td colspan="6"><div class="messages"><img src='file://D:\selenium-workspace\TLMKT\TELEMARKETING\hasilScreenshot\20220714_092758.png'height="450" width="1017"/></div></td></tr></table><p class="totop"><a href="#summary">back to summary</a></p>
<h3 id="m71">com.telemarket.task.test.TLMKT_TestDataAll#testDataAllActivity_status_saveTolak_whatsapp</h3><table class="result"><tr class="param"><th>Parameter #1</th><th>Parameter #2</th><th>Parameter #3</th><th>Parameter #4</th><th>Parameter #5</th><th>Parameter #6</th></tr><tr class="param stripe"><td>Dakota Club</td><td>Whatsapp</td><td>Tersambung</td><td>Diangkat</td><td>Tolak</td><td>Tidak Fokus Online</td></tr><tr><th colspan="6">Messages</th></tr><tr><td colspan="6"><div class="messages"><img src='file://D:\selenium-workspace\TLMKT\TELEMARKETING\hasilScreenshot\20220714_092721.png'height="450" width="1017"/></div></td></tr></table><p class="totop"><a href="#summary">back to summary</a></p>
<h3 id="m72">com.telemarket.task.test.TLMKT_TestDataAll#testDataAllActivity_status_saveTolak_whatsapp</h3><table class="result"><tr class="param"><th>Parameter #1</th><th>Parameter #2</th><th>Parameter #3</th><th>Parameter #4</th><th>Parameter #5</th><th>Parameter #6</th></tr><tr class="param stripe"><td>Dakota Club</td><td>Whatsapp</td><td>Tersambung</td><td>Diangkat</td><td>Tolak</td><td>Usaha Sudah Tutup/Bangkrut</td></tr><tr><th colspan="6">Messages</th></tr><tr><td colspan="6"><div class="messages"><img src='file://D:\selenium-workspace\TLMKT\TELEMARKETING\hasilScreenshot\20220714_093237.png'height="450" width="1017"/></div></td></tr></table><p class="totop"><a href="#summary">back to summary</a></p>
<h3 id="m73">com.telemarket.task.test.TLMKT_TestDataAll#testDataAllActivity_status_valid</h3><table class="result"><tr class="param"><th>Parameter #1</th><th>Parameter #2</th><th>Parameter #3</th><th>Parameter #4</th><th>Parameter #5</th><th>Parameter #6</th></tr><tr class="param stripe"><td>kopi</td><td>Whatsapp</td><td>Tersambung</td><td>Diangkat</td><td>Setuju</td><td>Berhasil Download</td></tr><tr><th colspan="6">Messages</th></tr><tr><td colspan="6"><div class="messages"><img src='file://D:\selenium-workspace\TLMKT\TELEMARKETING\hasilScreenshot\20220714_091118.png'height="450" width="1017"/></div></td></tr></table><p class="totop"><a href="#summary">back to summary</a></p>
<h3 id="m74">com.telemarket.task.test.TLMKT_TestDataAll#testDataAllActivity_status_valid</h3><table class="result"><tr class="param"><th>Parameter #1</th><th>Parameter #2</th><th>Parameter #3</th><th>Parameter #4</th><th>Parameter #5</th><th>Parameter #6</th></tr><tr class="param stripe"><td>kopi</td><td>Call</td><td>Tersambung</td><td>Diangkat</td><td>Setuju</td><td>Berhasil Download</td></tr><tr><th colspan="6">Messages</th></tr><tr><td colspan="6"><div class="messages"><img src='file://D:\selenium-workspace\TLMKT\TELEMARKETING\hasilScreenshot\20220714_091057.png'height="450" width="1017"/></div></td></tr></table><p class="totop"><a href="#summary">back to summary</a></p>
<h3 id="m75">com.telemarket.task.test.TLMKT_TestDataAll#test_all_export_data</h3><table class="result"><tr><th>Messages</th></tr><tr><td><div class="messages"><img src='file://D:\selenium-workspace\TLMKT\TELEMARKETING\hasilScreenshot\20220714_090514.png'height="450" width="1017"/></div></td></tr></table><p class="totop"><a href="#summary">back to summary</a></p>
<h3 id="m76">com.telemarket.task.test.TLMKT_TestDataAll#test_all_search_agent</h3><table class="result"><tr><th>Messages</th></tr><tr><td><div class="messages"><img src='file://D:\selenium-workspace\TLMKT\TELEMARKETING\hasilScreenshot\20220714_090321.png'height="450" width="1017"/></div></td></tr></table><p class="totop"><a href="#summary">back to summary</a></p>
<h3 id="m77">com.telemarket.task.test.TLMKT_TestDataAll#test_all_search_agent_status</h3><table class="result"><tr><th>Messages</th></tr><tr><td><div class="messages"><img src='file://D:\selenium-workspace\TLMKT\TELEMARKETING\hasilScreenshot\20220714_090438.png'height="450" width="1017"/></div></td></tr></table><p class="totop"><a href="#summary">back to summary</a></p>
<h3 id="m78">com.telemarket.task.test.TLMKT_TestDataAll#test_all_search_clickGreen</h3><table class="result"><tr><th>Messages</th></tr><tr><td><div class="messages"><img src='file://D:\selenium-workspace\TLMKT\TELEMARKETING\hasilScreenshot\20220714_090611.png'height="450" width="1017"/></div></td></tr></table><p class="totop"><a href="#summary">back to summary</a></p>
<h3 id="m79">com.telemarket.task.test.TLMKT_TestDataAll#test_all_search_customer_agent</h3><table class="result"><tr><th>Messages</th></tr><tr><td><div class="messages"><img src='file://D:\selenium-workspace\TLMKT\TELEMARKETING\hasilScreenshot\20220714_090356.png'height="450" width="1017"/></div></td></tr></table><p class="totop"><a href="#summary">back to summary</a></p>
<h3 id="m80">com.telemarket.task.test.TLMKT_TestDataAll#test_all_search_customer_agent_status</h3><table class="result"><tr><th>Messages</th></tr><tr><td><div class="messages"><img src='file://D:\selenium-workspace\TLMKT\TELEMARKETING\hasilScreenshot\20220714_090457.png'height="450" width="1017"/></div></td></tr></table><p class="totop"><a href="#summary">back to summary</a></p>
<h3 id="m81">com.telemarket.task.test.TLMKT_TestDataAll#test_all_search_customer_status</h3><table class="result"><tr><th>Messages</th></tr><tr><td><div class="messages"><img src='file://D:\selenium-workspace\TLMKT\TELEMARKETING\hasilScreenshot\20220714_090418.png'height="450" width="1017"/></div></td></tr></table><p class="totop"><a href="#summary">back to summary</a></p>
<h3 id="m82">com.telemarket.task.test.TLMKT_TestDataAll#test_all_search_empty_and_unusual</h3><table class="result"><tr class="param"><th>Parameter #1</th></tr><tr class="param stripe"><td></td></tr><tr><th>Messages</th></tr><tr><td><div class="messages"><img src='file://D:\selenium-workspace\TLMKT\TELEMARKETING\hasilScreenshot\20220714_090241.png'height="450" width="1017"/></div></td></tr></table><p class="totop"><a href="#summary">back to summary</a></p>
<h3 id="m83">com.telemarket.task.test.TLMKT_TestDataAll#test_all_search_empty_and_unusual</h3><table class="result"><tr class="param"><th>Parameter #1</th></tr><tr class="param stripe"><td>@</td></tr><tr><th>Messages</th></tr><tr><td><div class="messages"><img src='file://D:\selenium-workspace\TLMKT\TELEMARKETING\hasilScreenshot\20220714_090300.png'height="450" width="1017"/></div></td></tr></table><p class="totop"><a href="#summary">back to summary</a></p>
<h3 id="m84">com.telemarket.task.test.TLMKT_TestDataAll#test_all_search_status</h3><table class="result"><tr><th>Messages</th></tr><tr><td><div class="messages"><img src='file://D:\selenium-workspace\TLMKT\TELEMARKETING\hasilScreenshot\20220714_090338.png'height="450" width="1017"/></div></td></tr></table><p class="totop"><a href="#summary">back to summary</a></p>
<h3 id="m85">com.telemarket.task.test.TLMKT_TestDataAll#test_all_search_valid</h3><table class="result"><tr class="param"><th>Parameter #1</th></tr><tr class="param stripe"><td>Toko_Adil_3</td></tr><tr><th>Messages</th></tr><tr><td><div class="messages"><img src='file://D:\selenium-workspace\TLMKT\TELEMARKETING\hasilScreenshot\20220714_090222.png'height="450" width="1017"/></div></td></tr></table><p class="totop"><a href="#summary">back to summary</a></p>
</body>
</html>
