<?xml version="1.0" encoding="UTF-8"?>
<!-- Generated by org.testng.reporters.JUnitReportReporter -->
<testsuite hostname="LAPTOP-O6UDEKEP" failures="0" tests="28" name="com.telemarket.test.EditDataTest" time="644.257" errors="1" timestamp="2022-07-15T08:38:21 ICT" skipped="0">
  <testcase classname="com.telemarket.test.EditDataTest" name="editDataTersambungBerhasilDownload" time="23.357"/>
  <system-out/>
  <testcase classname="com.telemarket.test.EditDataTest" name="editDataTersambungFollowUp" time="23.567"/>
  <system-out/>
  <testcase classname="com.telemarket.test.EditDataTest" name="testNewActivity_status_saveFollowUp" time="21.975"/>
  <system-out/>
  <testcase classname="com.telemarket.test.EditDataTest" name="testNewActivity_status_saveFollowUp" time="30.818"/>
  <system-out/>
  <testcase classname="com.telemarket.test.EditDataTest" name="testNewActivity_status_saveFollowUp" time="23.662"/>
  <system-out/>
  <testcase classname="com.telemarket.test.EditDataTest" name="testNewActivity_status_saveFollowUp" time="23.411"/>
  <system-out/>
  <testcase classname="com.telemarket.test.EditDataTest" name="testNewActivity_status_saveFollowUp" time="21.931"/>
  <system-out/>
  <testcase classname="com.telemarket.test.EditDataTest" name="testNewActivity_status_saveFollowUp" time="25.738"/>
  <system-out/>
  <testcase classname="com.telemarket.test.EditDataTest" name="testNewActivity_status_saveTolak" time="22.751"/>
  <system-out/>
  <testcase classname="com.telemarket.test.EditDataTest" name="testNewActivity_status_saveTolak" time="24.969"/>
  <system-out/>
  <testcase classname="com.telemarket.test.EditDataTest" name="testNewActivity_status_saveTolak" time="22.246"/>
  <system-out/>
  <testcase classname="com.telemarket.test.EditDataTest" name="testNewActivity_status_saveTolak" time="21.896"/>
  <system-out/>
  <testcase classname="com.telemarket.test.EditDataTest" name="testNewActivity_status_saveTolak" time="22.235"/>
  <system-out/>
  <testcase classname="com.telemarket.test.EditDataTest" name="testNewActivity_status_saveTolak" time="21.936"/>
  <system-out/>
  <testcase classname="com.telemarket.test.EditDataTest" name="testNewActivity_status_saveTolak" time="23.498"/>
  <system-out/>
  <testcase classname="com.telemarket.test.EditDataTest" name="testNewActivity_status_saveTolak" time="21.940"/>
  <system-out/>
  <testcase classname="com.telemarket.test.EditDataTest" name="testNewActivity_status_saveTolak" time="21.843"/>
  <system-out/>
  <testcase classname="com.telemarket.test.EditDataTest" name="testNewActivity_status_saveTolak" time="21.943"/>
  <system-out/>
  <testcase classname="com.telemarket.test.EditDataTest" name="testNewActivity_status_saveTolak" time="21.797"/>
  <system-out/>
  <testcase classname="com.telemarket.test.EditDataTest" name="testNewActivity_status_saveTolak" time="21.886"/>
  <system-out/>
  <testcase classname="com.telemarket.test.EditDataTest" name="testFollowUpActivity_status_invalid" time="22.029"/>
  <system-out/>
  <testcase classname="com.telemarket.test.EditDataTest" name="testFollowUpActivity_status_invalid" time="23.797"/>
  <system-out/>
  <testcase classname="com.telemarket.test.EditDataTest" name="testFollowUpActivity_status_invalid" time="23.560"/>
  <system-out/>
  <testcase classname="com.telemarket.test.EditDataTest" name="testFollowUpActivity_status_invalid" time="26.958"/>
  <system-out/>
  <testcase classname="com.telemarket.test.EditDataTest" name="testFollowUpActivity_status_invalid" time="22.099"/>
  <system-out/>
  <testcase classname="com.telemarket.test.EditDataTest" name="testFollowUpActivity_status_invalid" time="22.141"/>
  <system-out/>
  <testcase classname="com.telemarket.test.EditDataTest" name="testFollowUpActivity_status_invalid" time="22.119"/>
  <system-out/>
  <testcase classname="com.telemarket.test.EditDataTest" name="testNewActivity_status_resultBerhasil_reasonBerhasil" time="18.155">
    <error message="element not interactable
  (Session info: chrome=103.0.5060.114)
Build info: version: &#039;4.0.0&#039;, revision: &#039;3a21814679&#039;
System info: host: &#039;LAPTOP-O6UDEKEP&#039;, ip: &#039;10.0.0.79&#039;, os.name: &#039;Windows 11&#039;, os.arch: &#039;amd64&#039;, os.version: &#039;10.0&#039;, java.version: &#039;11.0.15&#039;
Driver info: org.openqa.selenium.chrome.ChromeDriver
Command: [20c41dd365d172b7afe5caaa8732b663, clickElement {id=453a9d3c-33fd-4cfd-b19c-32987e786944}]
Capabilities {acceptInsecureCerts: false, browserName: chrome, browserVersion: 103.0.5060.114, chrome: {chromedriverVersion: 102.0.5005.61 (0e59bcc00cc4..., userDataDir: C:\Users\Nexsoft\AppData\Lo...}, goog:chromeOptions: {debuggerAddress: localhost:52385}, javascriptEnabled: true, networkConnectionEnabled: false, pageLoadStrategy: normal, platform: WINDOWS, platformName: WINDOWS, proxy: Proxy(), se:cdp: ws://localhost:52385/devtoo..., se:cdpVersion: 103.0.5060.114, setWindowRect: true, strictFileInteractability: false, timeouts: {implicit: 0, pageLoad: 300000, script: 30000}, unhandledPromptBehavior: dismiss and notify, webauthn:extension:credBlob: true, webauthn:extension:largeBlob: true, webauthn:virtualAuthenticators: true}
Element: [[ChromeDriver: chrome on WINDOWS (20c41dd365d172b7afe5caaa8732b663)] -&gt; xpath: /html/body/div[2]/div[2]/div[1]/div[2]/table/tbody/tr[1]/td[1]/div/div[1]/div[3]/div[2]/button]
Session ID: 20c41dd365d172b7afe5caaa8732b663" type="org.openqa.selenium.ElementNotInteractableException">
      <![CDATA[org.openqa.selenium.ElementNotInteractableException: element not interactable
  (Session info: chrome=103.0.5060.114)
Build info: version: '4.0.0', revision: '3a21814679'
System info: host: 'LAPTOP-O6UDEKEP', ip: '10.0.0.79', os.name: 'Windows 11', os.arch: 'amd64', os.version: '10.0', java.version: '11.0.15'
Driver info: org.openqa.selenium.chrome.ChromeDriver
Command: [20c41dd365d172b7afe5caaa8732b663, clickElement {id=453a9d3c-33fd-4cfd-b19c-32987e786944}]
Capabilities {acceptInsecureCerts: false, browserName: chrome, browserVersion: 103.0.5060.114, chrome: {chromedriverVersion: 102.0.5005.61 (0e59bcc00cc4..., userDataDir: C:\Users\Nexsoft\AppData\Lo...}, goog:chromeOptions: {debuggerAddress: localhost:52385}, javascriptEnabled: true, networkConnectionEnabled: false, pageLoadStrategy: normal, platform: WINDOWS, platformName: WINDOWS, proxy: Proxy(), se:cdp: ws://localhost:52385/devtoo..., se:cdpVersion: 103.0.5060.114, setWindowRect: true, strictFileInteractability: false, timeouts: {implicit: 0, pageLoad: 300000, script: 30000}, unhandledPromptBehavior: dismiss and notify, webauthn:extension:credBlob: true, webauthn:extension:largeBlob: true, webauthn:virtualAuthenticators: true}
Element: [[ChromeDriver: chrome on WINDOWS (20c41dd365d172b7afe5caaa8732b663)] -> xpath: /html/body/div[2]/div[2]/div[1]/div[2]/table/tbody/tr[1]/td[1]/div/div[1]/div[3]/div[2]/button]
Session ID: 20c41dd365d172b7afe5caaa8732b663
at java.base/jdk.internal.reflect.NativeConstructorAccessorImpl.newInstance0(Native Method)
at java.base/jdk.internal.reflect.NativeConstructorAccessorImpl.newInstance(NativeConstructorAccessorImpl.java:62)
at java.base/jdk.internal.reflect.DelegatingConstructorAccessorImpl.newInstance(DelegatingConstructorAccessorImpl.java:45)
at java.base/java.lang.reflect.Constructor.newInstance(Constructor.java:490)
at org.openqa.selenium.remote.codec.w3c.W3CHttpResponseCodec.createException(W3CHttpResponseCodec.java:200)
at org.openqa.selenium.remote.codec.w3c.W3CHttpResponseCodec.decode(W3CHttpResponseCodec.java:133)
at org.openqa.selenium.remote.codec.w3c.W3CHttpResponseCodec.decode(W3CHttpResponseCodec.java:53)
at org.openqa.selenium.remote.HttpCommandExecutor.execute(HttpCommandExecutor.java:184)
at org.openqa.selenium.remote.service.DriverCommandExecutor.invokeExecute(DriverCommandExecutor.java:164)
at org.openqa.selenium.remote.service.DriverCommandExecutor.execute(DriverCommandExecutor.java:139)
at org.openqa.selenium.remote.RemoteWebDriver.execute(RemoteWebDriver.java:559)
at org.openqa.selenium.remote.RemoteWebElement.execute(RemoteWebElement.java:251)
at org.openqa.selenium.remote.RemoteWebElement.click(RemoteWebElement.java:77)
at jdk.internal.reflect.GeneratedMethodAccessor1.invoke(Unknown Source)
at java.base/jdk.internal.reflect.DelegatingMethodAccessorImpl.invoke(DelegatingMethodAccessorImpl.java:43)
at java.base/java.lang.reflect.Method.invoke(Method.java:566)
at org.openqa.selenium.support.pagefactory.internal.LocatingElementHandler.invoke(LocatingElementHandler.java:52)
at com.sun.proxy.$Proxy16.click(Unknown Source)
at com.telemarket.pom.page.Dashboard.clickDataAgree(Dashboard.java:84)
at com.telemarket.test.EditDataTest.testNewActivity_status_resultBerhasil_reasonBerhasil(EditDataTest.java:356)
at java.base/jdk.internal.reflect.NativeMethodAccessorImpl.invoke0(Native Method)
at java.base/jdk.internal.reflect.NativeMethodAccessorImpl.invoke(NativeMethodAccessorImpl.java:62)
at java.base/jdk.internal.reflect.DelegatingMethodAccessorImpl.invoke(DelegatingMethodAccessorImpl.java:43)
at java.base/java.lang.reflect.Method.invoke(Method.java:566)
at org.testng.internal.invokers.MethodInvocationHelper.invokeMethod(MethodInvocationHelper.java:139)
at org.testng.internal.invokers.TestInvoker.invokeMethod(TestInvoker.java:677)
at org.testng.internal.invokers.TestInvoker.invokeTestMethod(TestInvoker.java:221)
at org.testng.internal.invokers.MethodRunner.runInSequence(MethodRunner.java:50)
at org.testng.internal.invokers.TestInvoker$MethodInvocationAgent.invoke(TestInvoker.java:962)
at org.testng.internal.invokers.TestInvoker.invokeTestMethods(TestInvoker.java:194)
at org.testng.internal.invokers.TestMethodWorker.invokeTestMethods(TestMethodWorker.java:148)
at org.testng.internal.invokers.TestMethodWorker.run(TestMethodWorker.java:128)
at java.base/java.util.ArrayList.forEach(ArrayList.java:1541)
at org.testng.TestRunner.privateRun(TestRunner.java:806)
at org.testng.TestRunner.run(TestRunner.java:601)
at org.testng.SuiteRunner.runTest(SuiteRunner.java:433)
at org.testng.SuiteRunner.runSequentially(SuiteRunner.java:427)
at org.testng.SuiteRunner.privateRun(SuiteRunner.java:387)
at org.testng.SuiteRunner.run(SuiteRunner.java:330)
at org.testng.SuiteRunnerWorker.runSuite(SuiteRunnerWorker.java:52)
at org.testng.SuiteRunnerWorker.run(SuiteRunnerWorker.java:95)
at org.testng.TestNG.runSuitesSequentially(TestNG.java:1256)
at org.testng.TestNG.runSuitesLocally(TestNG.java:1176)
at org.testng.TestNG.runSuites(TestNG.java:1099)
at org.testng.TestNG.run(TestNG.java:1067)
at org.testng.remote.AbstractRemoteTestNG.run(AbstractRemoteTestNG.java:115)
at org.testng.remote.RemoteTestNG.initAndRun(RemoteTestNG.java:251)
at org.testng.remote.RemoteTestNG.main(RemoteTestNG.java:77)
]]>
    </error>
  </testcase> <!-- testNewActivity_status_resultBerhasil_reasonBerhasil -->
  <system-out/>
</testsuite> <!-- com.telemarket.test.EditDataTest -->
