<?xml version="1.0" encoding="UTF-8"?>
<!-- Generated by org.testng.reporters.JUnitXMLReporter -->
<testsuite ignored="0" hostname="LAPTOP-O6UDEKEP" failures="30" tests="47" name="User" time="1227.239" errors="0" timestamp="2022-07-13T12:02:56 ICT">
  <testcase classname="com.telemarket.test.UserAddAgentTest" name="addAgentFullNameNull" time="28.595">
    <failure type="java.lang.AssertionError" message="expected [true] but found [false]">
      <![CDATA[java.lang.AssertionError: expected [true] but found [false]
at com.telemarket.pom.message.User.addAgentFullNameNull(User.java:234)
at com.telemarket.test.UserAddAgentTest.addAgentFullNameNull(UserAddAgentTest.java:75)
at java.base/java.util.ArrayList.forEach(ArrayList.java:1541)
... Removed 31 stack frames]]>
    </failure>
  </testcase> <!-- addAgentFullNameNull -->
  <testcase classname="com.telemarket.test.UserAddAgentTest" name="addAgentPrivillegesNameNull" time="28.451">
    <failure type="java.lang.AssertionError" message="expected [true] but found [false]">
      <![CDATA[java.lang.AssertionError: expected [true] but found [false]
at com.telemarket.pom.message.User.addAgentPrivillegesNull(User.java:282)
at com.telemarket.test.UserAddAgentTest.addAgentPrivillegesNameNull(UserAddAgentTest.java:114)
at java.base/java.util.ArrayList.forEach(ArrayList.java:1541)
... Removed 31 stack frames]]>
    </failure>
  </testcase> <!-- addAgentPrivillegesNameNull -->
  <testcase classname="com.telemarket.test.UserAddAgentTest" name="addAgentSpvNull" time="28.409">
    <failure type="java.lang.AssertionError" message="expected [true] but found [false]">
      <![CDATA[java.lang.AssertionError: expected [true] but found [false]
at com.telemarket.pom.message.User.addAgentSupervisorNull(User.java:329)
at com.telemarket.test.UserAddAgentTest.addAgentSpvNull(UserAddAgentTest.java:150)
at java.base/java.util.ArrayList.forEach(ArrayList.java:1541)
... Removed 31 stack frames]]>
    </failure>
  </testcase> <!-- addAgentSpvNull -->
  <testcase classname="com.telemarket.test.UserAddAgentTest" name="addAgentPhoneNull" time="28.289">
    <failure type="java.lang.AssertionError" message="expected [true] but found [false]">
      <![CDATA[java.lang.AssertionError: expected [true] but found [false]
at com.telemarket.pom.message.User.addAgentPhoneNull(User.java:376)
at com.telemarket.test.UserAddAgentTest.addAgentPhoneNull(UserAddAgentTest.java:187)
at java.base/java.util.ArrayList.forEach(ArrayList.java:1541)
... Removed 31 stack frames]]>
    </failure>
  </testcase> <!-- addAgentPhoneNull -->
  <testcase classname="com.telemarket.test.UserAddAgentTest" name="addAgentPhoneString" time="29.025">
    <failure type="java.lang.AssertionError" message="expected [true] but found [false]">
      <![CDATA[java.lang.AssertionError: expected [true] but found [false]
at com.telemarket.pom.message.User.addAgentPhoneSpecialChar(User.java:423)
at com.telemarket.test.UserAddAgentTest.addAgentPhoneString(UserAddAgentTest.java:224)
at java.base/java.util.ArrayList.forEach(ArrayList.java:1541)
... Removed 31 stack frames]]>
    </failure>
  </testcase> <!-- addAgentPhoneString -->
  <testcase classname="com.telemarket.test.UserAddAgentTest" name="addAgentPhoneSpecialChar" time="28.443">
    <failure type="java.lang.AssertionError" message="expected [true] but found [false]">
      <![CDATA[java.lang.AssertionError: expected [true] but found [false]
at com.telemarket.pom.message.User.addAgentPhoneSpecialChar(User.java:423)
at com.telemarket.test.UserAddAgentTest.addAgentPhoneSpecialChar(UserAddAgentTest.java:262)
at java.base/java.util.ArrayList.forEach(ArrayList.java:1541)
... Removed 31 stack frames]]>
    </failure>
  </testcase> <!-- addAgentPhoneSpecialChar -->
  <testcase classname="com.telemarket.test.UserAddAgentTest" name="addAgentExtensionNull" time="28.127">
    <failure type="java.lang.AssertionError" message="expected [true] but found [false]">
      <![CDATA[java.lang.AssertionError: expected [true] but found [false]
at com.telemarket.pom.message.User.addAgentExtensionNull(User.java:469)
at com.telemarket.test.UserAddAgentTest.addAgentExtensionNull(UserAddAgentTest.java:299)
at java.base/java.util.ArrayList.forEach(ArrayList.java:1541)
... Removed 31 stack frames]]>
    </failure>
  </testcase> <!-- addAgentExtensionNull -->
  <testcase classname="com.telemarket.test.UserAddAgentTest" name="addAgentExtensionString" time="28.2">
    <failure type="java.lang.AssertionError" message="expected [true] but found [false]">
      <![CDATA[java.lang.AssertionError: expected [true] but found [false]
at com.telemarket.pom.message.User.addAgentExtensionNull(User.java:469)
at com.telemarket.test.UserAddAgentTest.addAgentExtensionString(UserAddAgentTest.java:337)
at java.base/java.util.ArrayList.forEach(ArrayList.java:1541)
... Removed 31 stack frames]]>
    </failure>
  </testcase> <!-- addAgentExtensionString -->
  <testcase classname="com.telemarket.test.UserAddAgentTest" name="addAgentExtensionSpecialChar" time="28.313">
    <failure type="java.lang.AssertionError" message="expected [true] but found [false]">
      <![CDATA[java.lang.AssertionError: expected [true] but found [false]
at com.telemarket.pom.message.User.addAgentExtensionNull(User.java:469)
at com.telemarket.test.UserAddAgentTest.addAgentExtensionSpecialChar(UserAddAgentTest.java:374)
at java.base/java.util.ArrayList.forEach(ArrayList.java:1541)
... Removed 31 stack frames]]>
    </failure>
  </testcase> <!-- addAgentExtensionSpecialChar -->
  <testcase classname="com.telemarket.test.UserAddAgentTest" name="addAgentUsernameOnlyNumber" time="28.304">
    <failure type="java.lang.AssertionError" message="expected [true] but found [false]">
      <![CDATA[java.lang.AssertionError: expected [true] but found [false]
at com.telemarket.pom.message.User.addAgentUsernameOnlyNumber(User.java:516)
at com.telemarket.test.UserAddAgentTest.addAgentUsernameOnlyNumber(UserAddAgentTest.java:411)
at java.base/java.util.ArrayList.forEach(ArrayList.java:1541)
... Removed 31 stack frames]]>
    </failure>
  </testcase> <!-- addAgentUsernameOnlyNumber -->
  <testcase classname="com.telemarket.test.UserAddAgentTest" name="addAgentSameUsername" time="27.015"/>
  <testcase classname="com.telemarket.test.UserAddAgentTest" name="addAgentUsernameSpecialChar" time="28.188">
    <failure type="java.lang.AssertionError" message="expected [true] but found [false]">
      <![CDATA[java.lang.AssertionError: expected [true] but found [false]
at com.telemarket.pom.message.User.addAgentUsernameOnlyNumber(User.java:516)
at com.telemarket.test.UserAddAgentTest.addAgentUsernameSpecialChar(UserAddAgentTest.java:484)
at java.base/java.util.ArrayList.forEach(ArrayList.java:1541)
... Removed 31 stack frames]]>
    </failure>
  </testcase> <!-- addAgentUsernameSpecialChar -->
  <testcase classname="com.telemarket.test.UserAddAgentTest" name="addAgentUsernameNull" time="26.011">
    <failure type="org.openqa.selenium.ElementClickInterceptedException" message="element click intercepted: Element &amp;lt;span class=&amp;quot;ui-button-text&amp;quot;&amp;gt;...&amp;lt;/span&amp;gt; is not clickable at point (1276, 13). Other element would receive the click: &amp;lt;div class=&amp;quot;ui-widget-overlay ui-front&amp;quot; style=&amp;quot;z-index: 101;&amp;quot;&amp;gt;&amp;lt;/div&amp;gt;
  (Session info: chrome=103.0.5060.114)
Build info: version: &amp;apos;4.0.0&amp;apos;, revision: &amp;apos;3a21814679&amp;apos;
System info: host: &amp;apos;LAPTOP-O6UDEKEP&amp;apos;, ip: &amp;apos;10.0.0.79&amp;apos;, os.name: &amp;apos;Windows 11&amp;apos;, os.arch: &amp;apos;amd64&amp;apos;, os.version: &amp;apos;10.0&amp;apos;, java.version: &amp;apos;11.0.15&amp;apos;
Driver info: org.openqa.selenium.chrome.ChromeDriver
Command: [3d3d653ed39707095344da9e3d813cc8, clickElement {id=1fd0bb9f-69be-4206-bd6a-e4276eb5b360}]
Capabilities {acceptInsecureCerts: false, browserName: chrome, browserVersion: 103.0.5060.114, chrome: {chromedriverVersion: 102.0.5005.61 (0e59bcc00cc4..., userDataDir: C:\Users\Nexsoft\AppData\Lo...}, goog:chromeOptions: {debuggerAddress: localhost:58886}, javascriptEnabled: true, networkConnectionEnabled: false, pageLoadStrategy: normal, platform: WINDOWS, platformName: WINDOWS, proxy: Proxy(), se:cdp: ws://localhost:58886/devtoo..., se:cdpVersion: 103.0.5060.114, setWindowRect: true, strictFileInteractability: false, timeouts: {implicit: 0, pageLoad: 300000, script: 30000}, unhandledPromptBehavior: dismiss and notify, webauthn:extension:credBlob: true, webauthn:extension:largeBlob: true, webauthn:virtualAuthenticators: true}
Element: [[ChromeDriver: chrome on WINDOWS (3d3d653ed39707095344da9e3d813cc8)] -&amp;gt; xpath: //span[normalize-space()=&amp;apos;DEVELOPER&amp;apos;]]
Session ID: 3d3d653ed39707095344da9e3d813cc8">
      <![CDATA[org.openqa.selenium.ElementClickInterceptedException: element click intercepted: Element <span class="ui-button-text">...</span> is not clickable at point (1276, 13). Other element would receive the click: <div class="ui-widget-overlay ui-front" style="z-index: 101;"></div>
  (Session info: chrome=103.0.5060.114)
Build info: version: '4.0.0', revision: '3a21814679'
System info: host: 'LAPTOP-O6UDEKEP', ip: '10.0.0.79', os.name: 'Windows 11', os.arch: 'amd64', os.version: '10.0', java.version: '11.0.15'
Driver info: org.openqa.selenium.chrome.ChromeDriver
Command: [3d3d653ed39707095344da9e3d813cc8, clickElement {id=1fd0bb9f-69be-4206-bd6a-e4276eb5b360}]
Capabilities {acceptInsecureCerts: false, browserName: chrome, browserVersion: 103.0.5060.114, chrome: {chromedriverVersion: 102.0.5005.61 (0e59bcc00cc4..., userDataDir: C:\Users\Nexsoft\AppData\Lo...}, goog:chromeOptions: {debuggerAddress: localhost:58886}, javascriptEnabled: true, networkConnectionEnabled: false, pageLoadStrategy: normal, platform: WINDOWS, platformName: WINDOWS, proxy: Proxy(), se:cdp: ws://localhost:58886/devtoo..., se:cdpVersion: 103.0.5060.114, setWindowRect: true, strictFileInteractability: false, timeouts: {implicit: 0, pageLoad: 300000, script: 30000}, unhandledPromptBehavior: dismiss and notify, webauthn:extension:credBlob: true, webauthn:extension:largeBlob: true, webauthn:virtualAuthenticators: true}
Element: [[ChromeDriver: chrome on WINDOWS (3d3d653ed39707095344da9e3d813cc8)] -> xpath: //span[normalize-space()='DEVELOPER']]
Session ID: 3d3d653ed39707095344da9e3d813cc8
at org.openqa.selenium.remote.codec.w3c.W3CHttpResponseCodec.createException(W3CHttpResponseCodec.java:200)
at org.openqa.selenium.remote.codec.w3c.W3CHttpResponseCodec.decode(W3CHttpResponseCodec.java:133)
at org.openqa.selenium.remote.codec.w3c.W3CHttpResponseCodec.decode(W3CHttpResponseCodec.java:53)
at org.openqa.selenium.remote.HttpCommandExecutor.execute(HttpCommandExecutor.java:184)
at org.openqa.selenium.remote.service.DriverCommandExecutor.invokeExecute(DriverCommandExecutor.java:164)
at org.openqa.selenium.remote.service.DriverCommandExecutor.execute(DriverCommandExecutor.java:139)
at org.openqa.selenium.remote.RemoteWebDriver.execute(RemoteWebDriver.java:559)
at org.openqa.selenium.remote.RemoteWebElement.execute(RemoteWebElement.java:251)
at org.openqa.selenium.remote.RemoteWebElement.click(RemoteWebElement.java:77)
at org.openqa.selenium.support.pagefactory.internal.LocatingElementHandler.invoke(LocatingElementHandler.java:52)
at com.sun.proxy.$Proxy15.click(Unknown Source)
at com.telemarket.pom.page.Dashboard.clickBtnLogoutAtMain(Dashboard.java:48)
at com.telemarket.test.UserAddAgentTest.addAgentUsernameNull(UserAddAgentTest.java:533)
at java.base/java.util.ArrayList.forEach(ArrayList.java:1541)
... Removed 34 stack frames]]>
    </failure>
  </testcase> <!-- addAgentUsernameNull -->
  <testcase classname="com.telemarket.test.UserAddAgentTest" name="addAgentPassString" time="27.14"/>
  <testcase classname="com.telemarket.test.UserAddAgentTest" name="addAgentPassNumber" time="27.212"/>
  <testcase classname="com.telemarket.test.UserAddAgentTest" name="addAgentPassSpecialChar" time="28.257"/>
  <testcase classname="com.telemarket.test.UserAddAgentTest" name="addAgentSameExtension" time="29.19">
    <failure type="java.lang.AssertionError" message="expected [true] but found [false]">
      <![CDATA[java.lang.AssertionError: expected [true] but found [false]
at com.telemarket.pom.message.User.addAgentExtensionNull(User.java:469)
at com.telemarket.test.UserAddAgentTest.addAgentSameExtension(UserAddAgentTest.java:647)
at java.base/java.util.ArrayList.forEach(ArrayList.java:1541)
... Removed 31 stack frames]]>
    </failure>
  </testcase> <!-- addAgentSameExtension -->
  <testcase classname="com.telemarket.test.UserAddAgentTest" name="addAgentCancelButton" time="16.295"/>
  <testcase classname="com.telemarket.test.UserUpdateDataTest" name="updateAgentFullNameNull" time="2.301">
    <failure type="org.openqa.selenium.NoSuchElementException" message="no such element: Unable to locate element: {&amp;quot;method&amp;quot;:&amp;quot;xpath&amp;quot;,&amp;quot;selector&amp;quot;:&amp;quot;//span[normalize-space()=&amp;apos;OK&amp;apos;]&amp;quot;}
  (Session info: chrome=103.0.5060.114)
For documentation on this error, please visit: https://selenium.dev/exceptions/#no_such_element
Build info: version: &amp;apos;4.0.0&amp;apos;, revision: &amp;apos;3a21814679&amp;apos;
System info: host: &amp;apos;LAPTOP-O6UDEKEP&amp;apos;, ip: &amp;apos;10.0.0.79&amp;apos;, os.name: &amp;apos;Windows 11&amp;apos;, os.arch: &amp;apos;amd64&amp;apos;, os.version: &amp;apos;10.0&amp;apos;, java.version: &amp;apos;11.0.15&amp;apos;
Driver info: org.openqa.selenium.chrome.ChromeDriver
Command: [ec363811891ab228acf0ebde9e83e0ca, findElement {using=xpath, value=//span[normalize-space()=&amp;apos;OK&amp;apos;]}]
Capabilities {acceptInsecureCerts: false, browserName: chrome, browserVersion: 103.0.5060.114, chrome: {chromedriverVersion: 102.0.5005.61 (0e59bcc00cc4..., userDataDir: C:\Users\Nexsoft\AppData\Lo...}, goog:chromeOptions: {debuggerAddress: localhost:59071}, javascriptEnabled: true, networkConnectionEnabled: false, pageLoadStrategy: normal, platform: WINDOWS, platformName: WINDOWS, proxy: Proxy(), se:cdp: ws://localhost:59071/devtoo..., se:cdpVersion: 103.0.5060.114, setWindowRect: true, strictFileInteractability: false, timeouts: {implicit: 0, pageLoad: 300000, script: 30000}, unhandledPromptBehavior: dismiss and notify, webauthn:extension:credBlob: true, webauthn:extension:largeBlob: true, webauthn:virtualAuthenticators: true}
Session ID: ec363811891ab228acf0ebde9e83e0ca">
      <![CDATA[org.openqa.selenium.NoSuchElementException: no such element: Unable to locate element: {"method":"xpath","selector":"//span[normalize-space()='OK']"}
  (Session info: chrome=103.0.5060.114)
For documentation on this error, please visit: https://selenium.dev/exceptions/#no_such_element
Build info: version: '4.0.0', revision: '3a21814679'
System info: host: 'LAPTOP-O6UDEKEP', ip: '10.0.0.79', os.name: 'Windows 11', os.arch: 'amd64', os.version: '10.0', java.version: '11.0.15'
Driver info: org.openqa.selenium.chrome.ChromeDriver
Command: [ec363811891ab228acf0ebde9e83e0ca, findElement {using=xpath, value=//span[normalize-space()='OK']}]
Capabilities {acceptInsecureCerts: false, browserName: chrome, browserVersion: 103.0.5060.114, chrome: {chromedriverVersion: 102.0.5005.61 (0e59bcc00cc4..., userDataDir: C:\Users\Nexsoft\AppData\Lo...}, goog:chromeOptions: {debuggerAddress: localhost:59071}, javascriptEnabled: true, networkConnectionEnabled: false, pageLoadStrategy: normal, platform: WINDOWS, platformName: WINDOWS, proxy: Proxy(), se:cdp: ws://localhost:59071/devtoo..., se:cdpVersion: 103.0.5060.114, setWindowRect: true, strictFileInteractability: false, timeouts: {implicit: 0, pageLoad: 300000, script: 30000}, unhandledPromptBehavior: dismiss and notify, webauthn:extension:credBlob: true, webauthn:extension:largeBlob: true, webauthn:virtualAuthenticators: true}
Session ID: ec363811891ab228acf0ebde9e83e0ca
at org.openqa.selenium.remote.codec.w3c.W3CHttpResponseCodec.createException(W3CHttpResponseCodec.java:200)
at org.openqa.selenium.remote.codec.w3c.W3CHttpResponseCodec.decode(W3CHttpResponseCodec.java:133)
at org.openqa.selenium.remote.codec.w3c.W3CHttpResponseCodec.decode(W3CHttpResponseCodec.java:53)
at org.openqa.selenium.remote.HttpCommandExecutor.execute(HttpCommandExecutor.java:184)
at org.openqa.selenium.remote.service.DriverCommandExecutor.invokeExecute(DriverCommandExecutor.java:164)
at org.openqa.selenium.remote.service.DriverCommandExecutor.execute(DriverCommandExecutor.java:139)
at org.openqa.selenium.remote.RemoteWebDriver.execute(RemoteWebDriver.java:559)
at org.openqa.selenium.remote.ElementLocation$ElementFinder$2.findElement(ElementLocation.java:162)
at org.openqa.selenium.remote.ElementLocation.findElement(ElementLocation.java:60)
at org.openqa.selenium.remote.RemoteWebDriver.findElement(RemoteWebDriver.java:383)
at org.openqa.selenium.remote.RemoteWebDriver.findElement(RemoteWebDriver.java:375)
at org.openqa.selenium.support.pagefactory.DefaultElementLocator.findElement(DefaultElementLocator.java:70)
at org.openqa.selenium.support.pagefactory.internal.LocatingElementHandler.invoke(LocatingElementHandler.java:39)
at com.sun.proxy.$Proxy15.click(Unknown Source)
at com.telemarket.test.UserUpdateDataTest.updateAgentFullNameNull(UserUpdateDataTest.java:65)
at java.base/java.util.ArrayList.forEach(ArrayList.java:1541)
... Removed 31 stack frames]]>
    </failure>
  </testcase> <!-- updateAgentFullNameNull -->
  <testcase classname="com.telemarket.test.UserUpdateDataTest" name="updateAgentPrivillegesNull" time="26.12">
    <failure type="java.lang.AssertionError" message="expected [true] but found [false]">
      <![CDATA[java.lang.AssertionError: expected [true] but found [false]
at com.telemarket.pom.message.User.updateAgentPrivNull(User.java:848)
at com.telemarket.test.UserUpdateDataTest.updateAgentPrivillegesNull(UserUpdateDataTest.java:107)
at java.base/java.util.ArrayList.forEach(ArrayList.java:1541)
... Removed 31 stack frames]]>
    </failure>
  </testcase> <!-- updateAgentPrivillegesNull -->
  <testcase classname="com.telemarket.test.UserUpdateDataTest" name="updateAgentSpvNull" time="26.299">
    <failure type="java.lang.AssertionError" message="expected [true] but found [false]">
      <![CDATA[java.lang.AssertionError: expected [true] but found [false]
at com.telemarket.pom.message.User.updateAgentSpvNull(User.java:897)
at com.telemarket.test.UserUpdateDataTest.updateAgentSpvNull(UserUpdateDataTest.java:141)
at java.base/java.util.ArrayList.forEach(ArrayList.java:1541)
... Removed 31 stack frames]]>
    </failure>
  </testcase> <!-- updateAgentSpvNull -->
  <testcase classname="com.telemarket.test.UserUpdateDataTest" name="updateAgentPhoneNull" time="26.267">
    <failure type="java.lang.AssertionError" message="expected [true] but found [false]">
      <![CDATA[java.lang.AssertionError: expected [true] but found [false]
at com.telemarket.pom.message.User.updateAgentPhoneNull(User.java:946)
at com.telemarket.test.UserUpdateDataTest.updateAgentPhoneNull(UserUpdateDataTest.java:176)
at java.base/java.util.ArrayList.forEach(ArrayList.java:1541)
... Removed 31 stack frames]]>
    </failure>
  </testcase> <!-- updateAgentPhoneNull -->
  <testcase classname="com.telemarket.test.UserUpdateDataTest" name="updateAgentPhoneString" time="26.237">
    <failure type="java.lang.AssertionError" message="expected [true] but found [false]">
      <![CDATA[java.lang.AssertionError: expected [true] but found [false]
at com.telemarket.pom.message.User.updateAgentPhoneNull(User.java:946)
at com.telemarket.test.UserUpdateDataTest.updateAgentPhoneString(UserUpdateDataTest.java:211)
at java.base/java.util.ArrayList.forEach(ArrayList.java:1541)
... Removed 31 stack frames]]>
    </failure>
  </testcase> <!-- updateAgentPhoneString -->
  <testcase classname="com.telemarket.test.UserUpdateDataTest" name="updateAgentPhoneSpecialChar" time="26.293">
    <failure type="java.lang.AssertionError" message="expected [true] but found [false]">
      <![CDATA[java.lang.AssertionError: expected [true] but found [false]
at com.telemarket.pom.message.User.updateAgentPhoneNull(User.java:946)
at com.telemarket.test.UserUpdateDataTest.updateAgentPhoneSpecialChar(UserUpdateDataTest.java:248)
at java.base/java.util.ArrayList.forEach(ArrayList.java:1541)
... Removed 31 stack frames]]>
    </failure>
  </testcase> <!-- updateAgentPhoneSpecialChar -->
  <testcase classname="com.telemarket.test.UserUpdateDataTest" name="updateAgentUserAct" time="26.187">
    <failure type="java.lang.AssertionError" message="expected [true] but found [false]">
      <![CDATA[java.lang.AssertionError: expected [true] but found [false]
at com.telemarket.pom.message.User.updateAgentUserActive(User.java:995)
at com.telemarket.test.UserUpdateDataTest.updateAgentUserAct(UserUpdateDataTest.java:283)
at java.base/java.util.ArrayList.forEach(ArrayList.java:1541)
... Removed 31 stack frames]]>
    </failure>
  </testcase> <!-- updateAgentUserAct -->
  <testcase classname="com.telemarket.test.UserUpdateDataTest" name="updateAgentUserNotAct" time="26.284">
    <failure type="java.lang.AssertionError" message="expected [true] but found [false]">
      <![CDATA[java.lang.AssertionError: expected [true] but found [false]
at com.telemarket.pom.message.User.updateAgentUserActive(User.java:995)
at com.telemarket.test.UserUpdateDataTest.updateAgentUserNotAct(UserUpdateDataTest.java:318)
at java.base/java.util.ArrayList.forEach(ArrayList.java:1541)
... Removed 31 stack frames]]>
    </failure>
  </testcase> <!-- updateAgentUserNotAct -->
  <testcase classname="com.telemarket.test.UserUpdateDataTest" name="updateAgentExtensionNull" time="26.188">
    <failure type="java.lang.AssertionError" message="expected [true] but found [false]">
      <![CDATA[java.lang.AssertionError: expected [true] but found [false]
at com.telemarket.pom.message.User.updateAgentExtensionNull(User.java:1044)
at com.telemarket.test.UserUpdateDataTest.updateAgentExtensionNull(UserUpdateDataTest.java:353)
at java.base/java.util.ArrayList.forEach(ArrayList.java:1541)
... Removed 31 stack frames]]>
    </failure>
  </testcase> <!-- updateAgentExtensionNull -->
  <testcase classname="com.telemarket.test.UserUpdateDataTest" name="updateAgentExtensionString" time="26.344">
    <failure type="java.lang.AssertionError" message="expected [true] but found [false]">
      <![CDATA[java.lang.AssertionError: expected [true] but found [false]
at com.telemarket.pom.message.User.updateAgentExtensionNull(User.java:1044)
at com.telemarket.test.UserUpdateDataTest.updateAgentExtensionString(UserUpdateDataTest.java:388)
at java.base/java.util.ArrayList.forEach(ArrayList.java:1541)
... Removed 31 stack frames]]>
    </failure>
  </testcase> <!-- updateAgentExtensionString -->
  <testcase classname="com.telemarket.test.UserUpdateDataTest" name="updateAgentExtensionSpecialChar" time="26.234">
    <failure type="java.lang.AssertionError" message="expected [true] but found [false]">
      <![CDATA[java.lang.AssertionError: expected [true] but found [false]
at com.telemarket.pom.message.User.updateAgentExtensionNull(User.java:1044)
at com.telemarket.test.UserUpdateDataTest.updateAgentExtensionSpecialChar(UserUpdateDataTest.java:424)
at java.base/java.util.ArrayList.forEach(ArrayList.java:1541)
... Removed 31 stack frames]]>
    </failure>
  </testcase> <!-- updateAgentExtensionSpecialChar -->
  <testcase classname="com.telemarket.test.UserUpdateDataTest" name="updateAgentExtensionSameWithOther" time="26.193">
    <failure type="java.lang.AssertionError" message="expected [true] but found [false]">
      <![CDATA[java.lang.AssertionError: expected [true] but found [false]
at com.telemarket.pom.message.User.updateAgentExtensionNull(User.java:1044)
at com.telemarket.test.UserUpdateDataTest.updateAgentExtensionSameWithOther(UserUpdateDataTest.java:459)
at java.base/java.util.ArrayList.forEach(ArrayList.java:1541)
... Removed 31 stack frames]]>
    </failure>
  </testcase> <!-- updateAgentExtensionSameWithOther -->
  <testcase classname="com.telemarket.test.UserUpdateDataTest" name="updateAgentUsernameOnlyNumber" time="26.144">
    <failure type="java.lang.AssertionError" message="expected [true] but found [false]">
      <![CDATA[java.lang.AssertionError: expected [true] but found [false]
at com.telemarket.pom.message.User.updateAgentUsernameOnlyNumber(User.java:1143)
at com.telemarket.test.UserUpdateDataTest.updateAgentUsernameOnlyNumber(UserUpdateDataTest.java:495)
at java.base/java.util.ArrayList.forEach(ArrayList.java:1541)
... Removed 31 stack frames]]>
    </failure>
  </testcase> <!-- updateAgentUsernameOnlyNumber -->
  <testcase classname="com.telemarket.test.UserUpdateDataTest" name="updateAgentSameUsername" time="26.093">
    <failure type="java.lang.AssertionError" message="expected [true] but found [false]">
      <![CDATA[java.lang.AssertionError: expected [true] but found [false]
at com.telemarket.pom.message.User.updateAgentSameUsername(User.java:1193)
at com.telemarket.test.UserUpdateDataTest.updateAgentSameUsername(UserUpdateDataTest.java:530)
at java.base/java.util.ArrayList.forEach(ArrayList.java:1541)
... Removed 31 stack frames]]>
    </failure>
  </testcase> <!-- updateAgentSameUsername -->
  <testcase classname="com.telemarket.test.UserUpdateDataTest" name="updateAgentUsernameSpecialChar" time="26.273">
    <failure type="java.lang.AssertionError" message="expected [true] but found [false]">
      <![CDATA[java.lang.AssertionError: expected [true] but found [false]
at com.telemarket.pom.message.User.updateAgentUsernameOnlyNumber(User.java:1143)
at com.telemarket.test.UserUpdateDataTest.updateAgentUsernameSpecialChar(UserUpdateDataTest.java:567)
at java.base/java.util.ArrayList.forEach(ArrayList.java:1541)
... Removed 31 stack frames]]>
    </failure>
  </testcase> <!-- updateAgentUsernameSpecialChar -->
  <testcase classname="com.telemarket.test.UserUpdateDataTest" name="updateAgentUsernameNull" time="26.377">
    <failure type="java.lang.AssertionError" message="expected [true] but found [false]">
      <![CDATA[java.lang.AssertionError: expected [true] but found [false]
at com.telemarket.pom.message.User.updateAgentUsernameNull(User.java:1094)
at com.telemarket.test.UserUpdateDataTest.updateAgentUsernameNull(UserUpdateDataTest.java:604)
at java.base/java.util.ArrayList.forEach(ArrayList.java:1541)
... Removed 31 stack frames]]>
    </failure>
  </testcase> <!-- updateAgentUsernameNull -->
  <testcase classname="com.telemarket.test.UserUpdateDataTest" name="updateAgentCheckButton" time="16.167"/>
  <testcase classname="com.telemarket.test.UserUpdatePasswordAndDeleteUserTest" name="updatePassAgentNull" time="20.344"/>
  <testcase classname="com.telemarket.test.UserUpdatePasswordAndDeleteUserTest" name="updatePassNumber" time="16.32"/>
  <testcase classname="com.telemarket.test.UserUpdatePasswordAndDeleteUserTest" name="updatePassString" time="16.335"/>
  <testcase classname="com.telemarket.test.UserUpdatePasswordAndDeleteUserTest" name="updatePassSpecialChar" time="16.28"/>
  <testcase classname="com.telemarket.test.UserUpdatePasswordAndDeleteUserTest" name="checkButtonUpdatePage" time="16.302"/>
  <testcase classname="com.telemarket.test.UserUpdatePasswordAndDeleteUserTest" name="deleteUser" time="11.949"/>
  <testcase classname="com.telemarket.test.UserUpdatePasswordAndDeleteUserTest" name="cancelDeleteUser" time="11.972"/>
  <testcase classname="com.telemarket.test.UserResetPasswordTest" name="resetPassNullUser" time="19.291">
    <failure type="java.lang.AssertionError" message="expected [true] but found [false]">
      <![CDATA[java.lang.AssertionError: expected [true] but found [false]
at com.telemarket.pom.message.User.resetNullUser(User.java:715)
at com.telemarket.test.UserResetPasswordTest.resetPassNullUser(UserResetPasswordTest.java:74)
at java.base/java.util.ArrayList.forEach(ArrayList.java:1541)
... Removed 31 stack frames]]>
    </failure>
  </testcase> <!-- resetPassNullUser -->
  <testcase classname="com.telemarket.test.UserResetPasswordTest" name="resetPassOneUser" time="21.216"/>
  <testcase classname="com.telemarket.test.UserResetPasswordTest" name="resetPassTwoUser" time="22.239"/>
  <testcase classname="com.telemarket.test.UserResetPasswordTest" name="resetPassAllUser" time="26.596"/>
  <testcase classname="com.telemarket.test.UserResetPasswordTest" name="checkButtonUser" time="16.21"/>
</testsuite> <!-- User -->
